-- The C compiler identification is GNU 11.4.0
-- The CXX compiler identification is GNU 11.4.0
-- Detecting C compiler ABI info
-- Detecting C compiler ABI info - done
-- Check for working C compiler: /usr/bin/cc - skipped
-- Detecting C compile features
-- Detecting C compile features - done
-- Detecting CXX compiler ABI info
-- Detecting CXX compiler ABI info - done
-- Check for working CXX compiler: /usr/bin/c++ - skipped
-- Detecting CXX compile features
-- Detecting CXX compile features - done
-- Found ament_cmake: 1.3.12 (/opt/ros/humble/share/ament_cmake/cmake)
-- Found Python3: /usr/bin/python3 (found version "3.10.12") found components: Interpreter 
-- Found rclcpp: 16.0.15 (/opt/ros/humble/share/rclcpp/cmake)
-- Found rosidl_generator_c: 3.1.7 (/opt/ros/humble/share/rosidl_generator_c/cmake)
-- Found rosidl_adapter: 3.1.7 (/opt/ros/humble/share/rosidl_adapter/cmake)
-- Found rosidl_generator_cpp: 3.1.7 (/opt/ros/humble/share/rosidl_generator_cpp/cmake)
-- Using all available rosidl_typesupport_c: rosidl_typesupport_fastrtps_c;rosidl_typesupport_introspection_c
-- Using all available rosidl_typesupport_cpp: rosidl_typesupport_fastrtps_cpp;rosidl_typesupport_introspection_cpp
-- Found rmw_implementation_cmake: 6.1.2 (/opt/ros/humble/share/rmw_implementation_cmake/cmake)
-- Found rmw_fastrtps_cpp: 6.2.8 (/opt/ros/humble/share/rmw_fastrtps_cpp/cmake)
-- Found OpenSSL: /usr/lib/aarch64-linux-gnu/libcrypto.so (found version "3.0.2")  
-- Found FastRTPS: /opt/ros/humble/include  
-- Using RMW implementation 'rmw_fastrtps_cpp' as default
-- Looking for pthread.h
-- Looking for pthread.h - found
-- Performing Test CMAKE_HAVE_LIBC_PTHREAD
-- Performing Test CMAKE_HAVE_LIBC_PTHREAD - Success
-- Found Threads: TRUE  
-- Found radar_msgs: 0.2.1 (/opt/ros/humble/share/radar_msgs/cmake)
-- Found visualization_msgs: 4.9.0 (/opt/ros/humble/share/visualization_msgs/cmake)
WARNING: Package name "ARS408_driver" does not follow the naming conventions. It should start with a lower case letter and only contain lower case letters, digits, underscores, and dashes.
-- Configuring done
-- Generating done
-- Build files have been written to: /home/nvidia/work/device_ws/build/ARS408_driver
[ 25%] [32mBuilding CXX object CMakeFiles/ARS408_CAN_core.dir/src/ARS408_CAN_core.cpp.o[0m
[01m[K/home/nvidia/work/device_ws/src/ARS408_driver/src/ARS408_CAN_core.cpp:[m[K In member function ‘[01m[Kvoid ARS408_CAN::ARS408_Analyze_func()[m[K’:
[01m[K/home/nvidia/work/device_ws/src/ARS408_driver/src/ARS408_CAN_core.cpp:203:20:[m[K [01;35m[Kwarning: [m[Kcomparison of integer expressions of different signedness: ‘[01m[Kint[m[K’ and ‘[01m[Klong unsigned int[m[K’ [[01;35m[K]8;;https://gcc.gnu.org/onlinedocs/gcc/Warning-Options.html#index-Wsign-compare-Wsign-compare]8;;[m[K]
  203 |         if ([01;35m[Knbytes < sizeof(struct can_frame)[m[K) {
      |             [01;35m[K~~~~~~~^~~~~~~~~~~~~~~~~~~~~~~~~~[m[K
[ 50%] [32m[1mLinking CXX shared library libARS408_CAN_core.so[0m
[ 50%] Built target ARS408_CAN_core
[ 75%] [32mBuilding CXX object CMakeFiles/ARS408_CAN_node.dir/src/ARS408_CAN_node.cpp.o[0m
[100%] [32m[1mLinking CXX executable ARS408_CAN_node[0m
[100%] Built target ARS408_CAN_node
-- Install configuration: ""
-- Installing: /home/nvidia/work/device_ws/install/ARS408_driver/lib/libARS408_CAN_core.so
-- Set runtime path of "/home/nvidia/work/device_ws/install/ARS408_driver/lib/libARS408_CAN_core.so" to ""
-- Installing: /home/nvidia/work/device_ws/install/ARS408_driver/lib/ARS408_driver/ARS408_CAN_node
-- Set runtime path of "/home/nvidia/work/device_ws/install/ARS408_driver/lib/ARS408_driver/ARS408_CAN_node" to ""
-- Installing: /home/nvidia/work/device_ws/install/ARS408_driver/share/ARS408_driver/launch
-- Installing: /home/nvidia/work/device_ws/install/ARS408_driver/share/ARS408_driver/launch/ARS408_CAN_node.launch.xml
-- Installing: /home/nvidia/work/device_ws/install/ARS408_driver/share/ament_index/resource_index/package_run_dependencies/ARS408_driver
-- Installing: /home/nvidia/work/device_ws/install/ARS408_driver/share/ament_index/resource_index/parent_prefix_path/ARS408_driver
-- Installing: /home/nvidia/work/device_ws/install/ARS408_driver/share/ARS408_driver/environment/ament_prefix_path.sh
-- Installing: /home/nvidia/work/device_ws/install/ARS408_driver/share/ARS408_driver/environment/ament_prefix_path.dsv
-- Installing: /home/nvidia/work/device_ws/install/ARS408_driver/share/ARS408_driver/environment/path.sh
-- Installing: /home/nvidia/work/device_ws/install/ARS408_driver/share/ARS408_driver/environment/path.dsv
-- Installing: /home/nvidia/work/device_ws/install/ARS408_driver/share/ARS408_driver/local_setup.bash
-- Installing: /home/nvidia/work/device_ws/install/ARS408_driver/share/ARS408_driver/local_setup.sh
-- Installing: /home/nvidia/work/device_ws/install/ARS408_driver/share/ARS408_driver/local_setup.zsh
-- Installing: /home/nvidia/work/device_ws/install/ARS408_driver/share/ARS408_driver/local_setup.dsv
-- Installing: /home/nvidia/work/device_ws/install/ARS408_driver/share/ARS408_driver/package.dsv
-- Installing: /home/nvidia/work/device_ws/install/ARS408_driver/share/ament_index/resource_index/packages/ARS408_driver
-- Installing: /home/nvidia/work/device_ws/install/ARS408_driver/share/ARS408_driver/cmake/ARS408_driverConfig.cmake
-- Installing: /home/nvidia/work/device_ws/install/ARS408_driver/share/ARS408_driver/cmake/ARS408_driverConfig-version.cmake
-- Installing: /home/nvidia/work/device_ws/install/ARS408_driver/share/ARS408_driver/package.xml
