[0.026s] Invoking command in '/home/nvidia/work/device_ws/build/ARS408_driver': CMAKE_PREFIX_PATH=${CMAKE_PREFIX_PATH}:/home/nvidia/work/device_ws/install/sync_pkg:/opt/ros/humble /usr/bin/cmake /home/nvidia/work/device_ws/src/ARS408_driver -DCMAKE_INSTALL_PREFIX=/home/nvidia/work/device_ws/install/ARS408_driver
[0.158s] -- The C compiler identification is GNU 11.4.0
[0.256s] -- The CXX compiler identification is GNU 11.4.0
[0.271s] -- Detecting C compiler ABI info
[0.389s] -- Detecting C compiler ABI info - done
[0.410s] -- Check for working C compiler: /usr/bin/cc - skipped
[0.410s] -- Detecting C compile features
[0.411s] -- Detecting C compile features - done
[0.420s] -- Detecting CXX compiler ABI info
[0.560s] -- Detecting CXX compiler ABI info - done
[0.570s] -- Check for working CXX compiler: /usr/bin/c++ - skipped
[0.570s] -- Detecting CXX compile features
[0.571s] -- Detecting CXX compile features - done
[0.574s] -- Found ament_cmake: 1.3.12 (/opt/ros/humble/share/ament_cmake/cmake)
[0.847s] -- Found Python3: /usr/bin/python3 (found version "3.10.12") found components: Interpreter 
[1.024s] -- Found rclcpp: 16.0.15 (/opt/ros/humble/share/rclcpp/cmake)
[1.095s] -- Found rosidl_generator_c: 3.1.7 (/opt/ros/humble/share/rosidl_generator_c/cmake)
[1.101s] -- Found rosidl_adapter: 3.1.7 (/opt/ros/humble/share/rosidl_adapter/cmake)
[1.113s] -- Found rosidl_generator_cpp: 3.1.7 (/opt/ros/humble/share/rosidl_generator_cpp/cmake)
[1.133s] -- Using all available rosidl_typesupport_c: rosidl_typesupport_fastrtps_c;rosidl_typesupport_introspection_c
[1.161s] -- Using all available rosidl_typesupport_cpp: rosidl_typesupport_fastrtps_cpp;rosidl_typesupport_introspection_cpp
[1.232s] -- Found rmw_implementation_cmake: 6.1.2 (/opt/ros/humble/share/rmw_implementation_cmake/cmake)
[1.237s] -- Found rmw_fastrtps_cpp: 6.2.8 (/opt/ros/humble/share/rmw_fastrtps_cpp/cmake)
[1.364s] -- Found OpenSSL: /usr/lib/aarch64-linux-gnu/libcrypto.so (found version "3.0.2")  
[1.405s] -- Found FastRTPS: /opt/ros/humble/include  
[1.467s] -- Using RMW implementation 'rmw_fastrtps_cpp' as default
[1.482s] -- Looking for pthread.h
[1.610s] -- Looking for pthread.h - found
[1.610s] -- Performing Test CMAKE_HAVE_LIBC_PTHREAD
[1.742s] -- Performing Test CMAKE_HAVE_LIBC_PTHREAD - Success
[1.745s] -- Found Threads: TRUE  
[1.846s] -- Found radar_msgs: 0.2.1 (/opt/ros/humble/share/radar_msgs/cmake)
[1.910s] -- Found visualization_msgs: 4.9.0 (/opt/ros/humble/share/visualization_msgs/cmake)
[2.081s] WARNING: Package name "ARS408_driver" does not follow the naming conventions. It should start with a lower case letter and only contain lower case letters, digits, underscores, and dashes.
[2.109s] -- Configuring done
[2.148s] -- Generating done
[2.160s] -- Build files have been written to: /home/nvidia/work/device_ws/build/ARS408_driver
[2.183s] Invoked command in '/home/nvidia/work/device_ws/build/ARS408_driver' returned '0': CMAKE_PREFIX_PATH=${CMAKE_PREFIX_PATH}:/home/nvidia/work/device_ws/install/sync_pkg:/opt/ros/humble /usr/bin/cmake /home/nvidia/work/device_ws/src/ARS408_driver -DCMAKE_INSTALL_PREFIX=/home/nvidia/work/device_ws/install/ARS408_driver
[2.186s] Invoking command in '/home/nvidia/work/device_ws/build/ARS408_driver': CMAKE_PREFIX_PATH=${CMAKE_PREFIX_PATH}:/home/nvidia/work/device_ws/install/sync_pkg:/opt/ros/humble /usr/bin/cmake --build /home/nvidia/work/device_ws/build/ARS408_driver -- -j6 -l6
[2.267s] [ 25%] [32mBuilding CXX object CMakeFiles/ARS408_CAN_core.dir/src/ARS408_CAN_core.cpp.o[0m
[6.775s] [01m[K/home/nvidia/work/device_ws/src/ARS408_driver/src/ARS408_CAN_core.cpp:[m[K In member function ‘[01m[Kvoid ARS408_CAN::ARS408_Analyze_func()[m[K’:
[6.776s] [01m[K/home/nvidia/work/device_ws/src/ARS408_driver/src/ARS408_CAN_core.cpp:203:20:[m[K [01;35m[Kwarning: [m[Kcomparison of integer expressions of different signedness: ‘[01m[Kint[m[K’ and ‘[01m[Klong unsigned int[m[K’ [[01;35m[K]8;;https://gcc.gnu.org/onlinedocs/gcc/Warning-Options.html#index-Wsign-compare-Wsign-compare]8;;[m[K]
[6.776s]   203 |         if ([01;35m[Knbytes < sizeof(struct can_frame)[m[K) {
[6.776s]       |             [01;35m[K~~~~~~~^~~~~~~~~~~~~~~~~~~~~~~~~~[m[K
[11.998s] [ 50%] [32m[1mLinking CXX shared library libARS408_CAN_core.so[0m
[12.396s] [ 50%] Built target ARS408_CAN_core
[12.428s] [ 75%] [32mBuilding CXX object CMakeFiles/ARS408_CAN_node.dir/src/ARS408_CAN_node.cpp.o[0m
[17.830s] [100%] [32m[1mLinking CXX executable ARS408_CAN_node[0m
[18.122s] [100%] Built target ARS408_CAN_node
[18.142s] Invoked command in '/home/nvidia/work/device_ws/build/ARS408_driver' returned '0': CMAKE_PREFIX_PATH=${CMAKE_PREFIX_PATH}:/home/nvidia/work/device_ws/install/sync_pkg:/opt/ros/humble /usr/bin/cmake --build /home/nvidia/work/device_ws/build/ARS408_driver -- -j6 -l6
[18.144s] Invoking command in '/home/nvidia/work/device_ws/build/ARS408_driver': CMAKE_PREFIX_PATH=${CMAKE_PREFIX_PATH}:/home/nvidia/work/device_ws/install/sync_pkg:/opt/ros/humble /usr/bin/cmake --install /home/nvidia/work/device_ws/build/ARS408_driver
[18.158s] -- Install configuration: ""
[18.158s] -- Installing: /home/nvidia/work/device_ws/install/ARS408_driver/lib/libARS408_CAN_core.so
[18.164s] -- Set runtime path of "/home/nvidia/work/device_ws/install/ARS408_driver/lib/libARS408_CAN_core.so" to ""
[18.164s] -- Installing: /home/nvidia/work/device_ws/install/ARS408_driver/lib/ARS408_driver/ARS408_CAN_node
[18.165s] -- Set runtime path of "/home/nvidia/work/device_ws/install/ARS408_driver/lib/ARS408_driver/ARS408_CAN_node" to ""
[18.165s] -- Installing: /home/nvidia/work/device_ws/install/ARS408_driver/share/ARS408_driver/launch
[18.166s] -- Installing: /home/nvidia/work/device_ws/install/ARS408_driver/share/ARS408_driver/launch/ARS408_CAN_node.launch.xml
[18.166s] -- Installing: /home/nvidia/work/device_ws/install/ARS408_driver/share/ament_index/resource_index/package_run_dependencies/ARS408_driver
[18.166s] -- Installing: /home/nvidia/work/device_ws/install/ARS408_driver/share/ament_index/resource_index/parent_prefix_path/ARS408_driver
[18.167s] -- Installing: /home/nvidia/work/device_ws/install/ARS408_driver/share/ARS408_driver/environment/ament_prefix_path.sh
[18.167s] -- Installing: /home/nvidia/work/device_ws/install/ARS408_driver/share/ARS408_driver/environment/ament_prefix_path.dsv
[18.167s] -- Installing: /home/nvidia/work/device_ws/install/ARS408_driver/share/ARS408_driver/environment/path.sh
[18.168s] -- Installing: /home/nvidia/work/device_ws/install/ARS408_driver/share/ARS408_driver/environment/path.dsv
[18.168s] -- Installing: /home/nvidia/work/device_ws/install/ARS408_driver/share/ARS408_driver/local_setup.bash
[18.168s] -- Installing: /home/nvidia/work/device_ws/install/ARS408_driver/share/ARS408_driver/local_setup.sh
[18.168s] -- Installing: /home/nvidia/work/device_ws/install/ARS408_driver/share/ARS408_driver/local_setup.zsh
[18.169s] -- Installing: /home/nvidia/work/device_ws/install/ARS408_driver/share/ARS408_driver/local_setup.dsv
[18.169s] -- Installing: /home/nvidia/work/device_ws/install/ARS408_driver/share/ARS408_driver/package.dsv
[18.169s] -- Installing: /home/nvidia/work/device_ws/install/ARS408_driver/share/ament_index/resource_index/packages/ARS408_driver
[18.170s] -- Installing: /home/nvidia/work/device_ws/install/ARS408_driver/share/ARS408_driver/cmake/ARS408_driverConfig.cmake
[18.170s] -- Installing: /home/nvidia/work/device_ws/install/ARS408_driver/share/ARS408_driver/cmake/ARS408_driverConfig-version.cmake
[18.170s] -- Installing: /home/nvidia/work/device_ws/install/ARS408_driver/share/ARS408_driver/package.xml
[18.175s] Invoked command in '/home/nvidia/work/device_ws/build/ARS408_driver' returned '0': CMAKE_PREFIX_PATH=${CMAKE_PREFIX_PATH}:/home/nvidia/work/device_ws/install/sync_pkg:/opt/ros/humble /usr/bin/cmake --install /home/nvidia/work/device_ws/build/ARS408_driver
