[0.190s] DEBUG:colcon:Command line arguments: ['/usr/bin/colcon', 'build', '--packages-select', 'sensor_tf_publisher']
[0.191s] DEBUG:colcon:Parsed command line arguments: Namespace(log_base=None, log_level=None, verb_name='build', build_base='build', install_base='install', merge_install=False, symlink_install=False, test_result_base=None, continue_on_error=False, executor='parallel', parallel_workers=6, event_handlers=None, ignore_user_meta=False, metas=['./colcon.meta'], base_paths=['.'], packages_ignore=None, packages_ignore_regex=None, paths=None, packages_up_to=None, packages_up_to_regex=None, packages_above=None, packages_above_and_dependencies=None, packages_above_depth=None, packages_select_by_dep=None, packages_skip_by_dep=None, packages_skip_up_to=None, packages_select_build_failed=False, packages_skip_build_finished=False, packages_select_test_failures=False, packages_skip_test_passed=False, packages_select=['sensor_tf_publisher'], packages_skip=None, packages_select_regex=None, packages_skip_regex=None, packages_start=None, packages_end=None, allow_overriding=[], cmake_args=None, cmake_target=None, cmake_target_skip_unavailable=False, cmake_clean_cache=False, cmake_clean_first=False, cmake_force_configure=False, ament_cmake_args=None, catkin_cmake_args=None, catkin_skip_building_tests=False, verb_parser=<colcon_defaults.argument_parser.defaults.DefaultArgumentsDecorator object at 0xffff82423ee0>, verb_extension=<colcon_core.verb.build.BuildVerb object at 0xffff82423a90>, main=<bound method BuildVerb.main of <colcon_core.verb.build.BuildVerb object at 0xffff82423a90>>)
[0.452s] Level 1:colcon.colcon_core.package_discovery:discover_packages(colcon_meta) check parameters
[0.452s] Level 1:colcon.colcon_core.package_discovery:discover_packages(recursive) check parameters
[0.452s] Level 1:colcon.colcon_core.package_discovery:discover_packages(ignore) check parameters
[0.452s] Level 1:colcon.colcon_core.package_discovery:discover_packages(path) check parameters
[0.452s] Level 1:colcon.colcon_core.package_discovery:discover_packages(colcon_meta) discover
[0.452s] Level 1:colcon.colcon_core.package_discovery:discover_packages(recursive) discover
[0.452s] INFO:colcon.colcon_core.package_discovery:Crawling recursively for packages in '/home/nvidia/work/device_ws'
[0.452s] Level 1:colcon.colcon_core.package_identification:_identify(.) by extensions ['ignore', 'ignore_ament_install']
[0.453s] Level 1:colcon.colcon_core.package_identification:_identify(.) by extension 'ignore'
[0.453s] Level 1:colcon.colcon_core.package_identification:_identify(.) by extension 'ignore_ament_install'
[0.453s] Level 1:colcon.colcon_core.package_identification:_identify(.) by extensions ['colcon_pkg']
[0.453s] Level 1:colcon.colcon_core.package_identification:_identify(.) by extension 'colcon_pkg'
[0.453s] Level 1:colcon.colcon_core.package_identification:_identify(.) by extensions ['colcon_meta']
[0.453s] Level 1:colcon.colcon_core.package_identification:_identify(.) by extension 'colcon_meta'
[0.453s] Level 1:colcon.colcon_core.package_identification:_identify(.) by extensions ['ros']
[0.453s] Level 1:colcon.colcon_core.package_identification:_identify(.) by extension 'ros'
[0.472s] Level 1:colcon.colcon_core.package_identification:_identify(.) by extensions ['cmake', 'python']
[0.472s] Level 1:colcon.colcon_core.package_identification:_identify(.) by extension 'cmake'
[0.472s] Level 1:colcon.colcon_core.package_identification:_identify(.) by extension 'python'
[0.472s] Level 1:colcon.colcon_core.package_identification:_identify(.) by extensions ['python_setup_py']
[0.472s] Level 1:colcon.colcon_core.package_identification:_identify(.) by extension 'python_setup_py'
[0.473s] Level 1:colcon.colcon_core.package_identification:_identify(build) by extensions ['ignore', 'ignore_ament_install']
[0.473s] Level 1:colcon.colcon_core.package_identification:_identify(build) by extension 'ignore'
[0.473s] Level 1:colcon.colcon_core.package_identification:_identify(build) ignored
[0.473s] Level 1:colcon.colcon_core.package_identification:_identify(install) by extensions ['ignore', 'ignore_ament_install']
[0.473s] Level 1:colcon.colcon_core.package_identification:_identify(install) by extension 'ignore'
[0.474s] Level 1:colcon.colcon_core.package_identification:_identify(install) ignored
[0.474s] Level 1:colcon.colcon_core.package_identification:_identify(log) by extensions ['ignore', 'ignore_ament_install']
[0.474s] Level 1:colcon.colcon_core.package_identification:_identify(log) by extension 'ignore'
[0.474s] Level 1:colcon.colcon_core.package_identification:_identify(log) ignored
[0.474s] Level 1:colcon.colcon_core.package_identification:_identify(src) by extensions ['ignore', 'ignore_ament_install']
[0.474s] Level 1:colcon.colcon_core.package_identification:_identify(src) by extension 'ignore'
[0.474s] Level 1:colcon.colcon_core.package_identification:_identify(src) by extension 'ignore_ament_install'
[0.475s] Level 1:colcon.colcon_core.package_identification:_identify(src) by extensions ['colcon_pkg']
[0.475s] Level 1:colcon.colcon_core.package_identification:_identify(src) by extension 'colcon_pkg'
[0.475s] Level 1:colcon.colcon_core.package_identification:_identify(src) by extensions ['colcon_meta']
[0.475s] Level 1:colcon.colcon_core.package_identification:_identify(src) by extension 'colcon_meta'
[0.475s] Level 1:colcon.colcon_core.package_identification:_identify(src) by extensions ['ros']
[0.475s] Level 1:colcon.colcon_core.package_identification:_identify(src) by extension 'ros'
[0.475s] Level 1:colcon.colcon_core.package_identification:_identify(src) by extensions ['cmake', 'python']
[0.475s] Level 1:colcon.colcon_core.package_identification:_identify(src) by extension 'cmake'
[0.475s] Level 1:colcon.colcon_core.package_identification:_identify(src) by extension 'python'
[0.475s] Level 1:colcon.colcon_core.package_identification:_identify(src) by extensions ['python_setup_py']
[0.475s] Level 1:colcon.colcon_core.package_identification:_identify(src) by extension 'python_setup_py'
[0.476s] Level 1:colcon.colcon_core.package_identification:_identify(src/ARS408_driver) by extensions ['ignore', 'ignore_ament_install']
[0.476s] Level 1:colcon.colcon_core.package_identification:_identify(src/ARS408_driver) by extension 'ignore'
[0.476s] Level 1:colcon.colcon_core.package_identification:_identify(src/ARS408_driver) by extension 'ignore_ament_install'
[0.476s] Level 1:colcon.colcon_core.package_identification:_identify(src/ARS408_driver) by extensions ['colcon_pkg']
[0.476s] Level 1:colcon.colcon_core.package_identification:_identify(src/ARS408_driver) by extension 'colcon_pkg'
[0.476s] Level 1:colcon.colcon_core.package_identification:_identify(src/ARS408_driver) by extensions ['colcon_meta']
[0.476s] Level 1:colcon.colcon_core.package_identification:_identify(src/ARS408_driver) by extension 'colcon_meta'
[0.476s] Level 1:colcon.colcon_core.package_identification:_identify(src/ARS408_driver) by extensions ['ros']
[0.476s] Level 1:colcon.colcon_core.package_identification:_identify(src/ARS408_driver) by extension 'ros'
[0.482s] DEBUG:colcon.colcon_core.package_identification:Package 'src/ARS408_driver' with type 'ros.ament_cmake' and name 'ARS408_driver'
[0.482s] Level 1:colcon.colcon_core.package_identification:_identify(src/miivii_gmsl_camera) by extensions ['ignore', 'ignore_ament_install']
[0.482s] Level 1:colcon.colcon_core.package_identification:_identify(src/miivii_gmsl_camera) by extension 'ignore'
[0.483s] Level 1:colcon.colcon_core.package_identification:_identify(src/miivii_gmsl_camera) by extension 'ignore_ament_install'
[0.483s] Level 1:colcon.colcon_core.package_identification:_identify(src/miivii_gmsl_camera) by extensions ['colcon_pkg']
[0.483s] Level 1:colcon.colcon_core.package_identification:_identify(src/miivii_gmsl_camera) by extension 'colcon_pkg'
[0.483s] Level 1:colcon.colcon_core.package_identification:_identify(src/miivii_gmsl_camera) by extensions ['colcon_meta']
[0.483s] Level 1:colcon.colcon_core.package_identification:_identify(src/miivii_gmsl_camera) by extension 'colcon_meta'
[0.483s] Level 1:colcon.colcon_core.package_identification:_identify(src/miivii_gmsl_camera) by extensions ['ros']
[0.483s] Level 1:colcon.colcon_core.package_identification:_identify(src/miivii_gmsl_camera) by extension 'ros'
[0.483s] Level 1:colcon.colcon_core.package_identification:_identify(src/miivii_gmsl_camera) by extensions ['cmake', 'python']
[0.483s] Level 1:colcon.colcon_core.package_identification:_identify(src/miivii_gmsl_camera) by extension 'cmake'
[0.483s] Level 1:colcon.colcon_core.package_identification:_identify(src/miivii_gmsl_camera) by extension 'python'
[0.484s] Level 1:colcon.colcon_core.package_identification:_identify(src/miivii_gmsl_camera) by extensions ['python_setup_py']
[0.484s] Level 1:colcon.colcon_core.package_identification:_identify(src/miivii_gmsl_camera) by extension 'python_setup_py'
[0.484s] Level 1:colcon.colcon_core.package_identification:_identify(src/miivii_gmsl_camera/images) by extensions ['ignore', 'ignore_ament_install']
[0.484s] Level 1:colcon.colcon_core.package_identification:_identify(src/miivii_gmsl_camera/images) by extension 'ignore'
[0.484s] Level 1:colcon.colcon_core.package_identification:_identify(src/miivii_gmsl_camera/images) by extension 'ignore_ament_install'
[0.484s] Level 1:colcon.colcon_core.package_identification:_identify(src/miivii_gmsl_camera/images) by extensions ['colcon_pkg']
[0.484s] Level 1:colcon.colcon_core.package_identification:_identify(src/miivii_gmsl_camera/images) by extension 'colcon_pkg'
[0.484s] Level 1:colcon.colcon_core.package_identification:_identify(src/miivii_gmsl_camera/images) by extensions ['colcon_meta']
[0.484s] Level 1:colcon.colcon_core.package_identification:_identify(src/miivii_gmsl_camera/images) by extension 'colcon_meta'
[0.484s] Level 1:colcon.colcon_core.package_identification:_identify(src/miivii_gmsl_camera/images) by extensions ['ros']
[0.484s] Level 1:colcon.colcon_core.package_identification:_identify(src/miivii_gmsl_camera/images) by extension 'ros'
[0.485s] Level 1:colcon.colcon_core.package_identification:_identify(src/miivii_gmsl_camera/images) by extensions ['cmake', 'python']
[0.485s] Level 1:colcon.colcon_core.package_identification:_identify(src/miivii_gmsl_camera/images) by extension 'cmake'
[0.485s] Level 1:colcon.colcon_core.package_identification:_identify(src/miivii_gmsl_camera/images) by extension 'python'
[0.485s] Level 1:colcon.colcon_core.package_identification:_identify(src/miivii_gmsl_camera/images) by extensions ['python_setup_py']
[0.485s] Level 1:colcon.colcon_core.package_identification:_identify(src/miivii_gmsl_camera/images) by extension 'python_setup_py'
[0.485s] Level 1:colcon.colcon_core.package_identification:_identify(src/miivii_gmsl_camera/miivii_gmsl_ros) by extensions ['ignore', 'ignore_ament_install']
[0.485s] Level 1:colcon.colcon_core.package_identification:_identify(src/miivii_gmsl_camera/miivii_gmsl_ros) by extension 'ignore'
[0.485s] Level 1:colcon.colcon_core.package_identification:_identify(src/miivii_gmsl_camera/miivii_gmsl_ros) by extension 'ignore_ament_install'
[0.485s] Level 1:colcon.colcon_core.package_identification:_identify(src/miivii_gmsl_camera/miivii_gmsl_ros) by extensions ['colcon_pkg']
[0.485s] Level 1:colcon.colcon_core.package_identification:_identify(src/miivii_gmsl_camera/miivii_gmsl_ros) by extension 'colcon_pkg'
[0.486s] Level 1:colcon.colcon_core.package_identification:_identify(src/miivii_gmsl_camera/miivii_gmsl_ros) by extensions ['colcon_meta']
[0.486s] Level 1:colcon.colcon_core.package_identification:_identify(src/miivii_gmsl_camera/miivii_gmsl_ros) by extension 'colcon_meta'
[0.486s] Level 1:colcon.colcon_core.package_identification:_identify(src/miivii_gmsl_camera/miivii_gmsl_ros) by extensions ['ros']
[0.486s] Level 1:colcon.colcon_core.package_identification:_identify(src/miivii_gmsl_camera/miivii_gmsl_ros) by extension 'ros'
[0.487s] DEBUG:colcon.colcon_core.package_identification:Package 'src/miivii_gmsl_camera/miivii_gmsl_ros' with type 'ros.ament_cmake' and name 'miivii_gmsl_camera'
[0.488s] Level 1:colcon.colcon_core.package_identification:_identify(src/rslidar_msg) by extensions ['ignore', 'ignore_ament_install']
[0.488s] Level 1:colcon.colcon_core.package_identification:_identify(src/rslidar_msg) by extension 'ignore'
[0.488s] Level 1:colcon.colcon_core.package_identification:_identify(src/rslidar_msg) by extension 'ignore_ament_install'
[0.488s] Level 1:colcon.colcon_core.package_identification:_identify(src/rslidar_msg) by extensions ['colcon_pkg']
[0.488s] Level 1:colcon.colcon_core.package_identification:_identify(src/rslidar_msg) by extension 'colcon_pkg'
[0.488s] Level 1:colcon.colcon_core.package_identification:_identify(src/rslidar_msg) by extensions ['colcon_meta']
[0.488s] Level 1:colcon.colcon_core.package_identification:_identify(src/rslidar_msg) by extension 'colcon_meta'
[0.488s] Level 1:colcon.colcon_core.package_identification:_identify(src/rslidar_msg) by extensions ['ros']
[0.488s] Level 1:colcon.colcon_core.package_identification:_identify(src/rslidar_msg) by extension 'ros'
[0.490s] DEBUG:colcon.colcon_core.package_identification:Package 'src/rslidar_msg' with type 'ros.ament_cmake' and name 'rslidar_msg'
[0.490s] Level 1:colcon.colcon_core.package_identification:_identify(src/rslidar_sdk) by extensions ['ignore', 'ignore_ament_install']
[0.490s] Level 1:colcon.colcon_core.package_identification:_identify(src/rslidar_sdk) by extension 'ignore'
[0.490s] Level 1:colcon.colcon_core.package_identification:_identify(src/rslidar_sdk) by extension 'ignore_ament_install'
[0.490s] Level 1:colcon.colcon_core.package_identification:_identify(src/rslidar_sdk) by extensions ['colcon_pkg']
[0.490s] Level 1:colcon.colcon_core.package_identification:_identify(src/rslidar_sdk) by extension 'colcon_pkg'
[0.490s] Level 1:colcon.colcon_core.package_identification:_identify(src/rslidar_sdk) by extensions ['colcon_meta']
[0.490s] Level 1:colcon.colcon_core.package_identification:_identify(src/rslidar_sdk) by extension 'colcon_meta'
[0.491s] Level 1:colcon.colcon_core.package_identification:_identify(src/rslidar_sdk) by extensions ['ros']
[0.491s] Level 1:colcon.colcon_core.package_identification:_identify(src/rslidar_sdk) by extension 'ros'
[0.500s] DEBUG:colcon.colcon_core.package_identification:Package 'src/rslidar_sdk' with type 'ros.ament_cmake' and name 'rslidar_sdk'
[0.501s] Level 1:colcon.colcon_core.package_identification:_identify(src/sensor_tf_publisher) by extensions ['ignore', 'ignore_ament_install']
[0.501s] Level 1:colcon.colcon_core.package_identification:_identify(src/sensor_tf_publisher) by extension 'ignore'
[0.501s] Level 1:colcon.colcon_core.package_identification:_identify(src/sensor_tf_publisher) by extension 'ignore_ament_install'
[0.501s] Level 1:colcon.colcon_core.package_identification:_identify(src/sensor_tf_publisher) by extensions ['colcon_pkg']
[0.501s] Level 1:colcon.colcon_core.package_identification:_identify(src/sensor_tf_publisher) by extension 'colcon_pkg'
[0.501s] Level 1:colcon.colcon_core.package_identification:_identify(src/sensor_tf_publisher) by extensions ['colcon_meta']
[0.501s] Level 1:colcon.colcon_core.package_identification:_identify(src/sensor_tf_publisher) by extension 'colcon_meta'
[0.502s] Level 1:colcon.colcon_core.package_identification:_identify(src/sensor_tf_publisher) by extensions ['ros']
[0.502s] Level 1:colcon.colcon_core.package_identification:_identify(src/sensor_tf_publisher) by extension 'ros'
[0.503s] DEBUG:colcon.colcon_core.package_identification:Package 'src/sensor_tf_publisher' with type 'ros.ament_python' and name 'sensor_tf_publisher'
[0.503s] Level 1:colcon.colcon_core.package_identification:_identify(src/sync_pkg) by extensions ['ignore', 'ignore_ament_install']
[0.503s] Level 1:colcon.colcon_core.package_identification:_identify(src/sync_pkg) by extension 'ignore'
[0.504s] Level 1:colcon.colcon_core.package_identification:_identify(src/sync_pkg) by extension 'ignore_ament_install'
[0.504s] Level 1:colcon.colcon_core.package_identification:_identify(src/sync_pkg) by extensions ['colcon_pkg']
[0.504s] Level 1:colcon.colcon_core.package_identification:_identify(src/sync_pkg) by extension 'colcon_pkg'
[0.504s] Level 1:colcon.colcon_core.package_identification:_identify(src/sync_pkg) by extensions ['colcon_meta']
[0.504s] Level 1:colcon.colcon_core.package_identification:_identify(src/sync_pkg) by extension 'colcon_meta'
[0.504s] Level 1:colcon.colcon_core.package_identification:_identify(src/sync_pkg) by extensions ['ros']
[0.504s] Level 1:colcon.colcon_core.package_identification:_identify(src/sync_pkg) by extension 'ros'
[0.506s] DEBUG:colcon.colcon_core.package_identification:Package 'src/sync_pkg' with type 'ros.ament_python' and name 'sync_pkg'
[0.506s] Level 1:colcon.colcon_core.package_discovery:discover_packages(recursive) using defaults
[0.506s] Level 1:colcon.colcon_core.package_discovery:discover_packages(ignore) discover
[0.506s] Level 1:colcon.colcon_core.package_discovery:discover_packages(ignore) using defaults
[0.506s] Level 1:colcon.colcon_core.package_discovery:discover_packages(path) discover
[0.506s] Level 1:colcon.colcon_core.package_discovery:discover_packages(path) using defaults
[0.572s] INFO:colcon.colcon_core.package_selection:Skipping not selected package 'ARS408_driver' in 'src/ARS408_driver'
[0.573s] INFO:colcon.colcon_core.package_selection:Skipping not selected package 'miivii_gmsl_camera' in 'src/miivii_gmsl_camera/miivii_gmsl_ros'
[0.573s] INFO:colcon.colcon_core.package_selection:Skipping not selected package 'rslidar_msg' in 'src/rslidar_msg'
[0.573s] INFO:colcon.colcon_core.package_selection:Skipping not selected package 'sync_pkg' in 'src/sync_pkg'
[0.573s] INFO:colcon.colcon_core.package_selection:Skipping not selected package 'rslidar_sdk' in 'src/rslidar_sdk'
[0.574s] Level 1:colcon.colcon_core.package_discovery:discover_packages(prefix_path) check parameters
[0.574s] Level 1:colcon.colcon_core.package_discovery:discover_packages(prefix_path) discover
[0.578s] DEBUG:colcon.colcon_installed_package_information.package_discovery:Found 255 installed packages in /opt/ros/humble
[0.580s] Level 1:colcon.colcon_core.package_discovery:discover_packages(prefix_path) using defaults
[0.633s] Level 5:colcon.colcon_core.verb:set package 'sensor_tf_publisher' build argument 'cmake_args' from command line to 'None'
[0.633s] Level 5:colcon.colcon_core.verb:set package 'sensor_tf_publisher' build argument 'cmake_target' from command line to 'None'
[0.633s] Level 5:colcon.colcon_core.verb:set package 'sensor_tf_publisher' build argument 'cmake_target_skip_unavailable' from command line to 'False'
[0.633s] Level 5:colcon.colcon_core.verb:set package 'sensor_tf_publisher' build argument 'cmake_clean_cache' from command line to 'False'
[0.633s] Level 5:colcon.colcon_core.verb:set package 'sensor_tf_publisher' build argument 'cmake_clean_first' from command line to 'False'
[0.633s] Level 5:colcon.colcon_core.verb:set package 'sensor_tf_publisher' build argument 'cmake_force_configure' from command line to 'False'
[0.633s] Level 5:colcon.colcon_core.verb:set package 'sensor_tf_publisher' build argument 'ament_cmake_args' from command line to 'None'
[0.633s] Level 5:colcon.colcon_core.verb:set package 'sensor_tf_publisher' build argument 'catkin_cmake_args' from command line to 'None'
[0.633s] Level 5:colcon.colcon_core.verb:set package 'sensor_tf_publisher' build argument 'catkin_skip_building_tests' from command line to 'False'
[0.633s] DEBUG:colcon.colcon_core.verb:Building package 'sensor_tf_publisher' with the following arguments: {'ament_cmake_args': None, 'build_base': '/home/nvidia/work/device_ws/build/sensor_tf_publisher', 'catkin_cmake_args': None, 'catkin_skip_building_tests': False, 'cmake_args': None, 'cmake_clean_cache': False, 'cmake_clean_first': False, 'cmake_force_configure': False, 'cmake_target': None, 'cmake_target_skip_unavailable': False, 'install_base': '/home/nvidia/work/device_ws/install/sensor_tf_publisher', 'merge_install': False, 'path': '/home/nvidia/work/device_ws/src/sensor_tf_publisher', 'symlink_install': False, 'test_result_base': None}
[0.634s] INFO:colcon.colcon_core.executor:Executing jobs using 'parallel' executor
[0.635s] DEBUG:colcon.colcon_parallel_executor.executor.parallel:run_until_complete
[0.636s] INFO:colcon.colcon_ros.task.ament_python.build:Building ROS package in '/home/nvidia/work/device_ws/src/sensor_tf_publisher' with build type 'ament_python'
[0.636s] Level 1:colcon.colcon_core.shell:create_environment_hook('sensor_tf_publisher', 'ament_prefix_path')
[0.640s] INFO:colcon.colcon_core.plugin_system:Skipping extension 'colcon_core.shell.bat': Not used on non-Windows systems
[0.640s] INFO:colcon.colcon_core.shell:Creating environment hook '/home/nvidia/work/device_ws/install/sensor_tf_publisher/share/sensor_tf_publisher/hook/ament_prefix_path.ps1'
[0.641s] INFO:colcon.colcon_core.shell:Creating environment descriptor '/home/nvidia/work/device_ws/install/sensor_tf_publisher/share/sensor_tf_publisher/hook/ament_prefix_path.dsv'
[0.642s] INFO:colcon.colcon_core.shell:Creating environment hook '/home/nvidia/work/device_ws/install/sensor_tf_publisher/share/sensor_tf_publisher/hook/ament_prefix_path.sh'
[0.644s] INFO:colcon.colcon_core.shell:Skip shell extension 'powershell' for command environment: Not usable outside of PowerShell
[0.644s] DEBUG:colcon.colcon_core.shell:Skip shell extension 'dsv' for command environment
[1.071s] INFO:colcon.colcon_core.task.python.build:Building Python package in '/home/nvidia/work/device_ws/src/sensor_tf_publisher'
[1.072s] INFO:colcon.colcon_core.shell:Skip shell extension 'powershell' for command environment: Not usable outside of PowerShell
[1.072s] DEBUG:colcon.colcon_core.shell:Skip shell extension 'dsv' for command environment
[1.643s] DEBUG:colcon.colcon_core.event_handler.log_command:Invoking command in '/home/nvidia/work/device_ws/src/sensor_tf_publisher': PYTHONPATH=/home/nvidia/work/device_ws/build/sensor_tf_publisher/prefix_override:/usr/lib/python3/dist-packages/colcon_core/task/python/colcon_distutils_commands:/home/nvidia/work/device_ws/install/sensor_tf_publisher/lib/python3.10/site-packages:${PYTHONPATH} /usr/bin/python3 -W ignore:setup.py install is deprecated -W ignore:easy_install command is deprecated setup.py egg_info --egg-base ../../build/sensor_tf_publisher build --build-base /home/nvidia/work/device_ws/build/sensor_tf_publisher/build install --record /home/nvidia/work/device_ws/build/sensor_tf_publisher/install.log --single-version-externally-managed install_data
[2.142s] DEBUG:colcon.colcon_core.event_handler.log_command:Invoked command in '/home/nvidia/work/device_ws/src/sensor_tf_publisher' returned '0': PYTHONPATH=/home/nvidia/work/device_ws/build/sensor_tf_publisher/prefix_override:/usr/lib/python3/dist-packages/colcon_core/task/python/colcon_distutils_commands:/home/nvidia/work/device_ws/install/sensor_tf_publisher/lib/python3.10/site-packages:${PYTHONPATH} /usr/bin/python3 -W ignore:setup.py install is deprecated -W ignore:easy_install command is deprecated setup.py egg_info --egg-base ../../build/sensor_tf_publisher build --build-base /home/nvidia/work/device_ws/build/sensor_tf_publisher/build install --record /home/nvidia/work/device_ws/build/sensor_tf_publisher/install.log --single-version-externally-managed install_data
[2.146s] Level 1:colcon.colcon_core.environment:checking '/home/nvidia/work/device_ws/install/sensor_tf_publisher' for CMake module files
[2.148s] Level 1:colcon.colcon_core.environment:checking '/home/nvidia/work/device_ws/install/sensor_tf_publisher' for CMake config files
[2.149s] Level 1:colcon.colcon_core.environment:checking '/home/nvidia/work/device_ws/install/sensor_tf_publisher/lib'
[2.150s] Level 1:colcon.colcon_core.environment:checking '/home/nvidia/work/device_ws/install/sensor_tf_publisher/bin'
[2.150s] Level 1:colcon.colcon_core.environment:checking '/home/nvidia/work/device_ws/install/sensor_tf_publisher/lib/pkgconfig/sensor_tf_publisher.pc'
[2.151s] Level 1:colcon.colcon_core.environment:checking '/home/nvidia/work/device_ws/install/sensor_tf_publisher/lib/python3.10/site-packages'
[2.151s] Level 1:colcon.colcon_core.shell:create_environment_hook('sensor_tf_publisher', 'pythonpath')
[2.151s] INFO:colcon.colcon_core.shell:Creating environment hook '/home/nvidia/work/device_ws/install/sensor_tf_publisher/share/sensor_tf_publisher/hook/pythonpath.ps1'
[2.153s] INFO:colcon.colcon_core.shell:Creating environment descriptor '/home/nvidia/work/device_ws/install/sensor_tf_publisher/share/sensor_tf_publisher/hook/pythonpath.dsv'
[2.153s] INFO:colcon.colcon_core.shell:Creating environment hook '/home/nvidia/work/device_ws/install/sensor_tf_publisher/share/sensor_tf_publisher/hook/pythonpath.sh'
[2.154s] Level 1:colcon.colcon_core.environment:checking '/home/nvidia/work/device_ws/install/sensor_tf_publisher/bin'
[2.155s] Level 1:colcon.colcon_core.environment:create_environment_scripts_only(sensor_tf_publisher)
[2.155s] INFO:colcon.colcon_core.shell:Creating package script '/home/nvidia/work/device_ws/install/sensor_tf_publisher/share/sensor_tf_publisher/package.ps1'
[2.157s] INFO:colcon.colcon_core.shell:Creating package descriptor '/home/nvidia/work/device_ws/install/sensor_tf_publisher/share/sensor_tf_publisher/package.dsv'
[2.158s] INFO:colcon.colcon_core.shell:Creating package script '/home/nvidia/work/device_ws/install/sensor_tf_publisher/share/sensor_tf_publisher/package.sh'
[2.160s] INFO:colcon.colcon_core.shell:Creating package script '/home/nvidia/work/device_ws/install/sensor_tf_publisher/share/sensor_tf_publisher/package.bash'
[2.162s] INFO:colcon.colcon_core.shell:Creating package script '/home/nvidia/work/device_ws/install/sensor_tf_publisher/share/sensor_tf_publisher/package.zsh'
[2.164s] Level 1:colcon.colcon_core.environment:create_file_with_runtime_dependencies(/home/nvidia/work/device_ws/install/sensor_tf_publisher/share/colcon-core/packages/sensor_tf_publisher)
[2.164s] DEBUG:colcon.colcon_parallel_executor.executor.parallel:closing loop
[2.165s] DEBUG:colcon.colcon_parallel_executor.executor.parallel:loop closed
[2.166s] DEBUG:colcon.colcon_parallel_executor.executor.parallel:run_until_complete finished with '0'
[2.166s] DEBUG:colcon.colcon_core.event_reactor:joining thread
[2.178s] INFO:colcon.colcon_core.plugin_system:Skipping extension 'colcon_notification.desktop_notification.terminal_notifier': Not used on non-Darwin systems
[2.178s] INFO:colcon.colcon_core.plugin_system:Skipping extension 'colcon_notification.desktop_notification.win32': Not used on non-Windows systems
[2.179s] INFO:colcon.colcon_notification.desktop_notification:Sending desktop notification using 'notify2'
[2.215s] DEBUG:colcon.colcon_core.event_reactor:joined thread
[2.216s] INFO:colcon.colcon_core.shell:Creating prefix script '/home/nvidia/work/device_ws/install/local_setup.ps1'
[2.219s] INFO:colcon.colcon_core.shell:Creating prefix util module '/home/nvidia/work/device_ws/install/_local_setup_util_ps1.py'
[2.222s] INFO:colcon.colcon_core.shell:Creating prefix chain script '/home/nvidia/work/device_ws/install/setup.ps1'
[2.226s] INFO:colcon.colcon_core.shell:Creating prefix script '/home/nvidia/work/device_ws/install/local_setup.sh'
[2.228s] INFO:colcon.colcon_core.shell:Creating prefix util module '/home/nvidia/work/device_ws/install/_local_setup_util_sh.py'
[2.229s] INFO:colcon.colcon_core.shell:Creating prefix chain script '/home/nvidia/work/device_ws/install/setup.sh'
[2.232s] INFO:colcon.colcon_core.shell:Creating prefix script '/home/nvidia/work/device_ws/install/local_setup.bash'
[2.233s] INFO:colcon.colcon_core.shell:Creating prefix chain script '/home/nvidia/work/device_ws/install/setup.bash'
[2.236s] INFO:colcon.colcon_core.shell:Creating prefix script '/home/nvidia/work/device_ws/install/local_setup.zsh'
[2.237s] INFO:colcon.colcon_core.shell:Creating prefix chain script '/home/nvidia/work/device_ws/install/setup.zsh'
