running egg_info
creating ../../build/sensor_tf_publisher/sensor_tf_publisher.egg-info
writing ../../build/sensor_tf_publisher/sensor_tf_publisher.egg-info/PKG-INFO
writing dependency_links to ../../build/sensor_tf_publisher/sensor_tf_publisher.egg-info/dependency_links.txt
writing entry points to ../../build/sensor_tf_publisher/sensor_tf_publisher.egg-info/entry_points.txt
writing requirements to ../../build/sensor_tf_publisher/sensor_tf_publisher.egg-info/requires.txt
writing top-level names to ../../build/sensor_tf_publisher/sensor_tf_publisher.egg-info/top_level.txt
writing manifest file '../../build/sensor_tf_publisher/sensor_tf_publisher.egg-info/SOURCES.txt'
reading manifest file '../../build/sensor_tf_publisher/sensor_tf_publisher.egg-info/SOURCES.txt'
writing manifest file '../../build/sensor_tf_publisher/sensor_tf_publisher.egg-info/SOURCES.txt'
running build
running build_py
creating /home/nvidia/work/device_ws/build/sensor_tf_publisher/build
creating /home/nvidia/work/device_ws/build/sensor_tf_publisher/build/lib
creating /home/nvidia/work/device_ws/build/sensor_tf_publisher/build/lib/sensor_tf_publisher
copying sensor_tf_publisher/__init__.py -> /home/nvidia/work/device_ws/build/sensor_tf_publisher/build/lib/sensor_tf_publisher
copying sensor_tf_publisher/static_tf_publisher.py -> /home/nvidia/work/device_ws/build/sensor_tf_publisher/build/lib/sensor_tf_publisher
running install
running install_lib
creating /home/nvidia/work/device_ws/install/sensor_tf_publisher/lib/python3.10/site-packages/sensor_tf_publisher
copying /home/nvidia/work/device_ws/build/sensor_tf_publisher/build/lib/sensor_tf_publisher/__init__.py -> /home/nvidia/work/device_ws/install/sensor_tf_publisher/lib/python3.10/site-packages/sensor_tf_publisher
copying /home/nvidia/work/device_ws/build/sensor_tf_publisher/build/lib/sensor_tf_publisher/static_tf_publisher.py -> /home/nvidia/work/device_ws/install/sensor_tf_publisher/lib/python3.10/site-packages/sensor_tf_publisher
byte-compiling /home/nvidia/work/device_ws/install/sensor_tf_publisher/lib/python3.10/site-packages/sensor_tf_publisher/__init__.py to __init__.cpython-310.pyc
byte-compiling /home/nvidia/work/device_ws/install/sensor_tf_publisher/lib/python3.10/site-packages/sensor_tf_publisher/static_tf_publisher.py to static_tf_publisher.cpython-310.pyc
running install_data
creating /home/nvidia/work/device_ws/install/sensor_tf_publisher/share/ament_index
creating /home/nvidia/work/device_ws/install/sensor_tf_publisher/share/ament_index/resource_index
creating /home/nvidia/work/device_ws/install/sensor_tf_publisher/share/ament_index/resource_index/packages
copying resource/sensor_tf_publisher -> /home/nvidia/work/device_ws/install/sensor_tf_publisher/share/ament_index/resource_index/packages
copying package.xml -> /home/nvidia/work/device_ws/install/sensor_tf_publisher/share/sensor_tf_publisher
creating /home/nvidia/work/device_ws/install/sensor_tf_publisher/share/sensor_tf_publisher/launch
copying launch/all_sensors.launch.py -> /home/nvidia/work/device_ws/install/sensor_tf_publisher/share/sensor_tf_publisher/launch
copying launch/sensor_tf.launch.py -> /home/nvidia/work/device_ws/install/sensor_tf_publisher/share/sensor_tf_publisher/launch
running install_egg_info
Copying ../../build/sensor_tf_publisher/sensor_tf_publisher.egg-info to /home/nvidia/work/device_ws/install/sensor_tf_publisher/lib/python3.10/site-packages/sensor_tf_publisher-1.0.0-py3.10.egg-info
running install_scripts
Installing static_tf_publisher script to /home/nvidia/work/device_ws/install/sensor_tf_publisher/lib/sensor_tf_publisher
writing list of installed files to '/home/nvidia/work/device_ws/build/sensor_tf_publisher/install.log'
