[1.151s] Invoking command in '/home/nvidia/work/device_ws/src/sensor_tf_publisher': PYTHONPATH=/home/nvidia/work/device_ws/build/sensor_tf_publisher/prefix_override:/usr/lib/python3/dist-packages/colcon_core/task/python/colcon_distutils_commands:/home/nvidia/work/device_ws/install/sensor_tf_publisher/lib/python3.10/site-packages:${PYTHONPATH} /usr/bin/python3 -W ignore:setup.py install is deprecated -W ignore:easy_install command is deprecated setup.py egg_info --egg-base ../../build/sensor_tf_publisher build --build-base /home/nvidia/work/device_ws/build/sensor_tf_publisher/build install --record /home/nvidia/work/device_ws/build/sensor_tf_publisher/install.log --single-version-externally-managed install_data
[1.537s] running egg_info
[1.539s] creating ../../build/sensor_tf_publisher/sensor_tf_publisher.egg-info
[1.539s] writing ../../build/sensor_tf_publisher/sensor_tf_publisher.egg-info/PKG-INFO
[1.540s] writing dependency_links to ../../build/sensor_tf_publisher/sensor_tf_publisher.egg-info/dependency_links.txt
[1.540s] writing entry points to ../../build/sensor_tf_publisher/sensor_tf_publisher.egg-info/entry_points.txt
[1.540s] writing requirements to ../../build/sensor_tf_publisher/sensor_tf_publisher.egg-info/requires.txt
[1.540s] writing top-level names to ../../build/sensor_tf_publisher/sensor_tf_publisher.egg-info/top_level.txt
[1.540s] writing manifest file '../../build/sensor_tf_publisher/sensor_tf_publisher.egg-info/SOURCES.txt'
[1.543s] reading manifest file '../../build/sensor_tf_publisher/sensor_tf_publisher.egg-info/SOURCES.txt'
[1.544s] writing manifest file '../../build/sensor_tf_publisher/sensor_tf_publisher.egg-info/SOURCES.txt'
[1.545s] running build
[1.545s] running build_py
[1.545s] creating /home/nvidia/work/device_ws/build/sensor_tf_publisher/build
[1.546s] creating /home/nvidia/work/device_ws/build/sensor_tf_publisher/build/lib
[1.546s] creating /home/nvidia/work/device_ws/build/sensor_tf_publisher/build/lib/sensor_tf_publisher
[1.546s] copying sensor_tf_publisher/__init__.py -> /home/nvidia/work/device_ws/build/sensor_tf_publisher/build/lib/sensor_tf_publisher
[1.546s] copying sensor_tf_publisher/static_tf_publisher.py -> /home/nvidia/work/device_ws/build/sensor_tf_publisher/build/lib/sensor_tf_publisher
[1.547s] running install
[1.547s] running install_lib
[1.548s] creating /home/nvidia/work/device_ws/install/sensor_tf_publisher/lib/python3.10/site-packages/sensor_tf_publisher
[1.548s] copying /home/nvidia/work/device_ws/build/sensor_tf_publisher/build/lib/sensor_tf_publisher/__init__.py -> /home/nvidia/work/device_ws/install/sensor_tf_publisher/lib/python3.10/site-packages/sensor_tf_publisher
[1.548s] copying /home/nvidia/work/device_ws/build/sensor_tf_publisher/build/lib/sensor_tf_publisher/static_tf_publisher.py -> /home/nvidia/work/device_ws/install/sensor_tf_publisher/lib/python3.10/site-packages/sensor_tf_publisher
[1.549s] byte-compiling /home/nvidia/work/device_ws/install/sensor_tf_publisher/lib/python3.10/site-packages/sensor_tf_publisher/__init__.py to __init__.cpython-310.pyc
[1.550s] byte-compiling /home/nvidia/work/device_ws/install/sensor_tf_publisher/lib/python3.10/site-packages/sensor_tf_publisher/static_tf_publisher.py to static_tf_publisher.cpython-310.pyc
[1.552s] running install_data
[1.552s] creating /home/nvidia/work/device_ws/install/sensor_tf_publisher/share/ament_index
[1.552s] creating /home/nvidia/work/device_ws/install/sensor_tf_publisher/share/ament_index/resource_index
[1.552s] creating /home/nvidia/work/device_ws/install/sensor_tf_publisher/share/ament_index/resource_index/packages
[1.552s] copying resource/sensor_tf_publisher -> /home/nvidia/work/device_ws/install/sensor_tf_publisher/share/ament_index/resource_index/packages
[1.553s] copying package.xml -> /home/nvidia/work/device_ws/install/sensor_tf_publisher/share/sensor_tf_publisher
[1.553s] creating /home/nvidia/work/device_ws/install/sensor_tf_publisher/share/sensor_tf_publisher/launch
[1.553s] copying launch/all_sensors.launch.py -> /home/nvidia/work/device_ws/install/sensor_tf_publisher/share/sensor_tf_publisher/launch
[1.553s] copying launch/sensor_tf.launch.py -> /home/nvidia/work/device_ws/install/sensor_tf_publisher/share/sensor_tf_publisher/launch
[1.553s] running install_egg_info
[1.556s] Copying ../../build/sensor_tf_publisher/sensor_tf_publisher.egg-info to /home/nvidia/work/device_ws/install/sensor_tf_publisher/lib/python3.10/site-packages/sensor_tf_publisher-1.0.0-py3.10.egg-info
[1.558s] running install_scripts
[1.595s] Installing static_tf_publisher script to /home/nvidia/work/device_ws/install/sensor_tf_publisher/lib/sensor_tf_publisher
[1.595s] writing list of installed files to '/home/nvidia/work/device_ws/build/sensor_tf_publisher/install.log'
[1.658s] Invoked command in '/home/nvidia/work/device_ws/src/sensor_tf_publisher' returned '0': PYTHONPATH=/home/nvidia/work/device_ws/build/sensor_tf_publisher/prefix_override:/usr/lib/python3/dist-packages/colcon_core/task/python/colcon_distutils_commands:/home/nvidia/work/device_ws/install/sensor_tf_publisher/lib/python3.10/site-packages:${PYTHONPATH} /usr/bin/python3 -W ignore:setup.py install is deprecated -W ignore:easy_install command is deprecated setup.py egg_info --egg-base ../../build/sensor_tf_publisher build --build-base /home/nvidia/work/device_ws/build/sensor_tf_publisher/build install --record /home/nvidia/work/device_ws/build/sensor_tf_publisher/install.log --single-version-externally-managed install_data
