[1.040s] Invoking command in '/home/nvidia/work/device_ws/src/sensor_tf_publisher': PYTHONPATH=/home/nvidia/work/device_ws/build/sensor_tf_publisher/prefix_override:/usr/lib/python3/dist-packages/colcon_core/task/python/colcon_distutils_commands:/home/nvidia/work/device_ws/install/sensor_tf_publisher/lib/python3.10/site-packages:${PYTHONPATH} /usr/bin/python3 -W ignore:setup.py install is deprecated -W ignore:easy_install command is deprecated setup.py egg_info --egg-base ../../build/sensor_tf_publisher build --build-base /home/nvidia/work/device_ws/build/sensor_tf_publisher/build install --record /home/nvidia/work/device_ws/build/sensor_tf_publisher/install.log --single-version-externally-managed install_data
[1.428s] running egg_info
[1.429s] writing ../../build/sensor_tf_publisher/sensor_tf_publisher.egg-info/PKG-INFO
[1.430s] writing dependency_links to ../../build/sensor_tf_publisher/sensor_tf_publisher.egg-info/dependency_links.txt
[1.430s] writing entry points to ../../build/sensor_tf_publisher/sensor_tf_publisher.egg-info/entry_points.txt
[1.430s] writing requirements to ../../build/sensor_tf_publisher/sensor_tf_publisher.egg-info/requires.txt
[1.430s] writing top-level names to ../../build/sensor_tf_publisher/sensor_tf_publisher.egg-info/top_level.txt
[1.434s] reading manifest file '../../build/sensor_tf_publisher/sensor_tf_publisher.egg-info/SOURCES.txt'
[1.435s] writing manifest file '../../build/sensor_tf_publisher/sensor_tf_publisher.egg-info/SOURCES.txt'
[1.435s] running build
[1.435s] running build_py
[1.435s] copying sensor_tf_publisher/static_tf_publisher.py -> /home/nvidia/work/device_ws/build/sensor_tf_publisher/build/lib/sensor_tf_publisher
[1.436s] running install
[1.436s] running install_lib
[1.438s] copying /home/nvidia/work/device_ws/build/sensor_tf_publisher/build/lib/sensor_tf_publisher/static_tf_publisher.py -> /home/nvidia/work/device_ws/install/sensor_tf_publisher/lib/python3.10/site-packages/sensor_tf_publisher
[1.439s] byte-compiling /home/nvidia/work/device_ws/install/sensor_tf_publisher/lib/python3.10/site-packages/sensor_tf_publisher/static_tf_publisher.py to static_tf_publisher.cpython-310.pyc
[1.441s] running install_data
[1.441s] running install_egg_info
[1.444s] removing '/home/nvidia/work/device_ws/install/sensor_tf_publisher/lib/python3.10/site-packages/sensor_tf_publisher-1.0.0-py3.10.egg-info' (and everything under it)
[1.445s] Copying ../../build/sensor_tf_publisher/sensor_tf_publisher.egg-info to /home/nvidia/work/device_ws/install/sensor_tf_publisher/lib/python3.10/site-packages/sensor_tf_publisher-1.0.0-py3.10.egg-info
[1.446s] running install_scripts
[1.486s] Installing static_tf_publisher script to /home/nvidia/work/device_ws/install/sensor_tf_publisher/lib/sensor_tf_publisher
[1.487s] writing list of installed files to '/home/nvidia/work/device_ws/build/sensor_tf_publisher/install.log'
[1.552s] Invoked command in '/home/nvidia/work/device_ws/src/sensor_tf_publisher' returned '0': PYTHONPATH=/home/nvidia/work/device_ws/build/sensor_tf_publisher/prefix_override:/usr/lib/python3/dist-packages/colcon_core/task/python/colcon_distutils_commands:/home/nvidia/work/device_ws/install/sensor_tf_publisher/lib/python3.10/site-packages:${PYTHONPATH} /usr/bin/python3 -W ignore:setup.py install is deprecated -W ignore:easy_install command is deprecated setup.py egg_info --egg-base ../../build/sensor_tf_publisher build --build-base /home/nvidia/work/device_ws/build/sensor_tf_publisher/build install --record /home/nvidia/work/device_ws/build/sensor_tf_publisher/install.log --single-version-externally-managed install_data
