running egg_info
creating ../../build/sync_pkg/sync_pkg.egg-info
writing ../../build/sync_pkg/sync_pkg.egg-info/PKG-INFO
writing dependency_links to ../../build/sync_pkg/sync_pkg.egg-info/dependency_links.txt
writing entry points to ../../build/sync_pkg/sync_pkg.egg-info/entry_points.txt
writing requirements to ../../build/sync_pkg/sync_pkg.egg-info/requires.txt
writing top-level names to ../../build/sync_pkg/sync_pkg.egg-info/top_level.txt
writing manifest file '../../build/sync_pkg/sync_pkg.egg-info/SOURCES.txt'
reading manifest file '../../build/sync_pkg/sync_pkg.egg-info/SOURCES.txt'
writing manifest file '../../build/sync_pkg/sync_pkg.egg-info/SOURCES.txt'
running build
running build_py
creating /home/nvidia/work/device_ws/build/sync_pkg/build
creating /home/nvidia/work/device_ws/build/sync_pkg/build/lib
creating /home/nvidia/work/device_ws/build/sync_pkg/build/lib/sync_pkg
copying sync_pkg/multi_sync_pub.py -> /home/nvidia/work/device_ws/build/sync_pkg/build/lib/sync_pkg
copying sync_pkg/multi_sync_rename.py -> /home/nvidia/work/device_ws/build/sync_pkg/build/lib/sync_pkg
copying sync_pkg/__init__.py -> /home/nvidia/work/device_ws/build/sync_pkg/build/lib/sync_pkg
copying sync_pkg/multi_sync_rename copy.py -> /home/nvidia/work/device_ws/build/sync_pkg/build/lib/sync_pkg
running install
running install_lib
creating /home/nvidia/work/device_ws/install/sync_pkg/lib/python3.10/site-packages/sync_pkg
copying /home/nvidia/work/device_ws/build/sync_pkg/build/lib/sync_pkg/multi_sync_pub.py -> /home/nvidia/work/device_ws/install/sync_pkg/lib/python3.10/site-packages/sync_pkg
copying /home/nvidia/work/device_ws/build/sync_pkg/build/lib/sync_pkg/multi_sync_rename.py -> /home/nvidia/work/device_ws/install/sync_pkg/lib/python3.10/site-packages/sync_pkg
copying /home/nvidia/work/device_ws/build/sync_pkg/build/lib/sync_pkg/__init__.py -> /home/nvidia/work/device_ws/install/sync_pkg/lib/python3.10/site-packages/sync_pkg
copying /home/nvidia/work/device_ws/build/sync_pkg/build/lib/sync_pkg/multi_sync_rename copy.py -> /home/nvidia/work/device_ws/install/sync_pkg/lib/python3.10/site-packages/sync_pkg
byte-compiling /home/nvidia/work/device_ws/install/sync_pkg/lib/python3.10/site-packages/sync_pkg/multi_sync_pub.py to multi_sync_pub.cpython-310.pyc
byte-compiling /home/nvidia/work/device_ws/install/sync_pkg/lib/python3.10/site-packages/sync_pkg/multi_sync_rename.py to multi_sync_rename.cpython-310.pyc
byte-compiling /home/nvidia/work/device_ws/install/sync_pkg/lib/python3.10/site-packages/sync_pkg/__init__.py to __init__.cpython-310.pyc
byte-compiling /home/nvidia/work/device_ws/install/sync_pkg/lib/python3.10/site-packages/sync_pkg/multi_sync_rename copy.py to multi_sync_rename copy.cpython-310.pyc
running install_data
creating /home/nvidia/work/device_ws/install/sync_pkg/share/ament_index
creating /home/nvidia/work/device_ws/install/sync_pkg/share/ament_index/resource_index
creating /home/nvidia/work/device_ws/install/sync_pkg/share/ament_index/resource_index/packages
copying resource/sync_pkg -> /home/nvidia/work/device_ws/install/sync_pkg/share/ament_index/resource_index/packages
copying package.xml -> /home/nvidia/work/device_ws/install/sync_pkg/share/sync_pkg
running install_egg_info
Copying ../../build/sync_pkg/sync_pkg.egg-info to /home/nvidia/work/device_ws/install/sync_pkg/lib/python3.10/site-packages/sync_pkg-0.0.1-py3.10.egg-info
running install_scripts
Installing multi_sync_pub script to /home/nvidia/work/device_ws/install/sync_pkg/lib/sync_pkg
Installing multi_sync_rename script to /home/nvidia/work/device_ws/install/sync_pkg/lib/sync_pkg
writing list of installed files to '/home/nvidia/work/device_ws/build/sync_pkg/install.log'
