-- The C compiler identification is GNU 11.4.0
-- The CXX compiler identification is GNU 11.4.0
-- Detecting C compiler ABI info
-- Detecting C compiler ABI info - done
-- Check for working C compiler: /usr/bin/cc - skipped
-- Detecting C compile features
-- Detecting C compile features - done
-- Detecting CXX compiler ABI info
-- Detecting CXX compiler ABI info - done
-- Check for working CXX compiler: /usr/bin/c++ - skipped
-- Detecting CXX compile features
-- Detecting CXX compile features - done
-- Found ament_cmake: 1.3.12 (/opt/ros/humble/share/ament_cmake/cmake)
-- Found Python3: /usr/bin/python3 (found version "3.10.12") found components: Interpreter 
-- Found rclcpp: 16.0.15 (/opt/ros/humble/share/rclcpp/cmake)
-- Found rosidl_generator_c: 3.1.7 (/opt/ros/humble/share/rosidl_generator_c/cmake)
-- Found rosidl_adapter: 3.1.7 (/opt/ros/humble/share/rosidl_adapter/cmake)
-- Found rosidl_generator_cpp: 3.1.7 (/opt/ros/humble/share/rosidl_generator_cpp/cmake)
-- Using all available rosidl_typesupport_c: rosidl_typesupport_fastrtps_c;rosidl_typesupport_introspection_c
-- Using all available rosidl_typesupport_cpp: rosidl_typesupport_fastrtps_cpp;rosidl_typesupport_introspection_cpp
-- Found rmw_implementation_cmake: 6.1.2 (/opt/ros/humble/share/rmw_implementation_cmake/cmake)
-- Found rmw_fastrtps_cpp: 6.2.8 (/opt/ros/humble/share/rmw_fastrtps_cpp/cmake)
-- Found OpenSSL: /usr/lib/aarch64-linux-gnu/libcrypto.so (found version "3.0.2")  
-- Found FastRTPS: /opt/ros/humble/include  
-- Using RMW implementation 'rmw_fastrtps_cpp' as default
-- Looking for pthread.h
-- Looking for pthread.h - found
-- Performing Test CMAKE_HAVE_LIBC_PTHREAD
-- Performing Test CMAKE_HAVE_LIBC_PTHREAD - Success
-- Found Threads: TRUE  
-- Found sensor_msgs: 4.9.0 (/opt/ros/humble/share/sensor_msgs/cmake)
-- Found image_transport: 3.1.12 (/opt/ros/humble/share/image_transport/cmake)
-- Found camera_info_manager: 3.1.12 (/opt/ros/humble/share/camera_info_manager/cmake)
-- Found rosidl_default_generators: 1.2.0 (/opt/ros/humble/share/rosidl_default_generators/cmake)
-- Found ament_cmake_ros: 0.10.0 (/opt/ros/humble/share/ament_cmake_ros/cmake)
-- Using all available rosidl_typesupport_c: rosidl_typesupport_fastrtps_c;rosidl_typesupport_introspection_c
-- Using all available rosidl_typesupport_cpp: rosidl_typesupport_fastrtps_cpp;rosidl_typesupport_introspection_cpp
-- Found PythonInterp: /usr/bin/python3 (found suitable version "3.10.12", minimum required is "3.6") 
-- Found python_cmake_module: 0.10.0 (/opt/ros/humble/share/python_cmake_module/cmake)
-- Found PythonLibs: /usr/lib/aarch64-linux-gnu/libpython3.10.so (found suitable version "3.10.12", minimum required is "3.5") 
-- Using PYTHON_EXECUTABLE: /usr/bin/python3
-- Using PYTHON_INCLUDE_DIRS: /usr/include/python3.10
-- Using PYTHON_LIBRARIES: /usr/lib/aarch64-linux-gnu/libpython3.10.so
-- Found PythonExtra: .so  
-- Found ament_lint_auto: 0.12.14 (/opt/ros/humble/share/ament_lint_auto/cmake)
-- Added test 'copyright' to check source files copyright and LICENSE
-- Added test 'cppcheck' to perform static code analysis on C / C++ code
-- Configured cppcheck include dirs: 
-- Configured cppcheck exclude dirs and/or files: 
-- Added test 'cpplint' to check C / C++ code against the Google style
-- Configured cpplint exclude dirs and/or files: 
-- Added test 'lint_cmake' to check CMake code style
-- Added test 'uncrustify' to check C / C++ code style
-- Configured uncrustify additional arguments: 
-- Added test 'xmllint' to check XML markup files
[0mCMake Deprecation Warning at /opt/ros/humble/share/rosidl_cmake/cmake/rosidl_target_interfaces.cmake:32 (message):
  Use rosidl_get_typesupport_target() and target_link_libraries() instead of
  rosidl_target_interfaces()
Call Stack (most recent call first):
  CMakeLists.txt:73 (rosidl_target_interfaces)

[0m
-- Configuring done
-- Generating done
-- Build files have been written to: /home/nvidia/work/device_ws/build/miivii_gmsl_camera
[  2%] [34m[1mGenerating C++ code for ROS interfaces[0m
[  2%] Built target miivii_gmsl_camera__cpp
[  2%] Built target ament_cmake_python_copy_miivii_gmsl_camera
[  5%] [34m[1mGenerating C++ introspection for ROS interfaces[0m
[  8%] [32mBuilding CXX object CMakeFiles/miivii_gmsl_camera__rosidl_typesupport_introspection_cpp.dir/rosidl_typesupport_introspection_cpp/miivii_gmsl_camera/msg/detail/miivii_time__type_support.cpp.o[0m
[ 11%] [32m[1mLinking CXX shared library libmiivii_gmsl_camera__rosidl_typesupport_introspection_cpp.so[0m
[ 11%] Built target miivii_gmsl_camera__rosidl_typesupport_introspection_cpp
running egg_info
creating miivii_gmsl_camera.egg-info
writing miivii_gmsl_camera.egg-info/PKG-INFO
writing dependency_links to miivii_gmsl_camera.egg-info/dependency_links.txt
writing top-level names to miivii_gmsl_camera.egg-info/top_level.txt
writing manifest file 'miivii_gmsl_camera.egg-info/SOURCES.txt'
reading manifest file 'miivii_gmsl_camera.egg-info/SOURCES.txt'
writing manifest file 'miivii_gmsl_camera.egg-info/SOURCES.txt'
[ 11%] Built target ament_cmake_python_build_miivii_gmsl_camera_egg
[ 14%] [34m[1mGenerating C++ type support for eProsima Fast-RTPS[0m
[ 17%] [32mBuilding CXX object CMakeFiles/miivii_gmsl_camera__rosidl_typesupport_fastrtps_cpp.dir/rosidl_typesupport_fastrtps_cpp/miivii_gmsl_camera/msg/detail/dds_fastrtps/miivii_time__type_support.cpp.o[0m
[ 20%] [32m[1mLinking CXX shared library libmiivii_gmsl_camera__rosidl_typesupport_fastrtps_cpp.so[0m
[ 20%] Built target miivii_gmsl_camera__rosidl_typesupport_fastrtps_cpp
[ 23%] [34m[1mGenerating C++ type support dispatch for ROS interfaces[0m
[ 26%] [32mBuilding CXX object CMakeFiles/miivii_gmsl_camera__rosidl_typesupport_cpp.dir/rosidl_typesupport_cpp/miivii_gmsl_camera/msg/miivii_time__type_support.cpp.o[0m
[ 29%] [32m[1mLinking CXX shared library libmiivii_gmsl_camera__rosidl_typesupport_cpp.so[0m
[ 29%] Built target miivii_gmsl_camera__rosidl_typesupport_cpp
[ 32%] [34m[1mGenerating C code for ROS interfaces[0m
[ 35%] [32mBuilding C object CMakeFiles/miivii_gmsl_camera__rosidl_generator_c.dir/rosidl_generator_c/miivii_gmsl_camera/msg/detail/miivii_time__functions.c.o[0m
[ 38%] [32m[1mLinking C shared library libmiivii_gmsl_camera__rosidl_generator_c.so[0m
[ 38%] Built target miivii_gmsl_camera__rosidl_generator_c
[ 41%] [34m[1mGenerating C type support for eProsima Fast-RTPS[0m
[ 44%] [32mBuilding CXX object CMakeFiles/miivii_gmsl_camera__rosidl_typesupport_fastrtps_c.dir/rosidl_typesupport_fastrtps_c/miivii_gmsl_camera/msg/detail/miivii_time__type_support_c.cpp.o[0m
[ 47%] [32m[1mLinking CXX shared library libmiivii_gmsl_camera__rosidl_typesupport_fastrtps_c.so[0m
[ 47%] Built target miivii_gmsl_camera__rosidl_typesupport_fastrtps_c
[ 50%] [34m[1mGenerating C type support dispatch for ROS interfaces[0m
[ 52%] [32mBuilding CXX object CMakeFiles/miivii_gmsl_camera__rosidl_typesupport_c.dir/rosidl_typesupport_c/miivii_gmsl_camera/msg/miivii_time__type_support.cpp.o[0m
[ 55%] [32m[1mLinking CXX shared library libmiivii_gmsl_camera__rosidl_typesupport_c.so[0m
[ 55%] Built target miivii_gmsl_camera__rosidl_typesupport_c
[ 58%] [34m[1mGenerating C introspection for ROS interfaces[0m
[ 61%] [32mBuilding C object CMakeFiles/miivii_gmsl_camera__rosidl_typesupport_introspection_c.dir/rosidl_typesupport_introspection_c/miivii_gmsl_camera/msg/detail/miivii_time__type_support.c.o[0m
[ 64%] [32m[1mLinking C shared library libmiivii_gmsl_camera__rosidl_typesupport_introspection_c.so[0m
[ 64%] Built target miivii_gmsl_camera__rosidl_typesupport_introspection_c
[ 64%] Built target miivii_gmsl_camera
[ 67%] [34m[1mGenerating Python code for ROS interfaces[0m
[ 67%] Built target miivii_gmsl_camera__py
[ 70%] [32mBuilding CXX object CMakeFiles/miivii_gmsl_camera_node.dir/src/miivii_gmsl_camera.cpp.o[0m
[ 73%] [32mBuilding CXX object CMakeFiles/miivii_gmsl_camera_node.dir/src/miivii_gmsl_camera_node.cpp.o[0m
[01m[K/home/nvidia/work/device_ws/src/miivii_gmsl_camera/miivii_gmsl_ros/src/miivii_gmsl_camera_node.cpp:[m[K In function ‘[01m[Kvoid signal_handler(int)[m[K’:
[01m[K/home/nvidia/work/device_ws/src/miivii_gmsl_camera/miivii_gmsl_ros/src/miivii_gmsl_camera_node.cpp:10:25:[m[K [01;35m[Kwarning: [m[Kunused parameter ‘[01m[Ksignal[m[K’ [[01;35m[K]8;;https://gcc.gnu.org/onlinedocs/gcc/Warning-Options.html#index-Wunused-parameter-Wunused-parameter]8;;[m[K]
   10 | void signal_handler([01;35m[Kint signal[m[K) {
      |                     [01;35m[K~~~~^~~~~~[m[K
[ 76%] [32m[1mLinking CXX executable miivii_gmsl_camera_node[0m
[ 76%] Built target miivii_gmsl_camera_node
[ 79%] [32mBuilding C object CMakeFiles/miivii_gmsl_camera__rosidl_generator_py.dir/rosidl_generator_py/miivii_gmsl_camera/msg/_miivii_time_s.c.o[0m
[ 82%] [32m[1mLinking C shared library rosidl_generator_py/miivii_gmsl_camera/libmiivii_gmsl_camera__rosidl_generator_py.so[0m
[ 82%] Built target miivii_gmsl_camera__rosidl_generator_py
[ 91%] [32mBuilding C object CMakeFiles/miivii_gmsl_camera__rosidl_typesupport_fastrtps_c__pyext.dir/rosidl_generator_py/miivii_gmsl_camera/_miivii_gmsl_camera_s.ep.rosidl_typesupport_fastrtps_c.c.o[0m
[ 91%] [32mBuilding C object CMakeFiles/miivii_gmsl_camera__rosidl_typesupport_introspection_c__pyext.dir/rosidl_generator_py/miivii_gmsl_camera/_miivii_gmsl_camera_s.ep.rosidl_typesupport_introspection_c.c.o[0m
[ 91%] [32mBuilding C object CMakeFiles/miivii_gmsl_camera__rosidl_typesupport_c__pyext.dir/rosidl_generator_py/miivii_gmsl_camera/_miivii_gmsl_camera_s.ep.rosidl_typesupport_c.c.o[0m
[ 94%] [32m[1mLinking C shared library rosidl_generator_py/miivii_gmsl_camera/miivii_gmsl_camera_s__rosidl_typesupport_introspection_c.cpython-310-aarch64-linux-gnu.so[0m
[ 97%] [32m[1mLinking C shared library rosidl_generator_py/miivii_gmsl_camera/miivii_gmsl_camera_s__rosidl_typesupport_fastrtps_c.cpython-310-aarch64-linux-gnu.so[0m
[100%] [32m[1mLinking C shared library rosidl_generator_py/miivii_gmsl_camera/miivii_gmsl_camera_s__rosidl_typesupport_c.cpython-310-aarch64-linux-gnu.so[0m
[100%] Built target miivii_gmsl_camera__rosidl_typesupport_fastrtps_c__pyext
[100%] Built target miivii_gmsl_camera__rosidl_typesupport_introspection_c__pyext
[100%] Built target miivii_gmsl_camera__rosidl_typesupport_c__pyext
-- Install configuration: ""
-- Installing: /home/nvidia/work/device_ws/install/miivii_gmsl_camera/share/ament_index/resource_index/rosidl_interfaces/miivii_gmsl_camera
-- Installing: /home/nvidia/work/device_ws/install/miivii_gmsl_camera/include/miivii_gmsl_camera/miivii_gmsl_camera
-- Installing: /home/nvidia/work/device_ws/install/miivii_gmsl_camera/include/miivii_gmsl_camera/miivii_gmsl_camera/msg
-- Installing: /home/nvidia/work/device_ws/install/miivii_gmsl_camera/include/miivii_gmsl_camera/miivii_gmsl_camera/msg/detail
-- Installing: /home/nvidia/work/device_ws/install/miivii_gmsl_camera/include/miivii_gmsl_camera/miivii_gmsl_camera/msg/detail/miivii_time__functions.h
-- Installing: /home/nvidia/work/device_ws/install/miivii_gmsl_camera/include/miivii_gmsl_camera/miivii_gmsl_camera/msg/detail/miivii_time__type_support.h
-- Installing: /home/nvidia/work/device_ws/install/miivii_gmsl_camera/include/miivii_gmsl_camera/miivii_gmsl_camera/msg/detail/miivii_time__struct.h
-- Installing: /home/nvidia/work/device_ws/install/miivii_gmsl_camera/include/miivii_gmsl_camera/miivii_gmsl_camera/msg/detail/miivii_time__functions.c
-- Installing: /home/nvidia/work/device_ws/install/miivii_gmsl_camera/include/miivii_gmsl_camera/miivii_gmsl_camera/msg/rosidl_generator_c__visibility_control.h
-- Installing: /home/nvidia/work/device_ws/install/miivii_gmsl_camera/include/miivii_gmsl_camera/miivii_gmsl_camera/msg/miivii_time.h
-- Installing: /home/nvidia/work/device_ws/install/miivii_gmsl_camera/share/miivii_gmsl_camera/environment/library_path.sh
-- Installing: /home/nvidia/work/device_ws/install/miivii_gmsl_camera/share/miivii_gmsl_camera/environment/library_path.dsv
-- Installing: /home/nvidia/work/device_ws/install/miivii_gmsl_camera/lib/libmiivii_gmsl_camera__rosidl_generator_c.so
-- Set runtime path of "/home/nvidia/work/device_ws/install/miivii_gmsl_camera/lib/libmiivii_gmsl_camera__rosidl_generator_c.so" to ""
-- Up-to-date: /home/nvidia/work/device_ws/install/miivii_gmsl_camera/include/miivii_gmsl_camera/miivii_gmsl_camera
-- Up-to-date: /home/nvidia/work/device_ws/install/miivii_gmsl_camera/include/miivii_gmsl_camera/miivii_gmsl_camera/msg
-- Installing: /home/nvidia/work/device_ws/install/miivii_gmsl_camera/include/miivii_gmsl_camera/miivii_gmsl_camera/msg/rosidl_typesupport_fastrtps_c__visibility_control.h
-- Up-to-date: /home/nvidia/work/device_ws/install/miivii_gmsl_camera/include/miivii_gmsl_camera/miivii_gmsl_camera/msg/detail
-- Installing: /home/nvidia/work/device_ws/install/miivii_gmsl_camera/include/miivii_gmsl_camera/miivii_gmsl_camera/msg/detail/miivii_time__rosidl_typesupport_fastrtps_c.h
-- Installing: /home/nvidia/work/device_ws/install/miivii_gmsl_camera/lib/libmiivii_gmsl_camera__rosidl_typesupport_fastrtps_c.so
-- Set runtime path of "/home/nvidia/work/device_ws/install/miivii_gmsl_camera/lib/libmiivii_gmsl_camera__rosidl_typesupport_fastrtps_c.so" to ""
-- Up-to-date: /home/nvidia/work/device_ws/install/miivii_gmsl_camera/include/miivii_gmsl_camera/miivii_gmsl_camera
-- Up-to-date: /home/nvidia/work/device_ws/install/miivii_gmsl_camera/include/miivii_gmsl_camera/miivii_gmsl_camera/msg
-- Installing: /home/nvidia/work/device_ws/install/miivii_gmsl_camera/include/miivii_gmsl_camera/miivii_gmsl_camera/msg/rosidl_generator_cpp__visibility_control.hpp
-- Up-to-date: /home/nvidia/work/device_ws/install/miivii_gmsl_camera/include/miivii_gmsl_camera/miivii_gmsl_camera/msg/detail
-- Installing: /home/nvidia/work/device_ws/install/miivii_gmsl_camera/include/miivii_gmsl_camera/miivii_gmsl_camera/msg/detail/miivii_time__traits.hpp
-- Installing: /home/nvidia/work/device_ws/install/miivii_gmsl_camera/include/miivii_gmsl_camera/miivii_gmsl_camera/msg/detail/miivii_time__struct.hpp
-- Installing: /home/nvidia/work/device_ws/install/miivii_gmsl_camera/include/miivii_gmsl_camera/miivii_gmsl_camera/msg/detail/miivii_time__builder.hpp
-- Installing: /home/nvidia/work/device_ws/install/miivii_gmsl_camera/include/miivii_gmsl_camera/miivii_gmsl_camera/msg/detail/miivii_time__type_support.hpp
-- Installing: /home/nvidia/work/device_ws/install/miivii_gmsl_camera/include/miivii_gmsl_camera/miivii_gmsl_camera/msg/miivii_time.hpp
-- Up-to-date: /home/nvidia/work/device_ws/install/miivii_gmsl_camera/include/miivii_gmsl_camera/miivii_gmsl_camera
-- Up-to-date: /home/nvidia/work/device_ws/install/miivii_gmsl_camera/include/miivii_gmsl_camera/miivii_gmsl_camera/msg
-- Up-to-date: /home/nvidia/work/device_ws/install/miivii_gmsl_camera/include/miivii_gmsl_camera/miivii_gmsl_camera/msg/detail
-- Installing: /home/nvidia/work/device_ws/install/miivii_gmsl_camera/include/miivii_gmsl_camera/miivii_gmsl_camera/msg/detail/miivii_time__rosidl_typesupport_fastrtps_cpp.hpp
-- Installing: /home/nvidia/work/device_ws/install/miivii_gmsl_camera/include/miivii_gmsl_camera/miivii_gmsl_camera/msg/detail/dds_fastrtps
-- Installing: /home/nvidia/work/device_ws/install/miivii_gmsl_camera/include/miivii_gmsl_camera/miivii_gmsl_camera/msg/rosidl_typesupport_fastrtps_cpp__visibility_control.h
-- Installing: /home/nvidia/work/device_ws/install/miivii_gmsl_camera/lib/libmiivii_gmsl_camera__rosidl_typesupport_fastrtps_cpp.so
-- Set runtime path of "/home/nvidia/work/device_ws/install/miivii_gmsl_camera/lib/libmiivii_gmsl_camera__rosidl_typesupport_fastrtps_cpp.so" to ""
-- Up-to-date: /home/nvidia/work/device_ws/install/miivii_gmsl_camera/include/miivii_gmsl_camera/miivii_gmsl_camera
-- Up-to-date: /home/nvidia/work/device_ws/install/miivii_gmsl_camera/include/miivii_gmsl_camera/miivii_gmsl_camera/msg
-- Up-to-date: /home/nvidia/work/device_ws/install/miivii_gmsl_camera/include/miivii_gmsl_camera/miivii_gmsl_camera/msg/detail
-- Installing: /home/nvidia/work/device_ws/install/miivii_gmsl_camera/include/miivii_gmsl_camera/miivii_gmsl_camera/msg/detail/miivii_time__rosidl_typesupport_introspection_c.h
-- Installing: /home/nvidia/work/device_ws/install/miivii_gmsl_camera/include/miivii_gmsl_camera/miivii_gmsl_camera/msg/detail/miivii_time__type_support.c
-- Installing: /home/nvidia/work/device_ws/install/miivii_gmsl_camera/include/miivii_gmsl_camera/miivii_gmsl_camera/msg/rosidl_typesupport_introspection_c__visibility_control.h
-- Installing: /home/nvidia/work/device_ws/install/miivii_gmsl_camera/lib/libmiivii_gmsl_camera__rosidl_typesupport_introspection_c.so
-- Set runtime path of "/home/nvidia/work/device_ws/install/miivii_gmsl_camera/lib/libmiivii_gmsl_camera__rosidl_typesupport_introspection_c.so" to ""
-- Installing: /home/nvidia/work/device_ws/install/miivii_gmsl_camera/lib/libmiivii_gmsl_camera__rosidl_typesupport_c.so
-- Set runtime path of "/home/nvidia/work/device_ws/install/miivii_gmsl_camera/lib/libmiivii_gmsl_camera__rosidl_typesupport_c.so" to ""
-- Up-to-date: /home/nvidia/work/device_ws/install/miivii_gmsl_camera/include/miivii_gmsl_camera/miivii_gmsl_camera
-- Up-to-date: /home/nvidia/work/device_ws/install/miivii_gmsl_camera/include/miivii_gmsl_camera/miivii_gmsl_camera/msg
-- Up-to-date: /home/nvidia/work/device_ws/install/miivii_gmsl_camera/include/miivii_gmsl_camera/miivii_gmsl_camera/msg/detail
-- Installing: /home/nvidia/work/device_ws/install/miivii_gmsl_camera/include/miivii_gmsl_camera/miivii_gmsl_camera/msg/detail/miivii_time__rosidl_typesupport_introspection_cpp.hpp
-- Installing: /home/nvidia/work/device_ws/install/miivii_gmsl_camera/include/miivii_gmsl_camera/miivii_gmsl_camera/msg/detail/miivii_time__type_support.cpp
-- Installing: /home/nvidia/work/device_ws/install/miivii_gmsl_camera/lib/libmiivii_gmsl_camera__rosidl_typesupport_introspection_cpp.so
-- Set runtime path of "/home/nvidia/work/device_ws/install/miivii_gmsl_camera/lib/libmiivii_gmsl_camera__rosidl_typesupport_introspection_cpp.so" to ""
-- Installing: /home/nvidia/work/device_ws/install/miivii_gmsl_camera/lib/libmiivii_gmsl_camera__rosidl_typesupport_cpp.so
-- Set runtime path of "/home/nvidia/work/device_ws/install/miivii_gmsl_camera/lib/libmiivii_gmsl_camera__rosidl_typesupport_cpp.so" to ""
-- Installing: /home/nvidia/work/device_ws/install/miivii_gmsl_camera/share/miivii_gmsl_camera/environment/pythonpath.sh
-- Installing: /home/nvidia/work/device_ws/install/miivii_gmsl_camera/share/miivii_gmsl_camera/environment/pythonpath.dsv
-- Installing: /home/nvidia/work/device_ws/install/miivii_gmsl_camera/local/lib/python3.10/dist-packages/miivii_gmsl_camera-0.0.0-py3.10.egg-info
-- Installing: /home/nvidia/work/device_ws/install/miivii_gmsl_camera/local/lib/python3.10/dist-packages/miivii_gmsl_camera-0.0.0-py3.10.egg-info/top_level.txt
-- Installing: /home/nvidia/work/device_ws/install/miivii_gmsl_camera/local/lib/python3.10/dist-packages/miivii_gmsl_camera-0.0.0-py3.10.egg-info/PKG-INFO
-- Installing: /home/nvidia/work/device_ws/install/miivii_gmsl_camera/local/lib/python3.10/dist-packages/miivii_gmsl_camera-0.0.0-py3.10.egg-info/dependency_links.txt
-- Installing: /home/nvidia/work/device_ws/install/miivii_gmsl_camera/local/lib/python3.10/dist-packages/miivii_gmsl_camera-0.0.0-py3.10.egg-info/SOURCES.txt
-- Installing: /home/nvidia/work/device_ws/install/miivii_gmsl_camera/local/lib/python3.10/dist-packages/miivii_gmsl_camera
-- Installing: /home/nvidia/work/device_ws/install/miivii_gmsl_camera/local/lib/python3.10/dist-packages/miivii_gmsl_camera/miivii_gmsl_camera_s__rosidl_typesupport_introspection_c.cpython-310-aarch64-linux-gnu.so
-- Installing: /home/nvidia/work/device_ws/install/miivii_gmsl_camera/local/lib/python3.10/dist-packages/miivii_gmsl_camera/msg
-- Installing: /home/nvidia/work/device_ws/install/miivii_gmsl_camera/local/lib/python3.10/dist-packages/miivii_gmsl_camera/msg/_miivii_time_s.c
-- Installing: /home/nvidia/work/device_ws/install/miivii_gmsl_camera/local/lib/python3.10/dist-packages/miivii_gmsl_camera/msg/__init__.py
-- Installing: /home/nvidia/work/device_ws/install/miivii_gmsl_camera/local/lib/python3.10/dist-packages/miivii_gmsl_camera/msg/_miivii_time.py
-- Installing: /home/nvidia/work/device_ws/install/miivii_gmsl_camera/local/lib/python3.10/dist-packages/miivii_gmsl_camera/__init__.py
-- Installing: /home/nvidia/work/device_ws/install/miivii_gmsl_camera/local/lib/python3.10/dist-packages/miivii_gmsl_camera/_miivii_gmsl_camera_s.ep.rosidl_typesupport_introspection_c.c
-- Installing: /home/nvidia/work/device_ws/install/miivii_gmsl_camera/local/lib/python3.10/dist-packages/miivii_gmsl_camera/libmiivii_gmsl_camera__rosidl_generator_py.so
-- Installing: /home/nvidia/work/device_ws/install/miivii_gmsl_camera/local/lib/python3.10/dist-packages/miivii_gmsl_camera/miivii_gmsl_camera_s__rosidl_typesupport_fastrtps_c.cpython-310-aarch64-linux-gnu.so
-- Installing: /home/nvidia/work/device_ws/install/miivii_gmsl_camera/local/lib/python3.10/dist-packages/miivii_gmsl_camera/_miivii_gmsl_camera_s.ep.rosidl_typesupport_c.c
-- Installing: /home/nvidia/work/device_ws/install/miivii_gmsl_camera/local/lib/python3.10/dist-packages/miivii_gmsl_camera/_miivii_gmsl_camera_s.ep.rosidl_typesupport_fastrtps_c.c
-- Installing: /home/nvidia/work/device_ws/install/miivii_gmsl_camera/local/lib/python3.10/dist-packages/miivii_gmsl_camera/miivii_gmsl_camera_s__rosidl_typesupport_c.cpython-310-aarch64-linux-gnu.so
Listing '/home/nvidia/work/device_ws/install/miivii_gmsl_camera/local/lib/python3.10/dist-packages/miivii_gmsl_camera'...
Compiling '/home/nvidia/work/device_ws/install/miivii_gmsl_camera/local/lib/python3.10/dist-packages/miivii_gmsl_camera/__init__.py'...
Listing '/home/nvidia/work/device_ws/install/miivii_gmsl_camera/local/lib/python3.10/dist-packages/miivii_gmsl_camera/msg'...
Compiling '/home/nvidia/work/device_ws/install/miivii_gmsl_camera/local/lib/python3.10/dist-packages/miivii_gmsl_camera/msg/__init__.py'...
Compiling '/home/nvidia/work/device_ws/install/miivii_gmsl_camera/local/lib/python3.10/dist-packages/miivii_gmsl_camera/msg/_miivii_time.py'...
-- Installing: /home/nvidia/work/device_ws/install/miivii_gmsl_camera/local/lib/python3.10/dist-packages/miivii_gmsl_camera/miivii_gmsl_camera_s__rosidl_typesupport_fastrtps_c.cpython-310-aarch64-linux-gnu.so
-- Set runtime path of "/home/nvidia/work/device_ws/install/miivii_gmsl_camera/local/lib/python3.10/dist-packages/miivii_gmsl_camera/miivii_gmsl_camera_s__rosidl_typesupport_fastrtps_c.cpython-310-aarch64-linux-gnu.so" to ""
-- Installing: /home/nvidia/work/device_ws/install/miivii_gmsl_camera/local/lib/python3.10/dist-packages/miivii_gmsl_camera/miivii_gmsl_camera_s__rosidl_typesupport_introspection_c.cpython-310-aarch64-linux-gnu.so
-- Set runtime path of "/home/nvidia/work/device_ws/install/miivii_gmsl_camera/local/lib/python3.10/dist-packages/miivii_gmsl_camera/miivii_gmsl_camera_s__rosidl_typesupport_introspection_c.cpython-310-aarch64-linux-gnu.so" to ""
-- Installing: /home/nvidia/work/device_ws/install/miivii_gmsl_camera/local/lib/python3.10/dist-packages/miivii_gmsl_camera/miivii_gmsl_camera_s__rosidl_typesupport_c.cpython-310-aarch64-linux-gnu.so
-- Set runtime path of "/home/nvidia/work/device_ws/install/miivii_gmsl_camera/local/lib/python3.10/dist-packages/miivii_gmsl_camera/miivii_gmsl_camera_s__rosidl_typesupport_c.cpython-310-aarch64-linux-gnu.so" to ""
-- Installing: /home/nvidia/work/device_ws/install/miivii_gmsl_camera/lib/libmiivii_gmsl_camera__rosidl_generator_py.so
-- Set runtime path of "/home/nvidia/work/device_ws/install/miivii_gmsl_camera/lib/libmiivii_gmsl_camera__rosidl_generator_py.so" to ""
-- Installing: /home/nvidia/work/device_ws/install/miivii_gmsl_camera/share/miivii_gmsl_camera/msg/MiiviiTime.idl
-- Installing: /home/nvidia/work/device_ws/install/miivii_gmsl_camera/share/miivii_gmsl_camera/msg/MiiviiTime.msg
-- Installing: /home/nvidia/work/device_ws/install/miivii_gmsl_camera/share/miivii_gmsl_camera//launch
-- Installing: /home/nvidia/work/device_ws/install/miivii_gmsl_camera/share/miivii_gmsl_camera//launch/small_delivery_car_profile1_withoutrviz.launch
-- Installing: /home/nvidia/work/device_ws/install/miivii_gmsl_camera/share/miivii_gmsl_camera//launch/autonomous_truck_profile1_withoutrviz.launch
-- Installing: /home/nvidia/work/device_ws/install/miivii_gmsl_camera/share/miivii_gmsl_camera//launch/6CameraSync_30fps.launch
-- Installing: /home/nvidia/work/device_ws/install/miivii_gmsl_camera/share/miivii_gmsl_camera//launch/autonomous_truck_profile1.launch
-- Installing: /home/nvidia/work/device_ws/install/miivii_gmsl_camera/share/miivii_gmsl_camera//launch/small_delivery_car_profile1.launch
-- Installing: /home/nvidia/work/device_ws/install/miivii_gmsl_camera/share/miivii_gmsl_camera//launch/single.launch
-- Installing: /home/nvidia/work/device_ws/install/miivii_gmsl_camera/share/miivii_gmsl_camera//config
-- Installing: /home/nvidia/work/device_ws/install/miivii_gmsl_camera/share/miivii_gmsl_camera//config/single.rviz
-- Installing: /home/nvidia/work/device_ws/install/miivii_gmsl_camera/share/miivii_gmsl_camera//config/multi.rviz
-- Installing: /home/nvidia/work/device_ws/install/miivii_gmsl_camera/share/ament_index/resource_index/package_run_dependencies/miivii_gmsl_camera
-- Installing: /home/nvidia/work/device_ws/install/miivii_gmsl_camera/share/ament_index/resource_index/parent_prefix_path/miivii_gmsl_camera
-- Installing: /home/nvidia/work/device_ws/install/miivii_gmsl_camera/share/miivii_gmsl_camera/environment/ament_prefix_path.sh
-- Installing: /home/nvidia/work/device_ws/install/miivii_gmsl_camera/share/miivii_gmsl_camera/environment/ament_prefix_path.dsv
-- Installing: /home/nvidia/work/device_ws/install/miivii_gmsl_camera/share/miivii_gmsl_camera/environment/path.sh
-- Installing: /home/nvidia/work/device_ws/install/miivii_gmsl_camera/share/miivii_gmsl_camera/environment/path.dsv
-- Installing: /home/nvidia/work/device_ws/install/miivii_gmsl_camera/share/miivii_gmsl_camera/local_setup.bash
-- Installing: /home/nvidia/work/device_ws/install/miivii_gmsl_camera/share/miivii_gmsl_camera/local_setup.sh
-- Installing: /home/nvidia/work/device_ws/install/miivii_gmsl_camera/share/miivii_gmsl_camera/local_setup.zsh
-- Installing: /home/nvidia/work/device_ws/install/miivii_gmsl_camera/share/miivii_gmsl_camera/local_setup.dsv
-- Installing: /home/nvidia/work/device_ws/install/miivii_gmsl_camera/share/miivii_gmsl_camera/package.dsv
-- Installing: /home/nvidia/work/device_ws/install/miivii_gmsl_camera/share/ament_index/resource_index/packages/miivii_gmsl_camera
-- Installing: /home/nvidia/work/device_ws/install/miivii_gmsl_camera/share/miivii_gmsl_camera/cmake/export_miivii_gmsl_camera__rosidl_generator_cExport.cmake
-- Installing: /home/nvidia/work/device_ws/install/miivii_gmsl_camera/share/miivii_gmsl_camera/cmake/export_miivii_gmsl_camera__rosidl_generator_cExport-noconfig.cmake
-- Installing: /home/nvidia/work/device_ws/install/miivii_gmsl_camera/share/miivii_gmsl_camera/cmake/export_miivii_gmsl_camera__rosidl_typesupport_fastrtps_cExport.cmake
-- Installing: /home/nvidia/work/device_ws/install/miivii_gmsl_camera/share/miivii_gmsl_camera/cmake/export_miivii_gmsl_camera__rosidl_typesupport_fastrtps_cExport-noconfig.cmake
-- Installing: /home/nvidia/work/device_ws/install/miivii_gmsl_camera/share/miivii_gmsl_camera/cmake/export_miivii_gmsl_camera__rosidl_generator_cppExport.cmake
-- Installing: /home/nvidia/work/device_ws/install/miivii_gmsl_camera/share/miivii_gmsl_camera/cmake/export_miivii_gmsl_camera__rosidl_typesupport_fastrtps_cppExport.cmake
-- Installing: /home/nvidia/work/device_ws/install/miivii_gmsl_camera/share/miivii_gmsl_camera/cmake/export_miivii_gmsl_camera__rosidl_typesupport_fastrtps_cppExport-noconfig.cmake
-- Installing: /home/nvidia/work/device_ws/install/miivii_gmsl_camera/share/miivii_gmsl_camera/cmake/miivii_gmsl_camera__rosidl_typesupport_introspection_cExport.cmake
-- Installing: /home/nvidia/work/device_ws/install/miivii_gmsl_camera/share/miivii_gmsl_camera/cmake/miivii_gmsl_camera__rosidl_typesupport_introspection_cExport-noconfig.cmake
-- Installing: /home/nvidia/work/device_ws/install/miivii_gmsl_camera/share/miivii_gmsl_camera/cmake/miivii_gmsl_camera__rosidl_typesupport_cExport.cmake
-- Installing: /home/nvidia/work/device_ws/install/miivii_gmsl_camera/share/miivii_gmsl_camera/cmake/miivii_gmsl_camera__rosidl_typesupport_cExport-noconfig.cmake
-- Installing: /home/nvidia/work/device_ws/install/miivii_gmsl_camera/share/miivii_gmsl_camera/cmake/miivii_gmsl_camera__rosidl_typesupport_introspection_cppExport.cmake
-- Installing: /home/nvidia/work/device_ws/install/miivii_gmsl_camera/share/miivii_gmsl_camera/cmake/miivii_gmsl_camera__rosidl_typesupport_introspection_cppExport-noconfig.cmake
-- Installing: /home/nvidia/work/device_ws/install/miivii_gmsl_camera/share/miivii_gmsl_camera/cmake/miivii_gmsl_camera__rosidl_typesupport_cppExport.cmake
-- Installing: /home/nvidia/work/device_ws/install/miivii_gmsl_camera/share/miivii_gmsl_camera/cmake/miivii_gmsl_camera__rosidl_typesupport_cppExport-noconfig.cmake
-- Installing: /home/nvidia/work/device_ws/install/miivii_gmsl_camera/share/miivii_gmsl_camera/cmake/export_miivii_gmsl_camera__rosidl_generator_pyExport.cmake
-- Installing: /home/nvidia/work/device_ws/install/miivii_gmsl_camera/share/miivii_gmsl_camera/cmake/export_miivii_gmsl_camera__rosidl_generator_pyExport-noconfig.cmake
-- Installing: /home/nvidia/work/device_ws/install/miivii_gmsl_camera/share/miivii_gmsl_camera/cmake/rosidl_cmake-extras.cmake
-- Installing: /home/nvidia/work/device_ws/install/miivii_gmsl_camera/share/miivii_gmsl_camera/cmake/ament_cmake_export_dependencies-extras.cmake
-- Installing: /home/nvidia/work/device_ws/install/miivii_gmsl_camera/share/miivii_gmsl_camera/cmake/ament_cmake_export_include_directories-extras.cmake
-- Installing: /home/nvidia/work/device_ws/install/miivii_gmsl_camera/share/miivii_gmsl_camera/cmake/ament_cmake_export_libraries-extras.cmake
-- Installing: /home/nvidia/work/device_ws/install/miivii_gmsl_camera/share/miivii_gmsl_camera/cmake/ament_cmake_export_targets-extras.cmake
-- Installing: /home/nvidia/work/device_ws/install/miivii_gmsl_camera/share/miivii_gmsl_camera/cmake/rosidl_cmake_export_typesupport_targets-extras.cmake
-- Installing: /home/nvidia/work/device_ws/install/miivii_gmsl_camera/share/miivii_gmsl_camera/cmake/rosidl_cmake_export_typesupport_libraries-extras.cmake
-- Installing: /home/nvidia/work/device_ws/install/miivii_gmsl_camera/share/miivii_gmsl_camera/cmake/miivii_gmsl_cameraConfig.cmake
-- Installing: /home/nvidia/work/device_ws/install/miivii_gmsl_camera/share/miivii_gmsl_camera/cmake/miivii_gmsl_cameraConfig-version.cmake
-- Installing: /home/nvidia/work/device_ws/install/miivii_gmsl_camera/share/miivii_gmsl_camera/package.xml
-- Installing: /home/nvidia/work/device_ws/install/miivii_gmsl_camera/lib/miivii_gmsl_camera/miivii_gmsl_camera_node
-- Set runtime path of "/home/nvidia/work/device_ws/install/miivii_gmsl_camera/lib/miivii_gmsl_camera/miivii_gmsl_camera_node" to ""
