[0.024s] Invoking command in '/home/nvidia/work/device_ws/build/miivii_gmsl_camera': CMAKE_PREFIX_PATH=${CMAKE_PREFIX_PATH}:/home/nvidia/work/device_ws/install/sync_pkg:/opt/ros/humble /usr/bin/cmake /home/nvidia/work/device_ws/src/miivii_gmsl_camera/miivii_gmsl_ros -DCMAKE_INSTALL_PREFIX=/home/nvidia/work/device_ws/install/miivii_gmsl_camera
[0.148s] -- The C compiler identification is GNU 11.4.0
[0.252s] -- The CXX compiler identification is GNU 11.4.0
[0.265s] -- Detecting C compiler ABI info
[0.397s] -- Detecting C compiler ABI info - done
[0.414s] -- Check for working C compiler: /usr/bin/cc - skipped
[0.414s] -- Detecting C compile features
[0.415s] -- Detecting C compile features - done
[0.425s] -- Detecting CXX compiler ABI info
[0.572s] -- Detecting CXX compiler ABI info - done
[0.580s] -- Check for working CXX compiler: /usr/bin/c++ - skipped
[0.581s] -- Detecting CXX compile features
[0.582s] -- Detecting CXX compile features - done
[0.586s] -- Found ament_cmake: 1.3.12 (/opt/ros/humble/share/ament_cmake/cmake)
[0.847s] -- Found Python3: /usr/bin/python3 (found version "3.10.12") found components: Interpreter 
[1.018s] -- Found rclcpp: 16.0.15 (/opt/ros/humble/share/rclcpp/cmake)
[1.085s] -- Found rosidl_generator_c: 3.1.7 (/opt/ros/humble/share/rosidl_generator_c/cmake)
[1.092s] -- Found rosidl_adapter: 3.1.7 (/opt/ros/humble/share/rosidl_adapter/cmake)
[1.106s] -- Found rosidl_generator_cpp: 3.1.7 (/opt/ros/humble/share/rosidl_generator_cpp/cmake)
[1.128s] -- Using all available rosidl_typesupport_c: rosidl_typesupport_fastrtps_c;rosidl_typesupport_introspection_c
[1.155s] -- Using all available rosidl_typesupport_cpp: rosidl_typesupport_fastrtps_cpp;rosidl_typesupport_introspection_cpp
[1.227s] -- Found rmw_implementation_cmake: 6.1.2 (/opt/ros/humble/share/rmw_implementation_cmake/cmake)
[1.231s] -- Found rmw_fastrtps_cpp: 6.2.8 (/opt/ros/humble/share/rmw_fastrtps_cpp/cmake)
[1.357s] -- Found OpenSSL: /usr/lib/aarch64-linux-gnu/libcrypto.so (found version "3.0.2")  
[1.400s] -- Found FastRTPS: /opt/ros/humble/include  
[1.460s] -- Using RMW implementation 'rmw_fastrtps_cpp' as default
[1.475s] -- Looking for pthread.h
[1.599s] -- Looking for pthread.h - found
[1.600s] -- Performing Test CMAKE_HAVE_LIBC_PTHREAD
[1.728s] -- Performing Test CMAKE_HAVE_LIBC_PTHREAD - Success
[1.730s] -- Found Threads: TRUE  
[1.835s] -- Found sensor_msgs: 4.9.0 (/opt/ros/humble/share/sensor_msgs/cmake)
[1.885s] -- Found image_transport: 3.1.12 (/opt/ros/humble/share/image_transport/cmake)
[1.945s] -- Found camera_info_manager: 3.1.12 (/opt/ros/humble/share/camera_info_manager/cmake)
[1.969s] -- Found rosidl_default_generators: 1.2.0 (/opt/ros/humble/share/rosidl_default_generators/cmake)
[2.500s] -- Found ament_cmake_ros: 0.10.0 (/opt/ros/humble/share/ament_cmake_ros/cmake)
[3.141s] -- Using all available rosidl_typesupport_c: rosidl_typesupport_fastrtps_c;rosidl_typesupport_introspection_c
[3.402s] -- Using all available rosidl_typesupport_cpp: rosidl_typesupport_fastrtps_cpp;rosidl_typesupport_introspection_cpp
[3.445s] -- Found PythonInterp: /usr/bin/python3 (found suitable version "3.10.12", minimum required is "3.6") 
[3.448s] -- Found python_cmake_module: 0.10.0 (/opt/ros/humble/share/python_cmake_module/cmake)
[3.496s] -- Found PythonLibs: /usr/lib/aarch64-linux-gnu/libpython3.10.so (found suitable version "3.10.12", minimum required is "3.5") 
[3.497s] -- Using PYTHON_EXECUTABLE: /usr/bin/python3
[3.497s] -- Using PYTHON_INCLUDE_DIRS: /usr/include/python3.10
[3.498s] -- Using PYTHON_LIBRARIES: /usr/lib/aarch64-linux-gnu/libpython3.10.so
[3.537s] -- Found PythonExtra: .so  
[3.625s] -- Found ament_lint_auto: 0.12.14 (/opt/ros/humble/share/ament_lint_auto/cmake)
[3.657s] -- Added test 'copyright' to check source files copyright and LICENSE
[3.659s] -- Added test 'cppcheck' to perform static code analysis on C / C++ code
[3.660s] -- Configured cppcheck include dirs: 
[3.661s] -- Configured cppcheck exclude dirs and/or files: 
[3.663s] -- Added test 'cpplint' to check C / C++ code against the Google style
[3.663s] -- Configured cpplint exclude dirs and/or files: 
[3.664s] -- Added test 'lint_cmake' to check CMake code style
[3.667s] -- Added test 'uncrustify' to check C / C++ code style
[3.667s] -- Configured uncrustify additional arguments: 
[3.668s] -- Added test 'xmllint' to check XML markup files
[3.673s] [0mCMake Deprecation Warning at /opt/ros/humble/share/rosidl_cmake/cmake/rosidl_target_interfaces.cmake:32 (message):
[3.673s]   Use rosidl_get_typesupport_target() and target_link_libraries() instead of
[3.673s]   rosidl_target_interfaces()
[3.673s] Call Stack (most recent call first):
[3.674s]   CMakeLists.txt:73 (rosidl_target_interfaces)
[3.674s] 
[3.674s] [0m
[3.676s] -- Configuring done
[3.749s] -- Generating done
[3.773s] -- Build files have been written to: /home/nvidia/work/device_ws/build/miivii_gmsl_camera
[3.806s] Invoked command in '/home/nvidia/work/device_ws/build/miivii_gmsl_camera' returned '0': CMAKE_PREFIX_PATH=${CMAKE_PREFIX_PATH}:/home/nvidia/work/device_ws/install/sync_pkg:/opt/ros/humble /usr/bin/cmake /home/nvidia/work/device_ws/src/miivii_gmsl_camera/miivii_gmsl_ros -DCMAKE_INSTALL_PREFIX=/home/nvidia/work/device_ws/install/miivii_gmsl_camera
[3.808s] Invoking command in '/home/nvidia/work/device_ws/build/miivii_gmsl_camera': CMAKE_PREFIX_PATH=${CMAKE_PREFIX_PATH}:/home/nvidia/work/device_ws/install/sync_pkg:/opt/ros/humble /usr/bin/cmake --build /home/nvidia/work/device_ws/build/miivii_gmsl_camera -- -j6 -l6
[3.887s] [  2%] [34m[1mGenerating C++ code for ROS interfaces[0m
[4.355s] [  2%] Built target miivii_gmsl_camera__cpp
[4.400s] [  2%] Built target ament_cmake_python_copy_miivii_gmsl_camera
[4.416s] [  5%] [34m[1mGenerating C++ introspection for ROS interfaces[0m
[4.802s] [  8%] [32mBuilding CXX object CMakeFiles/miivii_gmsl_camera__rosidl_typesupport_introspection_cpp.dir/rosidl_typesupport_introspection_cpp/miivii_gmsl_camera/msg/detail/miivii_time__type_support.cpp.o[0m
[5.562s] [ 11%] [32m[1mLinking CXX shared library libmiivii_gmsl_camera__rosidl_typesupport_introspection_cpp.so[0m
[5.682s] [ 11%] Built target miivii_gmsl_camera__rosidl_typesupport_introspection_cpp
[6.064s] running egg_info
[6.065s] creating miivii_gmsl_camera.egg-info
[6.066s] writing miivii_gmsl_camera.egg-info/PKG-INFO
[6.066s] writing dependency_links to miivii_gmsl_camera.egg-info/dependency_links.txt
[6.066s] writing top-level names to miivii_gmsl_camera.egg-info/top_level.txt
[6.067s] writing manifest file 'miivii_gmsl_camera.egg-info/SOURCES.txt'
[6.070s] reading manifest file 'miivii_gmsl_camera.egg-info/SOURCES.txt'
[6.071s] writing manifest file 'miivii_gmsl_camera.egg-info/SOURCES.txt'
[6.126s] [ 11%] Built target ament_cmake_python_build_miivii_gmsl_camera_egg
[6.142s] [ 14%] [34m[1mGenerating C++ type support for eProsima Fast-RTPS[0m
[6.536s] [ 17%] [32mBuilding CXX object CMakeFiles/miivii_gmsl_camera__rosidl_typesupport_fastrtps_cpp.dir/rosidl_typesupport_fastrtps_cpp/miivii_gmsl_camera/msg/detail/dds_fastrtps/miivii_time__type_support.cpp.o[0m
[7.356s] [ 20%] [32m[1mLinking CXX shared library libmiivii_gmsl_camera__rosidl_typesupport_fastrtps_cpp.so[0m
[7.472s] [ 20%] Built target miivii_gmsl_camera__rosidl_typesupport_fastrtps_cpp
[7.487s] [ 23%] [34m[1mGenerating C++ type support dispatch for ROS interfaces[0m
[7.845s] [ 26%] [32mBuilding CXX object CMakeFiles/miivii_gmsl_camera__rosidl_typesupport_cpp.dir/rosidl_typesupport_cpp/miivii_gmsl_camera/msg/miivii_time__type_support.cpp.o[0m
[8.289s] [ 29%] [32m[1mLinking CXX shared library libmiivii_gmsl_camera__rosidl_typesupport_cpp.so[0m
[8.427s] [ 29%] Built target miivii_gmsl_camera__rosidl_typesupport_cpp
[8.441s] [ 32%] [34m[1mGenerating C code for ROS interfaces[0m
[8.934s] [ 35%] [32mBuilding C object CMakeFiles/miivii_gmsl_camera__rosidl_generator_c.dir/rosidl_generator_c/miivii_gmsl_camera/msg/detail/miivii_time__functions.c.o[0m
[9.020s] [ 38%] [32m[1mLinking C shared library libmiivii_gmsl_camera__rosidl_generator_c.so[0m
[9.077s] [ 38%] Built target miivii_gmsl_camera__rosidl_generator_c
[9.092s] [ 41%] [34m[1mGenerating C type support for eProsima Fast-RTPS[0m
[9.516s] [ 44%] [32mBuilding CXX object CMakeFiles/miivii_gmsl_camera__rosidl_typesupport_fastrtps_c.dir/rosidl_typesupport_fastrtps_c/miivii_gmsl_camera/msg/detail/miivii_time__type_support_c.cpp.o[0m
[10.156s] [ 47%] [32m[1mLinking CXX shared library libmiivii_gmsl_camera__rosidl_typesupport_fastrtps_c.so[0m
[10.278s] [ 47%] Built target miivii_gmsl_camera__rosidl_typesupport_fastrtps_c
[10.294s] [ 50%] [34m[1mGenerating C type support dispatch for ROS interfaces[0m
[10.656s] [ 52%] [32mBuilding CXX object CMakeFiles/miivii_gmsl_camera__rosidl_typesupport_c.dir/rosidl_typesupport_c/miivii_gmsl_camera/msg/miivii_time__type_support.cpp.o[0m
[10.706s] [ 55%] [32m[1mLinking CXX shared library libmiivii_gmsl_camera__rosidl_typesupport_c.so[0m
[10.764s] [ 55%] Built target miivii_gmsl_camera__rosidl_typesupport_c
[10.780s] [ 58%] [34m[1mGenerating C introspection for ROS interfaces[0m
[11.191s] [ 61%] [32mBuilding C object CMakeFiles/miivii_gmsl_camera__rosidl_typesupport_introspection_c.dir/rosidl_typesupport_introspection_c/miivii_gmsl_camera/msg/detail/miivii_time__type_support.c.o[0m
[11.259s] [ 64%] [32m[1mLinking C shared library libmiivii_gmsl_camera__rosidl_typesupport_introspection_c.so[0m
[11.306s] [ 64%] Built target miivii_gmsl_camera__rosidl_typesupport_introspection_c
[11.338s] [ 64%] Built target miivii_gmsl_camera
[11.372s] [ 67%] [34m[1mGenerating Python code for ROS interfaces[0m
[11.906s] [ 67%] Built target miivii_gmsl_camera__py
[11.943s] [ 70%] [32mBuilding CXX object CMakeFiles/miivii_gmsl_camera_node.dir/src/miivii_gmsl_camera.cpp.o[0m
[23.388s] [ 73%] [32mBuilding CXX object CMakeFiles/miivii_gmsl_camera_node.dir/src/miivii_gmsl_camera_node.cpp.o[0m
[27.873s] [01m[K/home/nvidia/work/device_ws/src/miivii_gmsl_camera/miivii_gmsl_ros/src/miivii_gmsl_camera_node.cpp:[m[K In function ‘[01m[Kvoid signal_handler(int)[m[K’:
[27.873s] [01m[K/home/nvidia/work/device_ws/src/miivii_gmsl_camera/miivii_gmsl_ros/src/miivii_gmsl_camera_node.cpp:10:25:[m[K [01;35m[Kwarning: [m[Kunused parameter ‘[01m[Ksignal[m[K’ [[01;35m[K]8;;https://gcc.gnu.org/onlinedocs/gcc/Warning-Options.html#index-Wunused-parameter-Wunused-parameter]8;;[m[K]
[27.873s]    10 | void signal_handler([01;35m[Kint signal[m[K) {
[27.873s]       |                     [01;35m[K~~~~^~~~~~[m[K
[29.009s] [ 76%] [32m[1mLinking CXX executable miivii_gmsl_camera_node[0m
[29.490s] [ 76%] Built target miivii_gmsl_camera_node
[29.524s] [ 79%] [32mBuilding C object CMakeFiles/miivii_gmsl_camera__rosidl_generator_py.dir/rosidl_generator_py/miivii_gmsl_camera/msg/_miivii_time_s.c.o[0m
[29.707s] [ 82%] [32m[1mLinking C shared library rosidl_generator_py/miivii_gmsl_camera/libmiivii_gmsl_camera__rosidl_generator_py.so[0m
[29.774s] [ 82%] Built target miivii_gmsl_camera__rosidl_generator_py
[29.809s] [ 91%] [32mBuilding C object CMakeFiles/miivii_gmsl_camera__rosidl_typesupport_fastrtps_c__pyext.dir/rosidl_generator_py/miivii_gmsl_camera/_miivii_gmsl_camera_s.ep.rosidl_typesupport_fastrtps_c.c.o[0m
[29.809s] [ 91%] [32mBuilding C object CMakeFiles/miivii_gmsl_camera__rosidl_typesupport_introspection_c__pyext.dir/rosidl_generator_py/miivii_gmsl_camera/_miivii_gmsl_camera_s.ep.rosidl_typesupport_introspection_c.c.o[0m
[29.809s] [ 91%] [32mBuilding C object CMakeFiles/miivii_gmsl_camera__rosidl_typesupport_c__pyext.dir/rosidl_generator_py/miivii_gmsl_camera/_miivii_gmsl_camera_s.ep.rosidl_typesupport_c.c.o[0m
[29.980s] [ 94%] [32m[1mLinking C shared library rosidl_generator_py/miivii_gmsl_camera/miivii_gmsl_camera_s__rosidl_typesupport_introspection_c.cpython-310-aarch64-linux-gnu.so[0m
[30.012s] [ 97%] [32m[1mLinking C shared library rosidl_generator_py/miivii_gmsl_camera/miivii_gmsl_camera_s__rosidl_typesupport_fastrtps_c.cpython-310-aarch64-linux-gnu.so[0m
[30.022s] [100%] [32m[1mLinking C shared library rosidl_generator_py/miivii_gmsl_camera/miivii_gmsl_camera_s__rosidl_typesupport_c.cpython-310-aarch64-linux-gnu.so[0m
[30.093s] [100%] Built target miivii_gmsl_camera__rosidl_typesupport_fastrtps_c__pyext
[30.093s] [100%] Built target miivii_gmsl_camera__rosidl_typesupport_introspection_c__pyext
[30.098s] [100%] Built target miivii_gmsl_camera__rosidl_typesupport_c__pyext
[30.118s] Invoked command in '/home/nvidia/work/device_ws/build/miivii_gmsl_camera' returned '0': CMAKE_PREFIX_PATH=${CMAKE_PREFIX_PATH}:/home/nvidia/work/device_ws/install/sync_pkg:/opt/ros/humble /usr/bin/cmake --build /home/nvidia/work/device_ws/build/miivii_gmsl_camera -- -j6 -l6
[30.121s] Invoking command in '/home/nvidia/work/device_ws/build/miivii_gmsl_camera': CMAKE_PREFIX_PATH=${CMAKE_PREFIX_PATH}:/home/nvidia/work/device_ws/install/sync_pkg:/opt/ros/humble /usr/bin/cmake --install /home/nvidia/work/device_ws/build/miivii_gmsl_camera
[30.136s] -- Install configuration: ""
[30.136s] -- Installing: /home/nvidia/work/device_ws/install/miivii_gmsl_camera/share/ament_index/resource_index/rosidl_interfaces/miivii_gmsl_camera
[30.136s] -- Installing: /home/nvidia/work/device_ws/install/miivii_gmsl_camera/include/miivii_gmsl_camera/miivii_gmsl_camera
[30.136s] -- Installing: /home/nvidia/work/device_ws/install/miivii_gmsl_camera/include/miivii_gmsl_camera/miivii_gmsl_camera/msg
[30.136s] -- Installing: /home/nvidia/work/device_ws/install/miivii_gmsl_camera/include/miivii_gmsl_camera/miivii_gmsl_camera/msg/detail
[30.137s] -- Installing: /home/nvidia/work/device_ws/install/miivii_gmsl_camera/include/miivii_gmsl_camera/miivii_gmsl_camera/msg/detail/miivii_time__functions.h
[30.137s] -- Installing: /home/nvidia/work/device_ws/install/miivii_gmsl_camera/include/miivii_gmsl_camera/miivii_gmsl_camera/msg/detail/miivii_time__type_support.h
[30.137s] -- Installing: /home/nvidia/work/device_ws/install/miivii_gmsl_camera/include/miivii_gmsl_camera/miivii_gmsl_camera/msg/detail/miivii_time__struct.h
[30.137s] -- Installing: /home/nvidia/work/device_ws/install/miivii_gmsl_camera/include/miivii_gmsl_camera/miivii_gmsl_camera/msg/detail/miivii_time__functions.c
[30.138s] -- Installing: /home/nvidia/work/device_ws/install/miivii_gmsl_camera/include/miivii_gmsl_camera/miivii_gmsl_camera/msg/rosidl_generator_c__visibility_control.h
[30.138s] -- Installing: /home/nvidia/work/device_ws/install/miivii_gmsl_camera/include/miivii_gmsl_camera/miivii_gmsl_camera/msg/miivii_time.h
[30.138s] -- Installing: /home/nvidia/work/device_ws/install/miivii_gmsl_camera/share/miivii_gmsl_camera/environment/library_path.sh
[30.138s] -- Installing: /home/nvidia/work/device_ws/install/miivii_gmsl_camera/share/miivii_gmsl_camera/environment/library_path.dsv
[30.139s] -- Installing: /home/nvidia/work/device_ws/install/miivii_gmsl_camera/lib/libmiivii_gmsl_camera__rosidl_generator_c.so
[30.140s] -- Set runtime path of "/home/nvidia/work/device_ws/install/miivii_gmsl_camera/lib/libmiivii_gmsl_camera__rosidl_generator_c.so" to ""
[30.140s] -- Up-to-date: /home/nvidia/work/device_ws/install/miivii_gmsl_camera/include/miivii_gmsl_camera/miivii_gmsl_camera
[30.140s] -- Up-to-date: /home/nvidia/work/device_ws/install/miivii_gmsl_camera/include/miivii_gmsl_camera/miivii_gmsl_camera/msg
[30.141s] -- Installing: /home/nvidia/work/device_ws/install/miivii_gmsl_camera/include/miivii_gmsl_camera/miivii_gmsl_camera/msg/rosidl_typesupport_fastrtps_c__visibility_control.h
[30.141s] -- Up-to-date: /home/nvidia/work/device_ws/install/miivii_gmsl_camera/include/miivii_gmsl_camera/miivii_gmsl_camera/msg/detail
[30.141s] -- Installing: /home/nvidia/work/device_ws/install/miivii_gmsl_camera/include/miivii_gmsl_camera/miivii_gmsl_camera/msg/detail/miivii_time__rosidl_typesupport_fastrtps_c.h
[30.141s] -- Installing: /home/nvidia/work/device_ws/install/miivii_gmsl_camera/lib/libmiivii_gmsl_camera__rosidl_typesupport_fastrtps_c.so
[30.141s] -- Set runtime path of "/home/nvidia/work/device_ws/install/miivii_gmsl_camera/lib/libmiivii_gmsl_camera__rosidl_typesupport_fastrtps_c.so" to ""
[30.142s] -- Up-to-date: /home/nvidia/work/device_ws/install/miivii_gmsl_camera/include/miivii_gmsl_camera/miivii_gmsl_camera
[30.142s] -- Up-to-date: /home/nvidia/work/device_ws/install/miivii_gmsl_camera/include/miivii_gmsl_camera/miivii_gmsl_camera/msg
[30.142s] -- Installing: /home/nvidia/work/device_ws/install/miivii_gmsl_camera/include/miivii_gmsl_camera/miivii_gmsl_camera/msg/rosidl_generator_cpp__visibility_control.hpp
[30.142s] -- Up-to-date: /home/nvidia/work/device_ws/install/miivii_gmsl_camera/include/miivii_gmsl_camera/miivii_gmsl_camera/msg/detail
[30.142s] -- Installing: /home/nvidia/work/device_ws/install/miivii_gmsl_camera/include/miivii_gmsl_camera/miivii_gmsl_camera/msg/detail/miivii_time__traits.hpp
[30.143s] -- Installing: /home/nvidia/work/device_ws/install/miivii_gmsl_camera/include/miivii_gmsl_camera/miivii_gmsl_camera/msg/detail/miivii_time__struct.hpp
[30.143s] -- Installing: /home/nvidia/work/device_ws/install/miivii_gmsl_camera/include/miivii_gmsl_camera/miivii_gmsl_camera/msg/detail/miivii_time__builder.hpp
[30.143s] -- Installing: /home/nvidia/work/device_ws/install/miivii_gmsl_camera/include/miivii_gmsl_camera/miivii_gmsl_camera/msg/detail/miivii_time__type_support.hpp
[30.143s] -- Installing: /home/nvidia/work/device_ws/install/miivii_gmsl_camera/include/miivii_gmsl_camera/miivii_gmsl_camera/msg/miivii_time.hpp
[30.143s] -- Up-to-date: /home/nvidia/work/device_ws/install/miivii_gmsl_camera/include/miivii_gmsl_camera/miivii_gmsl_camera
[30.143s] -- Up-to-date: /home/nvidia/work/device_ws/install/miivii_gmsl_camera/include/miivii_gmsl_camera/miivii_gmsl_camera/msg
[30.143s] -- Up-to-date: /home/nvidia/work/device_ws/install/miivii_gmsl_camera/include/miivii_gmsl_camera/miivii_gmsl_camera/msg/detail
[30.143s] -- Installing: /home/nvidia/work/device_ws/install/miivii_gmsl_camera/include/miivii_gmsl_camera/miivii_gmsl_camera/msg/detail/miivii_time__rosidl_typesupport_fastrtps_cpp.hpp
[30.144s] -- Installing: /home/nvidia/work/device_ws/install/miivii_gmsl_camera/include/miivii_gmsl_camera/miivii_gmsl_camera/msg/detail/dds_fastrtps
[30.144s] -- Installing: /home/nvidia/work/device_ws/install/miivii_gmsl_camera/include/miivii_gmsl_camera/miivii_gmsl_camera/msg/rosidl_typesupport_fastrtps_cpp__visibility_control.h
[30.144s] -- Installing: /home/nvidia/work/device_ws/install/miivii_gmsl_camera/lib/libmiivii_gmsl_camera__rosidl_typesupport_fastrtps_cpp.so
[30.144s] -- Set runtime path of "/home/nvidia/work/device_ws/install/miivii_gmsl_camera/lib/libmiivii_gmsl_camera__rosidl_typesupport_fastrtps_cpp.so" to ""
[30.145s] -- Up-to-date: /home/nvidia/work/device_ws/install/miivii_gmsl_camera/include/miivii_gmsl_camera/miivii_gmsl_camera
[30.145s] -- Up-to-date: /home/nvidia/work/device_ws/install/miivii_gmsl_camera/include/miivii_gmsl_camera/miivii_gmsl_camera/msg
[30.145s] -- Up-to-date: /home/nvidia/work/device_ws/install/miivii_gmsl_camera/include/miivii_gmsl_camera/miivii_gmsl_camera/msg/detail
[30.145s] -- Installing: /home/nvidia/work/device_ws/install/miivii_gmsl_camera/include/miivii_gmsl_camera/miivii_gmsl_camera/msg/detail/miivii_time__rosidl_typesupport_introspection_c.h
[30.145s] -- Installing: /home/nvidia/work/device_ws/install/miivii_gmsl_camera/include/miivii_gmsl_camera/miivii_gmsl_camera/msg/detail/miivii_time__type_support.c
[30.145s] -- Installing: /home/nvidia/work/device_ws/install/miivii_gmsl_camera/include/miivii_gmsl_camera/miivii_gmsl_camera/msg/rosidl_typesupport_introspection_c__visibility_control.h
[30.146s] -- Installing: /home/nvidia/work/device_ws/install/miivii_gmsl_camera/lib/libmiivii_gmsl_camera__rosidl_typesupport_introspection_c.so
[30.146s] -- Set runtime path of "/home/nvidia/work/device_ws/install/miivii_gmsl_camera/lib/libmiivii_gmsl_camera__rosidl_typesupport_introspection_c.so" to ""
[30.146s] -- Installing: /home/nvidia/work/device_ws/install/miivii_gmsl_camera/lib/libmiivii_gmsl_camera__rosidl_typesupport_c.so
[30.147s] -- Set runtime path of "/home/nvidia/work/device_ws/install/miivii_gmsl_camera/lib/libmiivii_gmsl_camera__rosidl_typesupport_c.so" to ""
[30.147s] -- Up-to-date: /home/nvidia/work/device_ws/install/miivii_gmsl_camera/include/miivii_gmsl_camera/miivii_gmsl_camera
[30.147s] -- Up-to-date: /home/nvidia/work/device_ws/install/miivii_gmsl_camera/include/miivii_gmsl_camera/miivii_gmsl_camera/msg
[30.147s] -- Up-to-date: /home/nvidia/work/device_ws/install/miivii_gmsl_camera/include/miivii_gmsl_camera/miivii_gmsl_camera/msg/detail
[30.147s] -- Installing: /home/nvidia/work/device_ws/install/miivii_gmsl_camera/include/miivii_gmsl_camera/miivii_gmsl_camera/msg/detail/miivii_time__rosidl_typesupport_introspection_cpp.hpp
[30.147s] -- Installing: /home/nvidia/work/device_ws/install/miivii_gmsl_camera/include/miivii_gmsl_camera/miivii_gmsl_camera/msg/detail/miivii_time__type_support.cpp
[30.148s] -- Installing: /home/nvidia/work/device_ws/install/miivii_gmsl_camera/lib/libmiivii_gmsl_camera__rosidl_typesupport_introspection_cpp.so
[30.149s] -- Set runtime path of "/home/nvidia/work/device_ws/install/miivii_gmsl_camera/lib/libmiivii_gmsl_camera__rosidl_typesupport_introspection_cpp.so" to ""
[30.149s] -- Installing: /home/nvidia/work/device_ws/install/miivii_gmsl_camera/lib/libmiivii_gmsl_camera__rosidl_typesupport_cpp.so
[30.149s] -- Set runtime path of "/home/nvidia/work/device_ws/install/miivii_gmsl_camera/lib/libmiivii_gmsl_camera__rosidl_typesupport_cpp.so" to ""
[30.149s] -- Installing: /home/nvidia/work/device_ws/install/miivii_gmsl_camera/share/miivii_gmsl_camera/environment/pythonpath.sh
[30.150s] -- Installing: /home/nvidia/work/device_ws/install/miivii_gmsl_camera/share/miivii_gmsl_camera/environment/pythonpath.dsv
[30.150s] -- Installing: /home/nvidia/work/device_ws/install/miivii_gmsl_camera/local/lib/python3.10/dist-packages/miivii_gmsl_camera-0.0.0-py3.10.egg-info
[30.150s] -- Installing: /home/nvidia/work/device_ws/install/miivii_gmsl_camera/local/lib/python3.10/dist-packages/miivii_gmsl_camera-0.0.0-py3.10.egg-info/top_level.txt
[30.150s] -- Installing: /home/nvidia/work/device_ws/install/miivii_gmsl_camera/local/lib/python3.10/dist-packages/miivii_gmsl_camera-0.0.0-py3.10.egg-info/PKG-INFO
[30.150s] -- Installing: /home/nvidia/work/device_ws/install/miivii_gmsl_camera/local/lib/python3.10/dist-packages/miivii_gmsl_camera-0.0.0-py3.10.egg-info/dependency_links.txt
[30.151s] -- Installing: /home/nvidia/work/device_ws/install/miivii_gmsl_camera/local/lib/python3.10/dist-packages/miivii_gmsl_camera-0.0.0-py3.10.egg-info/SOURCES.txt
[30.151s] -- Installing: /home/nvidia/work/device_ws/install/miivii_gmsl_camera/local/lib/python3.10/dist-packages/miivii_gmsl_camera
[30.151s] -- Installing: /home/nvidia/work/device_ws/install/miivii_gmsl_camera/local/lib/python3.10/dist-packages/miivii_gmsl_camera/miivii_gmsl_camera_s__rosidl_typesupport_introspection_c.cpython-310-aarch64-linux-gnu.so
[30.151s] -- Installing: /home/nvidia/work/device_ws/install/miivii_gmsl_camera/local/lib/python3.10/dist-packages/miivii_gmsl_camera/msg
[30.151s] -- Installing: /home/nvidia/work/device_ws/install/miivii_gmsl_camera/local/lib/python3.10/dist-packages/miivii_gmsl_camera/msg/_miivii_time_s.c
[30.151s] -- Installing: /home/nvidia/work/device_ws/install/miivii_gmsl_camera/local/lib/python3.10/dist-packages/miivii_gmsl_camera/msg/__init__.py
[30.152s] -- Installing: /home/nvidia/work/device_ws/install/miivii_gmsl_camera/local/lib/python3.10/dist-packages/miivii_gmsl_camera/msg/_miivii_time.py
[30.152s] -- Installing: /home/nvidia/work/device_ws/install/miivii_gmsl_camera/local/lib/python3.10/dist-packages/miivii_gmsl_camera/__init__.py
[30.152s] -- Installing: /home/nvidia/work/device_ws/install/miivii_gmsl_camera/local/lib/python3.10/dist-packages/miivii_gmsl_camera/_miivii_gmsl_camera_s.ep.rosidl_typesupport_introspection_c.c
[30.152s] -- Installing: /home/nvidia/work/device_ws/install/miivii_gmsl_camera/local/lib/python3.10/dist-packages/miivii_gmsl_camera/libmiivii_gmsl_camera__rosidl_generator_py.so
[30.152s] -- Installing: /home/nvidia/work/device_ws/install/miivii_gmsl_camera/local/lib/python3.10/dist-packages/miivii_gmsl_camera/miivii_gmsl_camera_s__rosidl_typesupport_fastrtps_c.cpython-310-aarch64-linux-gnu.so
[30.153s] -- Installing: /home/nvidia/work/device_ws/install/miivii_gmsl_camera/local/lib/python3.10/dist-packages/miivii_gmsl_camera/_miivii_gmsl_camera_s.ep.rosidl_typesupport_c.c
[30.153s] -- Installing: /home/nvidia/work/device_ws/install/miivii_gmsl_camera/local/lib/python3.10/dist-packages/miivii_gmsl_camera/_miivii_gmsl_camera_s.ep.rosidl_typesupport_fastrtps_c.c
[30.153s] -- Installing: /home/nvidia/work/device_ws/install/miivii_gmsl_camera/local/lib/python3.10/dist-packages/miivii_gmsl_camera/miivii_gmsl_camera_s__rosidl_typesupport_c.cpython-310-aarch64-linux-gnu.so
[30.214s] Listing '/home/nvidia/work/device_ws/install/miivii_gmsl_camera/local/lib/python3.10/dist-packages/miivii_gmsl_camera'...
[30.214s] Compiling '/home/nvidia/work/device_ws/install/miivii_gmsl_camera/local/lib/python3.10/dist-packages/miivii_gmsl_camera/__init__.py'...
[30.214s] Listing '/home/nvidia/work/device_ws/install/miivii_gmsl_camera/local/lib/python3.10/dist-packages/miivii_gmsl_camera/msg'...
[30.214s] Compiling '/home/nvidia/work/device_ws/install/miivii_gmsl_camera/local/lib/python3.10/dist-packages/miivii_gmsl_camera/msg/__init__.py'...
[30.214s] Compiling '/home/nvidia/work/device_ws/install/miivii_gmsl_camera/local/lib/python3.10/dist-packages/miivii_gmsl_camera/msg/_miivii_time.py'...
[30.223s] -- Installing: /home/nvidia/work/device_ws/install/miivii_gmsl_camera/local/lib/python3.10/dist-packages/miivii_gmsl_camera/miivii_gmsl_camera_s__rosidl_typesupport_fastrtps_c.cpython-310-aarch64-linux-gnu.so
[30.223s] -- Set runtime path of "/home/nvidia/work/device_ws/install/miivii_gmsl_camera/local/lib/python3.10/dist-packages/miivii_gmsl_camera/miivii_gmsl_camera_s__rosidl_typesupport_fastrtps_c.cpython-310-aarch64-linux-gnu.so" to ""
[30.224s] -- Installing: /home/nvidia/work/device_ws/install/miivii_gmsl_camera/local/lib/python3.10/dist-packages/miivii_gmsl_camera/miivii_gmsl_camera_s__rosidl_typesupport_introspection_c.cpython-310-aarch64-linux-gnu.so
[30.224s] -- Set runtime path of "/home/nvidia/work/device_ws/install/miivii_gmsl_camera/local/lib/python3.10/dist-packages/miivii_gmsl_camera/miivii_gmsl_camera_s__rosidl_typesupport_introspection_c.cpython-310-aarch64-linux-gnu.so" to ""
[30.224s] -- Installing: /home/nvidia/work/device_ws/install/miivii_gmsl_camera/local/lib/python3.10/dist-packages/miivii_gmsl_camera/miivii_gmsl_camera_s__rosidl_typesupport_c.cpython-310-aarch64-linux-gnu.so
[30.225s] -- Set runtime path of "/home/nvidia/work/device_ws/install/miivii_gmsl_camera/local/lib/python3.10/dist-packages/miivii_gmsl_camera/miivii_gmsl_camera_s__rosidl_typesupport_c.cpython-310-aarch64-linux-gnu.so" to ""
[30.225s] -- Installing: /home/nvidia/work/device_ws/install/miivii_gmsl_camera/lib/libmiivii_gmsl_camera__rosidl_generator_py.so
[30.225s] -- Set runtime path of "/home/nvidia/work/device_ws/install/miivii_gmsl_camera/lib/libmiivii_gmsl_camera__rosidl_generator_py.so" to ""
[30.226s] -- Installing: /home/nvidia/work/device_ws/install/miivii_gmsl_camera/share/miivii_gmsl_camera/msg/MiiviiTime.idl
[30.226s] -- Installing: /home/nvidia/work/device_ws/install/miivii_gmsl_camera/share/miivii_gmsl_camera/msg/MiiviiTime.msg
[30.226s] -- Installing: /home/nvidia/work/device_ws/install/miivii_gmsl_camera/share/miivii_gmsl_camera//launch
[30.227s] -- Installing: /home/nvidia/work/device_ws/install/miivii_gmsl_camera/share/miivii_gmsl_camera//launch/small_delivery_car_profile1_withoutrviz.launch
[30.227s] -- Installing: /home/nvidia/work/device_ws/install/miivii_gmsl_camera/share/miivii_gmsl_camera//launch/autonomous_truck_profile1_withoutrviz.launch
[30.228s] -- Installing: /home/nvidia/work/device_ws/install/miivii_gmsl_camera/share/miivii_gmsl_camera//launch/6CameraSync_30fps.launch
[30.228s] -- Installing: /home/nvidia/work/device_ws/install/miivii_gmsl_camera/share/miivii_gmsl_camera//launch/autonomous_truck_profile1.launch
[30.229s] -- Installing: /home/nvidia/work/device_ws/install/miivii_gmsl_camera/share/miivii_gmsl_camera//launch/small_delivery_car_profile1.launch
[30.229s] -- Installing: /home/nvidia/work/device_ws/install/miivii_gmsl_camera/share/miivii_gmsl_camera//launch/single.launch
[30.230s] -- Installing: /home/nvidia/work/device_ws/install/miivii_gmsl_camera/share/miivii_gmsl_camera//config
[30.230s] -- Installing: /home/nvidia/work/device_ws/install/miivii_gmsl_camera/share/miivii_gmsl_camera//config/single.rviz
[30.230s] -- Installing: /home/nvidia/work/device_ws/install/miivii_gmsl_camera/share/miivii_gmsl_camera//config/multi.rviz
[30.231s] -- Installing: /home/nvidia/work/device_ws/install/miivii_gmsl_camera/share/ament_index/resource_index/package_run_dependencies/miivii_gmsl_camera
[30.232s] -- Installing: /home/nvidia/work/device_ws/install/miivii_gmsl_camera/share/ament_index/resource_index/parent_prefix_path/miivii_gmsl_camera
[30.232s] -- Installing: /home/nvidia/work/device_ws/install/miivii_gmsl_camera/share/miivii_gmsl_camera/environment/ament_prefix_path.sh
[30.233s] -- Installing: /home/nvidia/work/device_ws/install/miivii_gmsl_camera/share/miivii_gmsl_camera/environment/ament_prefix_path.dsv
[30.233s] -- Installing: /home/nvidia/work/device_ws/install/miivii_gmsl_camera/share/miivii_gmsl_camera/environment/path.sh
[30.234s] -- Installing: /home/nvidia/work/device_ws/install/miivii_gmsl_camera/share/miivii_gmsl_camera/environment/path.dsv
[30.234s] -- Installing: /home/nvidia/work/device_ws/install/miivii_gmsl_camera/share/miivii_gmsl_camera/local_setup.bash
[30.234s] -- Installing: /home/nvidia/work/device_ws/install/miivii_gmsl_camera/share/miivii_gmsl_camera/local_setup.sh
[30.235s] -- Installing: /home/nvidia/work/device_ws/install/miivii_gmsl_camera/share/miivii_gmsl_camera/local_setup.zsh
[30.235s] -- Installing: /home/nvidia/work/device_ws/install/miivii_gmsl_camera/share/miivii_gmsl_camera/local_setup.dsv
[30.235s] -- Installing: /home/nvidia/work/device_ws/install/miivii_gmsl_camera/share/miivii_gmsl_camera/package.dsv
[30.236s] -- Installing: /home/nvidia/work/device_ws/install/miivii_gmsl_camera/share/ament_index/resource_index/packages/miivii_gmsl_camera
[30.236s] -- Installing: /home/nvidia/work/device_ws/install/miivii_gmsl_camera/share/miivii_gmsl_camera/cmake/export_miivii_gmsl_camera__rosidl_generator_cExport.cmake
[30.236s] -- Installing: /home/nvidia/work/device_ws/install/miivii_gmsl_camera/share/miivii_gmsl_camera/cmake/export_miivii_gmsl_camera__rosidl_generator_cExport-noconfig.cmake
[30.237s] -- Installing: /home/nvidia/work/device_ws/install/miivii_gmsl_camera/share/miivii_gmsl_camera/cmake/export_miivii_gmsl_camera__rosidl_typesupport_fastrtps_cExport.cmake
[30.237s] -- Installing: /home/nvidia/work/device_ws/install/miivii_gmsl_camera/share/miivii_gmsl_camera/cmake/export_miivii_gmsl_camera__rosidl_typesupport_fastrtps_cExport-noconfig.cmake
[30.237s] -- Installing: /home/nvidia/work/device_ws/install/miivii_gmsl_camera/share/miivii_gmsl_camera/cmake/export_miivii_gmsl_camera__rosidl_generator_cppExport.cmake
[30.238s] -- Installing: /home/nvidia/work/device_ws/install/miivii_gmsl_camera/share/miivii_gmsl_camera/cmake/export_miivii_gmsl_camera__rosidl_typesupport_fastrtps_cppExport.cmake
[30.238s] -- Installing: /home/nvidia/work/device_ws/install/miivii_gmsl_camera/share/miivii_gmsl_camera/cmake/export_miivii_gmsl_camera__rosidl_typesupport_fastrtps_cppExport-noconfig.cmake
[30.238s] -- Installing: /home/nvidia/work/device_ws/install/miivii_gmsl_camera/share/miivii_gmsl_camera/cmake/miivii_gmsl_camera__rosidl_typesupport_introspection_cExport.cmake
[30.239s] -- Installing: /home/nvidia/work/device_ws/install/miivii_gmsl_camera/share/miivii_gmsl_camera/cmake/miivii_gmsl_camera__rosidl_typesupport_introspection_cExport-noconfig.cmake
[30.239s] -- Installing: /home/nvidia/work/device_ws/install/miivii_gmsl_camera/share/miivii_gmsl_camera/cmake/miivii_gmsl_camera__rosidl_typesupport_cExport.cmake
[30.240s] -- Installing: /home/nvidia/work/device_ws/install/miivii_gmsl_camera/share/miivii_gmsl_camera/cmake/miivii_gmsl_camera__rosidl_typesupport_cExport-noconfig.cmake
[30.240s] -- Installing: /home/nvidia/work/device_ws/install/miivii_gmsl_camera/share/miivii_gmsl_camera/cmake/miivii_gmsl_camera__rosidl_typesupport_introspection_cppExport.cmake
[30.240s] -- Installing: /home/nvidia/work/device_ws/install/miivii_gmsl_camera/share/miivii_gmsl_camera/cmake/miivii_gmsl_camera__rosidl_typesupport_introspection_cppExport-noconfig.cmake
[30.240s] -- Installing: /home/nvidia/work/device_ws/install/miivii_gmsl_camera/share/miivii_gmsl_camera/cmake/miivii_gmsl_camera__rosidl_typesupport_cppExport.cmake
[30.241s] -- Installing: /home/nvidia/work/device_ws/install/miivii_gmsl_camera/share/miivii_gmsl_camera/cmake/miivii_gmsl_camera__rosidl_typesupport_cppExport-noconfig.cmake
[30.241s] -- Installing: /home/nvidia/work/device_ws/install/miivii_gmsl_camera/share/miivii_gmsl_camera/cmake/export_miivii_gmsl_camera__rosidl_generator_pyExport.cmake
[30.241s] -- Installing: /home/nvidia/work/device_ws/install/miivii_gmsl_camera/share/miivii_gmsl_camera/cmake/export_miivii_gmsl_camera__rosidl_generator_pyExport-noconfig.cmake
[30.242s] -- Installing: /home/nvidia/work/device_ws/install/miivii_gmsl_camera/share/miivii_gmsl_camera/cmake/rosidl_cmake-extras.cmake
[30.242s] -- Installing: /home/nvidia/work/device_ws/install/miivii_gmsl_camera/share/miivii_gmsl_camera/cmake/ament_cmake_export_dependencies-extras.cmake
[30.243s] -- Installing: /home/nvidia/work/device_ws/install/miivii_gmsl_camera/share/miivii_gmsl_camera/cmake/ament_cmake_export_include_directories-extras.cmake
[30.243s] -- Installing: /home/nvidia/work/device_ws/install/miivii_gmsl_camera/share/miivii_gmsl_camera/cmake/ament_cmake_export_libraries-extras.cmake
[30.244s] -- Installing: /home/nvidia/work/device_ws/install/miivii_gmsl_camera/share/miivii_gmsl_camera/cmake/ament_cmake_export_targets-extras.cmake
[30.244s] -- Installing: /home/nvidia/work/device_ws/install/miivii_gmsl_camera/share/miivii_gmsl_camera/cmake/rosidl_cmake_export_typesupport_targets-extras.cmake
[30.244s] -- Installing: /home/nvidia/work/device_ws/install/miivii_gmsl_camera/share/miivii_gmsl_camera/cmake/rosidl_cmake_export_typesupport_libraries-extras.cmake
[30.245s] -- Installing: /home/nvidia/work/device_ws/install/miivii_gmsl_camera/share/miivii_gmsl_camera/cmake/miivii_gmsl_cameraConfig.cmake
[30.245s] -- Installing: /home/nvidia/work/device_ws/install/miivii_gmsl_camera/share/miivii_gmsl_camera/cmake/miivii_gmsl_cameraConfig-version.cmake
[30.246s] -- Installing: /home/nvidia/work/device_ws/install/miivii_gmsl_camera/share/miivii_gmsl_camera/package.xml
[30.246s] -- Installing: /home/nvidia/work/device_ws/install/miivii_gmsl_camera/lib/miivii_gmsl_camera/miivii_gmsl_camera_node
[30.252s] -- Set runtime path of "/home/nvidia/work/device_ws/install/miivii_gmsl_camera/lib/miivii_gmsl_camera/miivii_gmsl_camera_node" to ""
[30.260s] Invoked command in '/home/nvidia/work/device_ws/build/miivii_gmsl_camera' returned '0': CMAKE_PREFIX_PATH=${CMAKE_PREFIX_PATH}:/home/nvidia/work/device_ws/install/sync_pkg:/opt/ros/humble /usr/bin/cmake --install /home/nvidia/work/device_ws/build/miivii_gmsl_camera
