/home/nvidia/work/device_ws/install/sync_pkg/lib/python3.10/site-packages/sync_pkg/multi_sync_pub.py
/home/nvidia/work/device_ws/install/sync_pkg/lib/python3.10/site-packages/sync_pkg/multi_sync_rename.py
/home/nvidia/work/device_ws/install/sync_pkg/lib/python3.10/site-packages/sync_pkg/__init__.py
/home/nvidia/work/device_ws/install/sync_pkg/lib/python3.10/site-packages/sync_pkg/multi_sync_rename copy.py
/home/nvidia/work/device_ws/install/sync_pkg/lib/python3.10/site-packages/sync_pkg/__pycache__/multi_sync_pub.cpython-310.pyc
/home/nvidia/work/device_ws/install/sync_pkg/lib/python3.10/site-packages/sync_pkg/__pycache__/multi_sync_rename.cpython-310.pyc
/home/nvidia/work/device_ws/install/sync_pkg/lib/python3.10/site-packages/sync_pkg/__pycache__/__init__.cpython-310.pyc
/home/nvidia/work/device_ws/install/sync_pkg/lib/python3.10/site-packages/sync_pkg/__pycache__/multi_sync_rename copy.cpython-310.pyc
/home/nvidia/work/device_ws/install/sync_pkg/share/ament_index/resource_index/packages/sync_pkg
/home/nvidia/work/device_ws/install/sync_pkg/share/sync_pkg/package.xml
/home/nvidia/work/device_ws/install/sync_pkg/share/sync_pkg/launch/sync.launch.py
/home/nvidia/work/device_ws/install/sync_pkg/lib/python3.10/site-packages/sync_pkg-0.0.1-py3.10.egg-info/zip-safe
/home/nvidia/work/device_ws/install/sync_pkg/lib/python3.10/site-packages/sync_pkg-0.0.1-py3.10.egg-info/top_level.txt
/home/nvidia/work/device_ws/install/sync_pkg/lib/python3.10/site-packages/sync_pkg-0.0.1-py3.10.egg-info/entry_points.txt
/home/nvidia/work/device_ws/install/sync_pkg/lib/python3.10/site-packages/sync_pkg-0.0.1-py3.10.egg-info/PKG-INFO
/home/nvidia/work/device_ws/install/sync_pkg/lib/python3.10/site-packages/sync_pkg-0.0.1-py3.10.egg-info/dependency_links.txt
/home/nvidia/work/device_ws/install/sync_pkg/lib/python3.10/site-packages/sync_pkg-0.0.1-py3.10.egg-info/SOURCES.txt
/home/nvidia/work/device_ws/install/sync_pkg/lib/python3.10/site-packages/sync_pkg-0.0.1-py3.10.egg-info/requires.txt
/home/nvidia/work/device_ws/install/sync_pkg/lib/sync_pkg/multi_sync_pub
/home/nvidia/work/device_ws/install/sync_pkg/lib/sync_pkg/multi_sync_rename
