running egg_info
writing ../../build/sync_pkg/sync_pkg.egg-info/PKG-INFO
writing dependency_links to ../../build/sync_pkg/sync_pkg.egg-info/dependency_links.txt
writing entry points to ../../build/sync_pkg/sync_pkg.egg-info/entry_points.txt
writing requirements to ../../build/sync_pkg/sync_pkg.egg-info/requires.txt
writing top-level names to ../../build/sync_pkg/sync_pkg.egg-info/top_level.txt
reading manifest file '../../build/sync_pkg/sync_pkg.egg-info/SOURCES.txt'
writing manifest file '../../build/sync_pkg/sync_pkg.egg-info/SOURCES.txt'
running build
running build_py
copying sync_pkg/multi_sync_pub.py -> /home/nvidia/work/device_ws/build/sync_pkg/build/lib/sync_pkg
running install
running install_lib
copying /home/nvidia/work/device_ws/build/sync_pkg/build/lib/sync_pkg/multi_sync_pub.py -> /home/nvidia/work/device_ws/install/sync_pkg/lib/python3.10/site-packages/sync_pkg
byte-compiling /home/nvidia/work/device_ws/install/sync_pkg/lib/python3.10/site-packages/sync_pkg/multi_sync_pub.py to multi_sync_pub.cpython-310.pyc
running install_data
running install_egg_info
removing '/home/nvidia/work/device_ws/install/sync_pkg/lib/python3.10/site-packages/sync_pkg-0.0.1-py3.10.egg-info' (and everything under it)
Copying ../../build/sync_pkg/sync_pkg.egg-info to /home/nvidia/work/device_ws/install/sync_pkg/lib/python3.10/site-packages/sync_pkg-0.0.1-py3.10.egg-info
running install_scripts
Installing multi_sync_pub script to /home/nvidia/work/device_ws/install/sync_pkg/lib/sync_pkg
Installing multi_sync_rename script to /home/nvidia/work/device_ws/install/sync_pkg/lib/sync_pkg
writing list of installed files to '/home/nvidia/work/device_ws/build/sync_pkg/install.log'
