[1.021s] Invoking command in '/home/nvidia/work/device_ws/src/sync_pkg': PYTHONPATH=/home/nvidia/work/device_ws/build/sync_pkg/prefix_override:/usr/lib/python3/dist-packages/colcon_core/task/python/colcon_distutils_commands:/home/nvidia/work/device_ws/install/sync_pkg/lib/python3.10/site-packages:${PYTHONPATH} /usr/bin/python3 -W ignore:setup.py install is deprecated -W ignore:easy_install command is deprecated setup.py egg_info --egg-base ../../build/sync_pkg build --build-base /home/nvidia/work/device_ws/build/sync_pkg/build install --record /home/nvidia/work/device_ws/build/sync_pkg/install.log --single-version-externally-managed install_data
[1.402s] running egg_info
[1.403s] writing ../../build/sync_pkg/sync_pkg.egg-info/PKG-INFO
[1.404s] writing dependency_links to ../../build/sync_pkg/sync_pkg.egg-info/dependency_links.txt
[1.405s] writing entry points to ../../build/sync_pkg/sync_pkg.egg-info/entry_points.txt
[1.406s] writing requirements to ../../build/sync_pkg/sync_pkg.egg-info/requires.txt
[1.406s] writing top-level names to ../../build/sync_pkg/sync_pkg.egg-info/top_level.txt
[1.408s] reading manifest file '../../build/sync_pkg/sync_pkg.egg-info/SOURCES.txt'
[1.410s] writing manifest file '../../build/sync_pkg/sync_pkg.egg-info/SOURCES.txt'
[1.410s] running build
[1.410s] running build_py
[1.411s] copying sync_pkg/multi_sync_pub.py -> /home/nvidia/work/device_ws/build/sync_pkg/build/lib/sync_pkg
[1.411s] running install
[1.411s] running install_lib
[1.413s] copying /home/nvidia/work/device_ws/build/sync_pkg/build/lib/sync_pkg/multi_sync_pub.py -> /home/nvidia/work/device_ws/install/sync_pkg/lib/python3.10/site-packages/sync_pkg
[1.414s] byte-compiling /home/nvidia/work/device_ws/install/sync_pkg/lib/python3.10/site-packages/sync_pkg/multi_sync_pub.py to multi_sync_pub.cpython-310.pyc
[1.416s] running install_data
[1.416s] running install_egg_info
[1.419s] removing '/home/nvidia/work/device_ws/install/sync_pkg/lib/python3.10/site-packages/sync_pkg-0.0.1-py3.10.egg-info' (and everything under it)
[1.419s] Copying ../../build/sync_pkg/sync_pkg.egg-info to /home/nvidia/work/device_ws/install/sync_pkg/lib/python3.10/site-packages/sync_pkg-0.0.1-py3.10.egg-info
[1.422s] running install_scripts
[1.460s] Installing multi_sync_pub script to /home/nvidia/work/device_ws/install/sync_pkg/lib/sync_pkg
[1.460s] Installing multi_sync_rename script to /home/nvidia/work/device_ws/install/sync_pkg/lib/sync_pkg
[1.461s] writing list of installed files to '/home/nvidia/work/device_ws/build/sync_pkg/install.log'
[1.517s] Invoked command in '/home/nvidia/work/device_ws/src/sync_pkg' returned '0': PYTHONPATH=/home/nvidia/work/device_ws/build/sync_pkg/prefix_override:/usr/lib/python3/dist-packages/colcon_core/task/python/colcon_distutils_commands:/home/nvidia/work/device_ws/install/sync_pkg/lib/python3.10/site-packages:${PYTHONPATH} /usr/bin/python3 -W ignore:setup.py install is deprecated -W ignore:easy_install command is deprecated setup.py egg_info --egg-base ../../build/sync_pkg build --build-base /home/nvidia/work/device_ws/build/sync_pkg/build install --record /home/nvidia/work/device_ws/build/sync_pkg/install.log --single-version-externally-managed install_data
