running egg_info
writing ../../build/sensor_tf_publisher/sensor_tf_publisher.egg-info/PKG-INFO
writing dependency_links to ../../build/sensor_tf_publisher/sensor_tf_publisher.egg-info/dependency_links.txt
writing entry points to ../../build/sensor_tf_publisher/sensor_tf_publisher.egg-info/entry_points.txt
writing requirements to ../../build/sensor_tf_publisher/sensor_tf_publisher.egg-info/requires.txt
writing top-level names to ../../build/sensor_tf_publisher/sensor_tf_publisher.egg-info/top_level.txt
reading manifest file '../../build/sensor_tf_publisher/sensor_tf_publisher.egg-info/SOURCES.txt'
writing manifest file '../../build/sensor_tf_publisher/sensor_tf_publisher.egg-info/SOURCES.txt'
running build
running build_py
running install
running install_lib
running install_data
copying launch/all_with_sync.launch.py -> /home/nvidia/work/device_ws/install/sensor_tf_publisher/share/sensor_tf_publisher/launch
running install_egg_info
removing '/home/nvidia/work/device_ws/install/sensor_tf_publisher/lib/python3.10/site-packages/sensor_tf_publisher-1.0.0-py3.10.egg-info' (and everything under it)
Copying ../../build/sensor_tf_publisher/sensor_tf_publisher.egg-info to /home/nvidia/work/device_ws/install/sensor_tf_publisher/lib/python3.10/site-packages/sensor_tf_publisher-1.0.0-py3.10.egg-info
running install_scripts
Installing static_tf_publisher script to /home/nvidia/work/device_ws/install/sensor_tf_publisher/lib/sensor_tf_publisher
writing list of installed files to '/home/nvidia/work/device_ws/build/sensor_tf_publisher/install.log'
