[0.208s] DEBUG:colcon:Command line arguments: ['/usr/bin/colcon', 'build']
[0.208s] DEBUG:colcon:Parsed command line arguments: Namespace(log_base=None, log_level=None, verb_name='build', build_base='build', install_base='install', merge_install=False, symlink_install=False, test_result_base=None, continue_on_error=False, executor='parallel', parallel_workers=6, event_handlers=None, ignore_user_meta=False, metas=['./colcon.meta'], base_paths=['.'], packages_ignore=None, packages_ignore_regex=None, paths=None, packages_up_to=None, packages_up_to_regex=None, packages_above=None, packages_above_and_dependencies=None, packages_above_depth=None, packages_select_by_dep=None, packages_skip_by_dep=None, packages_skip_up_to=None, packages_select_build_failed=False, packages_skip_build_finished=False, packages_select_test_failures=False, packages_skip_test_passed=False, packages_select=None, packages_skip=None, packages_select_regex=None, packages_skip_regex=None, packages_start=None, packages_end=None, allow_overriding=[], cmake_args=None, cmake_target=None, cmake_target_skip_unavailable=False, cmake_clean_cache=False, cmake_clean_first=False, cmake_force_configure=False, ament_cmake_args=None, catkin_cmake_args=None, catkin_skip_building_tests=False, verb_parser=<colcon_defaults.argument_parser.defaults.DefaultArgumentsDecorator object at 0xffffbcb5c6a0>, verb_extension=<colcon_core.verb.build.BuildVerb object at 0xffffbcb5c250>, main=<bound method BuildVerb.main of <colcon_core.verb.build.BuildVerb object at 0xffffbcb5c250>>)
[0.538s] Level 1:colcon.colcon_core.package_discovery:discover_packages(colcon_meta) check parameters
[0.538s] Level 1:colcon.colcon_core.package_discovery:discover_packages(recursive) check parameters
[0.538s] Level 1:colcon.colcon_core.package_discovery:discover_packages(ignore) check parameters
[0.539s] Level 1:colcon.colcon_core.package_discovery:discover_packages(path) check parameters
[0.539s] Level 1:colcon.colcon_core.package_discovery:discover_packages(colcon_meta) discover
[0.539s] Level 1:colcon.colcon_core.package_discovery:discover_packages(recursive) discover
[0.539s] INFO:colcon.colcon_core.package_discovery:Crawling recursively for packages in '/home/nvidia/work/device_ws'
[0.539s] Level 1:colcon.colcon_core.package_identification:_identify(.) by extensions ['ignore', 'ignore_ament_install']
[0.539s] Level 1:colcon.colcon_core.package_identification:_identify(.) by extension 'ignore'
[0.539s] Level 1:colcon.colcon_core.package_identification:_identify(.) by extension 'ignore_ament_install'
[0.539s] Level 1:colcon.colcon_core.package_identification:_identify(.) by extensions ['colcon_pkg']
[0.539s] Level 1:colcon.colcon_core.package_identification:_identify(.) by extension 'colcon_pkg'
[0.539s] Level 1:colcon.colcon_core.package_identification:_identify(.) by extensions ['colcon_meta']
[0.539s] Level 1:colcon.colcon_core.package_identification:_identify(.) by extension 'colcon_meta'
[0.540s] Level 1:colcon.colcon_core.package_identification:_identify(.) by extensions ['ros']
[0.540s] Level 1:colcon.colcon_core.package_identification:_identify(.) by extension 'ros'
[0.558s] Level 1:colcon.colcon_core.package_identification:_identify(.) by extensions ['cmake', 'python']
[0.559s] Level 1:colcon.colcon_core.package_identification:_identify(.) by extension 'cmake'
[0.559s] Level 1:colcon.colcon_core.package_identification:_identify(.) by extension 'python'
[0.559s] Level 1:colcon.colcon_core.package_identification:_identify(.) by extensions ['python_setup_py']
[0.559s] Level 1:colcon.colcon_core.package_identification:_identify(.) by extension 'python_setup_py'
[0.559s] Level 1:colcon.colcon_core.package_identification:_identify(build) by extensions ['ignore', 'ignore_ament_install']
[0.559s] Level 1:colcon.colcon_core.package_identification:_identify(build) by extension 'ignore'
[0.559s] Level 1:colcon.colcon_core.package_identification:_identify(build) ignored
[0.559s] Level 1:colcon.colcon_core.package_identification:_identify(install) by extensions ['ignore', 'ignore_ament_install']
[0.560s] Level 1:colcon.colcon_core.package_identification:_identify(install) by extension 'ignore'
[0.560s] Level 1:colcon.colcon_core.package_identification:_identify(install) ignored
[0.560s] Level 1:colcon.colcon_core.package_identification:_identify(log) by extensions ['ignore', 'ignore_ament_install']
[0.560s] Level 1:colcon.colcon_core.package_identification:_identify(log) by extension 'ignore'
[0.560s] Level 1:colcon.colcon_core.package_identification:_identify(log) ignored
[0.560s] Level 1:colcon.colcon_core.package_identification:_identify(src) by extensions ['ignore', 'ignore_ament_install']
[0.560s] Level 1:colcon.colcon_core.package_identification:_identify(src) by extension 'ignore'
[0.560s] Level 1:colcon.colcon_core.package_identification:_identify(src) by extension 'ignore_ament_install'
[0.561s] Level 1:colcon.colcon_core.package_identification:_identify(src) by extensions ['colcon_pkg']
[0.561s] Level 1:colcon.colcon_core.package_identification:_identify(src) by extension 'colcon_pkg'
[0.561s] Level 1:colcon.colcon_core.package_identification:_identify(src) by extensions ['colcon_meta']
[0.561s] Level 1:colcon.colcon_core.package_identification:_identify(src) by extension 'colcon_meta'
[0.561s] Level 1:colcon.colcon_core.package_identification:_identify(src) by extensions ['ros']
[0.561s] Level 1:colcon.colcon_core.package_identification:_identify(src) by extension 'ros'
[0.561s] Level 1:colcon.colcon_core.package_identification:_identify(src) by extensions ['cmake', 'python']
[0.561s] Level 1:colcon.colcon_core.package_identification:_identify(src) by extension 'cmake'
[0.561s] Level 1:colcon.colcon_core.package_identification:_identify(src) by extension 'python'
[0.561s] Level 1:colcon.colcon_core.package_identification:_identify(src) by extensions ['python_setup_py']
[0.561s] Level 1:colcon.colcon_core.package_identification:_identify(src) by extension 'python_setup_py'
[0.561s] Level 1:colcon.colcon_core.package_identification:_identify(src/ARS408_driver) by extensions ['ignore', 'ignore_ament_install']
[0.562s] Level 1:colcon.colcon_core.package_identification:_identify(src/ARS408_driver) by extension 'ignore'
[0.562s] Level 1:colcon.colcon_core.package_identification:_identify(src/ARS408_driver) by extension 'ignore_ament_install'
[0.562s] Level 1:colcon.colcon_core.package_identification:_identify(src/ARS408_driver) by extensions ['colcon_pkg']
[0.562s] Level 1:colcon.colcon_core.package_identification:_identify(src/ARS408_driver) by extension 'colcon_pkg'
[0.562s] Level 1:colcon.colcon_core.package_identification:_identify(src/ARS408_driver) by extensions ['colcon_meta']
[0.562s] Level 1:colcon.colcon_core.package_identification:_identify(src/ARS408_driver) by extension 'colcon_meta'
[0.562s] Level 1:colcon.colcon_core.package_identification:_identify(src/ARS408_driver) by extensions ['ros']
[0.562s] Level 1:colcon.colcon_core.package_identification:_identify(src/ARS408_driver) by extension 'ros'
[0.567s] DEBUG:colcon.colcon_core.package_identification:Package 'src/ARS408_driver' with type 'ros.ament_cmake' and name 'ARS408_driver'
[0.567s] Level 1:colcon.colcon_core.package_identification:_identify(src/miivii_gmsl_camera) by extensions ['ignore', 'ignore_ament_install']
[0.567s] Level 1:colcon.colcon_core.package_identification:_identify(src/miivii_gmsl_camera) by extension 'ignore'
[0.567s] Level 1:colcon.colcon_core.package_identification:_identify(src/miivii_gmsl_camera) by extension 'ignore_ament_install'
[0.567s] Level 1:colcon.colcon_core.package_identification:_identify(src/miivii_gmsl_camera) by extensions ['colcon_pkg']
[0.567s] Level 1:colcon.colcon_core.package_identification:_identify(src/miivii_gmsl_camera) by extension 'colcon_pkg'
[0.568s] Level 1:colcon.colcon_core.package_identification:_identify(src/miivii_gmsl_camera) by extensions ['colcon_meta']
[0.568s] Level 1:colcon.colcon_core.package_identification:_identify(src/miivii_gmsl_camera) by extension 'colcon_meta'
[0.568s] Level 1:colcon.colcon_core.package_identification:_identify(src/miivii_gmsl_camera) by extensions ['ros']
[0.568s] Level 1:colcon.colcon_core.package_identification:_identify(src/miivii_gmsl_camera) by extension 'ros'
[0.568s] Level 1:colcon.colcon_core.package_identification:_identify(src/miivii_gmsl_camera) by extensions ['cmake', 'python']
[0.568s] Level 1:colcon.colcon_core.package_identification:_identify(src/miivii_gmsl_camera) by extension 'cmake'
[0.568s] Level 1:colcon.colcon_core.package_identification:_identify(src/miivii_gmsl_camera) by extension 'python'
[0.568s] Level 1:colcon.colcon_core.package_identification:_identify(src/miivii_gmsl_camera) by extensions ['python_setup_py']
[0.568s] Level 1:colcon.colcon_core.package_identification:_identify(src/miivii_gmsl_camera) by extension 'python_setup_py'
[0.568s] Level 1:colcon.colcon_core.package_identification:_identify(src/miivii_gmsl_camera/images) by extensions ['ignore', 'ignore_ament_install']
[0.568s] Level 1:colcon.colcon_core.package_identification:_identify(src/miivii_gmsl_camera/images) by extension 'ignore'
[0.569s] Level 1:colcon.colcon_core.package_identification:_identify(src/miivii_gmsl_camera/images) by extension 'ignore_ament_install'
[0.569s] Level 1:colcon.colcon_core.package_identification:_identify(src/miivii_gmsl_camera/images) by extensions ['colcon_pkg']
[0.569s] Level 1:colcon.colcon_core.package_identification:_identify(src/miivii_gmsl_camera/images) by extension 'colcon_pkg'
[0.569s] Level 1:colcon.colcon_core.package_identification:_identify(src/miivii_gmsl_camera/images) by extensions ['colcon_meta']
[0.569s] Level 1:colcon.colcon_core.package_identification:_identify(src/miivii_gmsl_camera/images) by extension 'colcon_meta'
[0.569s] Level 1:colcon.colcon_core.package_identification:_identify(src/miivii_gmsl_camera/images) by extensions ['ros']
[0.569s] Level 1:colcon.colcon_core.package_identification:_identify(src/miivii_gmsl_camera/images) by extension 'ros'
[0.569s] Level 1:colcon.colcon_core.package_identification:_identify(src/miivii_gmsl_camera/images) by extensions ['cmake', 'python']
[0.569s] Level 1:colcon.colcon_core.package_identification:_identify(src/miivii_gmsl_camera/images) by extension 'cmake'
[0.569s] Level 1:colcon.colcon_core.package_identification:_identify(src/miivii_gmsl_camera/images) by extension 'python'
[0.569s] Level 1:colcon.colcon_core.package_identification:_identify(src/miivii_gmsl_camera/images) by extensions ['python_setup_py']
[0.569s] Level 1:colcon.colcon_core.package_identification:_identify(src/miivii_gmsl_camera/images) by extension 'python_setup_py'
[0.570s] Level 1:colcon.colcon_core.package_identification:_identify(src/miivii_gmsl_camera/miivii_gmsl_ros) by extensions ['ignore', 'ignore_ament_install']
[0.570s] Level 1:colcon.colcon_core.package_identification:_identify(src/miivii_gmsl_camera/miivii_gmsl_ros) by extension 'ignore'
[0.570s] Level 1:colcon.colcon_core.package_identification:_identify(src/miivii_gmsl_camera/miivii_gmsl_ros) by extension 'ignore_ament_install'
[0.570s] Level 1:colcon.colcon_core.package_identification:_identify(src/miivii_gmsl_camera/miivii_gmsl_ros) by extensions ['colcon_pkg']
[0.570s] Level 1:colcon.colcon_core.package_identification:_identify(src/miivii_gmsl_camera/miivii_gmsl_ros) by extension 'colcon_pkg'
[0.570s] Level 1:colcon.colcon_core.package_identification:_identify(src/miivii_gmsl_camera/miivii_gmsl_ros) by extensions ['colcon_meta']
[0.570s] Level 1:colcon.colcon_core.package_identification:_identify(src/miivii_gmsl_camera/miivii_gmsl_ros) by extension 'colcon_meta'
[0.570s] Level 1:colcon.colcon_core.package_identification:_identify(src/miivii_gmsl_camera/miivii_gmsl_ros) by extensions ['ros']
[0.570s] Level 1:colcon.colcon_core.package_identification:_identify(src/miivii_gmsl_camera/miivii_gmsl_ros) by extension 'ros'
[0.571s] DEBUG:colcon.colcon_core.package_identification:Package 'src/miivii_gmsl_camera/miivii_gmsl_ros' with type 'ros.ament_cmake' and name 'miivii_gmsl_camera'
[0.572s] Level 1:colcon.colcon_core.package_identification:_identify(src/rslidar_msg) by extensions ['ignore', 'ignore_ament_install']
[0.572s] Level 1:colcon.colcon_core.package_identification:_identify(src/rslidar_msg) by extension 'ignore'
[0.572s] Level 1:colcon.colcon_core.package_identification:_identify(src/rslidar_msg) by extension 'ignore_ament_install'
[0.572s] Level 1:colcon.colcon_core.package_identification:_identify(src/rslidar_msg) by extensions ['colcon_pkg']
[0.572s] Level 1:colcon.colcon_core.package_identification:_identify(src/rslidar_msg) by extension 'colcon_pkg'
[0.572s] Level 1:colcon.colcon_core.package_identification:_identify(src/rslidar_msg) by extensions ['colcon_meta']
[0.572s] Level 1:colcon.colcon_core.package_identification:_identify(src/rslidar_msg) by extension 'colcon_meta'
[0.572s] Level 1:colcon.colcon_core.package_identification:_identify(src/rslidar_msg) by extensions ['ros']
[0.572s] Level 1:colcon.colcon_core.package_identification:_identify(src/rslidar_msg) by extension 'ros'
[0.574s] DEBUG:colcon.colcon_core.package_identification:Package 'src/rslidar_msg' with type 'ros.ament_cmake' and name 'rslidar_msg'
[0.574s] Level 1:colcon.colcon_core.package_identification:_identify(src/rslidar_sdk) by extensions ['ignore', 'ignore_ament_install']
[0.574s] Level 1:colcon.colcon_core.package_identification:_identify(src/rslidar_sdk) by extension 'ignore'
[0.574s] Level 1:colcon.colcon_core.package_identification:_identify(src/rslidar_sdk) by extension 'ignore_ament_install'
[0.574s] Level 1:colcon.colcon_core.package_identification:_identify(src/rslidar_sdk) by extensions ['colcon_pkg']
[0.574s] Level 1:colcon.colcon_core.package_identification:_identify(src/rslidar_sdk) by extension 'colcon_pkg'
[0.574s] Level 1:colcon.colcon_core.package_identification:_identify(src/rslidar_sdk) by extensions ['colcon_meta']
[0.574s] Level 1:colcon.colcon_core.package_identification:_identify(src/rslidar_sdk) by extension 'colcon_meta'
[0.574s] Level 1:colcon.colcon_core.package_identification:_identify(src/rslidar_sdk) by extensions ['ros']
[0.574s] Level 1:colcon.colcon_core.package_identification:_identify(src/rslidar_sdk) by extension 'ros'
[0.584s] DEBUG:colcon.colcon_core.package_identification:Package 'src/rslidar_sdk' with type 'ros.ament_cmake' and name 'rslidar_sdk'
[0.584s] Level 1:colcon.colcon_core.package_identification:_identify(src/sync_pkg) by extensions ['ignore', 'ignore_ament_install']
[0.584s] Level 1:colcon.colcon_core.package_identification:_identify(src/sync_pkg) by extension 'ignore'
[0.585s] Level 1:colcon.colcon_core.package_identification:_identify(src/sync_pkg) by extension 'ignore_ament_install'
[0.585s] Level 1:colcon.colcon_core.package_identification:_identify(src/sync_pkg) by extensions ['colcon_pkg']
[0.585s] Level 1:colcon.colcon_core.package_identification:_identify(src/sync_pkg) by extension 'colcon_pkg'
[0.585s] Level 1:colcon.colcon_core.package_identification:_identify(src/sync_pkg) by extensions ['colcon_meta']
[0.585s] Level 1:colcon.colcon_core.package_identification:_identify(src/sync_pkg) by extension 'colcon_meta'
[0.585s] Level 1:colcon.colcon_core.package_identification:_identify(src/sync_pkg) by extensions ['ros']
[0.585s] Level 1:colcon.colcon_core.package_identification:_identify(src/sync_pkg) by extension 'ros'
[0.586s] DEBUG:colcon.colcon_core.package_identification:Package 'src/sync_pkg' with type 'ros.ament_python' and name 'sync_pkg'
[0.586s] Level 1:colcon.colcon_core.package_discovery:discover_packages(recursive) using defaults
[0.587s] Level 1:colcon.colcon_core.package_discovery:discover_packages(ignore) discover
[0.587s] Level 1:colcon.colcon_core.package_discovery:discover_packages(ignore) using defaults
[0.587s] Level 1:colcon.colcon_core.package_discovery:discover_packages(path) discover
[0.587s] Level 1:colcon.colcon_core.package_discovery:discover_packages(path) using defaults
[0.644s] Level 1:colcon.colcon_core.package_discovery:discover_packages(prefix_path) check parameters
[0.644s] Level 1:colcon.colcon_core.package_discovery:discover_packages(prefix_path) discover
[0.647s] WARNING:colcon.colcon_ros.prefix_path.ament:The path '/home/nvidia/work/device_ws/install/sync_pkg' in the environment variable AMENT_PREFIX_PATH doesn't exist
[0.647s] WARNING:colcon.colcon_ros.prefix_path.ament:The path '/home/nvidia/work/device_ws/install/rslidar_sdk' in the environment variable AMENT_PREFIX_PATH doesn't exist
[0.647s] WARNING:colcon.colcon_ros.prefix_path.ament:The path '/home/nvidia/work/device_ws/install/rslidar_msg' in the environment variable AMENT_PREFIX_PATH doesn't exist
[0.647s] WARNING:colcon.colcon_ros.prefix_path.ament:The path '/home/nvidia/work/device_ws/install/pe_ars408_ros' in the environment variable AMENT_PREFIX_PATH doesn't exist
[0.647s] WARNING:colcon.colcon_ros.prefix_path.ament:The path '/home/nvidia/work/device_ws/install/miivii_gmsl_camera' in the environment variable AMENT_PREFIX_PATH doesn't exist
[0.647s] WARNING:colcon.colcon_ros.prefix_path.catkin:The path '/home/nvidia/work/device_ws/install/rslidar_sdk' in the environment variable CMAKE_PREFIX_PATH doesn't exist
[0.647s] WARNING:colcon.colcon_ros.prefix_path.catkin:The path '/home/nvidia/work/device_ws/install/rslidar_msg' in the environment variable CMAKE_PREFIX_PATH doesn't exist
[0.647s] WARNING:colcon.colcon_ros.prefix_path.catkin:The path '/home/nvidia/work/device_ws/install/pe_ars408_ros' in the environment variable CMAKE_PREFIX_PATH doesn't exist
[0.647s] WARNING:colcon.colcon_ros.prefix_path.catkin:The path '/home/nvidia/work/device_ws/install/miivii_gmsl_camera' in the environment variable CMAKE_PREFIX_PATH doesn't exist
[0.649s] DEBUG:colcon.colcon_installed_package_information.package_discovery:Found 0 installed packages in /home/nvidia/work/device_ws/install
[0.650s] DEBUG:colcon.colcon_installed_package_information.package_discovery:Found 255 installed packages in /opt/ros/humble
[0.652s] Level 1:colcon.colcon_core.package_discovery:discover_packages(prefix_path) using defaults
[0.710s] Level 5:colcon.colcon_core.verb:set package 'ARS408_driver' build argument 'cmake_args' from command line to 'None'
[0.710s] Level 5:colcon.colcon_core.verb:set package 'ARS408_driver' build argument 'cmake_target' from command line to 'None'
[0.711s] Level 5:colcon.colcon_core.verb:set package 'ARS408_driver' build argument 'cmake_target_skip_unavailable' from command line to 'False'
[0.711s] Level 5:colcon.colcon_core.verb:set package 'ARS408_driver' build argument 'cmake_clean_cache' from command line to 'False'
[0.711s] Level 5:colcon.colcon_core.verb:set package 'ARS408_driver' build argument 'cmake_clean_first' from command line to 'False'
[0.711s] Level 5:colcon.colcon_core.verb:set package 'ARS408_driver' build argument 'cmake_force_configure' from command line to 'False'
[0.711s] Level 5:colcon.colcon_core.verb:set package 'ARS408_driver' build argument 'ament_cmake_args' from command line to 'None'
[0.711s] Level 5:colcon.colcon_core.verb:set package 'ARS408_driver' build argument 'catkin_cmake_args' from command line to 'None'
[0.711s] Level 5:colcon.colcon_core.verb:set package 'ARS408_driver' build argument 'catkin_skip_building_tests' from command line to 'False'
[0.711s] DEBUG:colcon.colcon_core.verb:Building package 'ARS408_driver' with the following arguments: {'ament_cmake_args': None, 'build_base': '/home/nvidia/work/device_ws/build/ARS408_driver', 'catkin_cmake_args': None, 'catkin_skip_building_tests': False, 'cmake_args': None, 'cmake_clean_cache': False, 'cmake_clean_first': False, 'cmake_force_configure': False, 'cmake_target': None, 'cmake_target_skip_unavailable': False, 'install_base': '/home/nvidia/work/device_ws/install/ARS408_driver', 'merge_install': False, 'path': '/home/nvidia/work/device_ws/src/ARS408_driver', 'symlink_install': False, 'test_result_base': None}
[0.711s] Level 5:colcon.colcon_core.verb:set package 'miivii_gmsl_camera' build argument 'cmake_args' from command line to 'None'
[0.711s] Level 5:colcon.colcon_core.verb:set package 'miivii_gmsl_camera' build argument 'cmake_target' from command line to 'None'
[0.711s] Level 5:colcon.colcon_core.verb:set package 'miivii_gmsl_camera' build argument 'cmake_target_skip_unavailable' from command line to 'False'
[0.712s] Level 5:colcon.colcon_core.verb:set package 'miivii_gmsl_camera' build argument 'cmake_clean_cache' from command line to 'False'
[0.712s] Level 5:colcon.colcon_core.verb:set package 'miivii_gmsl_camera' build argument 'cmake_clean_first' from command line to 'False'
[0.712s] Level 5:colcon.colcon_core.verb:set package 'miivii_gmsl_camera' build argument 'cmake_force_configure' from command line to 'False'
[0.712s] Level 5:colcon.colcon_core.verb:set package 'miivii_gmsl_camera' build argument 'ament_cmake_args' from command line to 'None'
[0.712s] Level 5:colcon.colcon_core.verb:set package 'miivii_gmsl_camera' build argument 'catkin_cmake_args' from command line to 'None'
[0.712s] Level 5:colcon.colcon_core.verb:set package 'miivii_gmsl_camera' build argument 'catkin_skip_building_tests' from command line to 'False'
[0.712s] DEBUG:colcon.colcon_core.verb:Building package 'miivii_gmsl_camera' with the following arguments: {'ament_cmake_args': None, 'build_base': '/home/nvidia/work/device_ws/build/miivii_gmsl_camera', 'catkin_cmake_args': None, 'catkin_skip_building_tests': False, 'cmake_args': None, 'cmake_clean_cache': False, 'cmake_clean_first': False, 'cmake_force_configure': False, 'cmake_target': None, 'cmake_target_skip_unavailable': False, 'install_base': '/home/nvidia/work/device_ws/install/miivii_gmsl_camera', 'merge_install': False, 'path': '/home/nvidia/work/device_ws/src/miivii_gmsl_camera/miivii_gmsl_ros', 'symlink_install': False, 'test_result_base': None}
[0.712s] Level 5:colcon.colcon_core.verb:set package 'rslidar_msg' build argument 'cmake_args' from command line to 'None'
[0.712s] Level 5:colcon.colcon_core.verb:set package 'rslidar_msg' build argument 'cmake_target' from command line to 'None'
[0.712s] Level 5:colcon.colcon_core.verb:set package 'rslidar_msg' build argument 'cmake_target_skip_unavailable' from command line to 'False'
[0.712s] Level 5:colcon.colcon_core.verb:set package 'rslidar_msg' build argument 'cmake_clean_cache' from command line to 'False'
[0.712s] Level 5:colcon.colcon_core.verb:set package 'rslidar_msg' build argument 'cmake_clean_first' from command line to 'False'
[0.712s] Level 5:colcon.colcon_core.verb:set package 'rslidar_msg' build argument 'cmake_force_configure' from command line to 'False'
[0.712s] Level 5:colcon.colcon_core.verb:set package 'rslidar_msg' build argument 'ament_cmake_args' from command line to 'None'
[0.713s] Level 5:colcon.colcon_core.verb:set package 'rslidar_msg' build argument 'catkin_cmake_args' from command line to 'None'
[0.713s] Level 5:colcon.colcon_core.verb:set package 'rslidar_msg' build argument 'catkin_skip_building_tests' from command line to 'False'
[0.713s] DEBUG:colcon.colcon_core.verb:Building package 'rslidar_msg' with the following arguments: {'ament_cmake_args': None, 'build_base': '/home/nvidia/work/device_ws/build/rslidar_msg', 'catkin_cmake_args': None, 'catkin_skip_building_tests': False, 'cmake_args': None, 'cmake_clean_cache': False, 'cmake_clean_first': False, 'cmake_force_configure': False, 'cmake_target': None, 'cmake_target_skip_unavailable': False, 'install_base': '/home/nvidia/work/device_ws/install/rslidar_msg', 'merge_install': False, 'path': '/home/nvidia/work/device_ws/src/rslidar_msg', 'symlink_install': False, 'test_result_base': None}
[0.713s] Level 5:colcon.colcon_core.verb:set package 'sync_pkg' build argument 'cmake_args' from command line to 'None'
[0.713s] Level 5:colcon.colcon_core.verb:set package 'sync_pkg' build argument 'cmake_target' from command line to 'None'
[0.713s] Level 5:colcon.colcon_core.verb:set package 'sync_pkg' build argument 'cmake_target_skip_unavailable' from command line to 'False'
[0.713s] Level 5:colcon.colcon_core.verb:set package 'sync_pkg' build argument 'cmake_clean_cache' from command line to 'False'
[0.713s] Level 5:colcon.colcon_core.verb:set package 'sync_pkg' build argument 'cmake_clean_first' from command line to 'False'
[0.713s] Level 5:colcon.colcon_core.verb:set package 'sync_pkg' build argument 'cmake_force_configure' from command line to 'False'
[0.713s] Level 5:colcon.colcon_core.verb:set package 'sync_pkg' build argument 'ament_cmake_args' from command line to 'None'
[0.713s] Level 5:colcon.colcon_core.verb:set package 'sync_pkg' build argument 'catkin_cmake_args' from command line to 'None'
[0.713s] Level 5:colcon.colcon_core.verb:set package 'sync_pkg' build argument 'catkin_skip_building_tests' from command line to 'False'
[0.713s] DEBUG:colcon.colcon_core.verb:Building package 'sync_pkg' with the following arguments: {'ament_cmake_args': None, 'build_base': '/home/nvidia/work/device_ws/build/sync_pkg', 'catkin_cmake_args': None, 'catkin_skip_building_tests': False, 'cmake_args': None, 'cmake_clean_cache': False, 'cmake_clean_first': False, 'cmake_force_configure': False, 'cmake_target': None, 'cmake_target_skip_unavailable': False, 'install_base': '/home/nvidia/work/device_ws/install/sync_pkg', 'merge_install': False, 'path': '/home/nvidia/work/device_ws/src/sync_pkg', 'symlink_install': False, 'test_result_base': None}
[0.714s] Level 5:colcon.colcon_core.verb:set package 'rslidar_sdk' build argument 'cmake_args' from command line to 'None'
[0.714s] Level 5:colcon.colcon_core.verb:set package 'rslidar_sdk' build argument 'cmake_target' from command line to 'None'
[0.714s] Level 5:colcon.colcon_core.verb:set package 'rslidar_sdk' build argument 'cmake_target_skip_unavailable' from command line to 'False'
[0.714s] Level 5:colcon.colcon_core.verb:set package 'rslidar_sdk' build argument 'cmake_clean_cache' from command line to 'False'
[0.714s] Level 5:colcon.colcon_core.verb:set package 'rslidar_sdk' build argument 'cmake_clean_first' from command line to 'False'
[0.714s] Level 5:colcon.colcon_core.verb:set package 'rslidar_sdk' build argument 'cmake_force_configure' from command line to 'False'
[0.714s] Level 5:colcon.colcon_core.verb:set package 'rslidar_sdk' build argument 'ament_cmake_args' from command line to 'None'
[0.714s] Level 5:colcon.colcon_core.verb:set package 'rslidar_sdk' build argument 'catkin_cmake_args' from command line to 'None'
[0.714s] Level 5:colcon.colcon_core.verb:set package 'rslidar_sdk' build argument 'catkin_skip_building_tests' from command line to 'False'
[0.714s] DEBUG:colcon.colcon_core.verb:Building package 'rslidar_sdk' with the following arguments: {'ament_cmake_args': None, 'build_base': '/home/nvidia/work/device_ws/build/rslidar_sdk', 'catkin_cmake_args': None, 'catkin_skip_building_tests': False, 'cmake_args': None, 'cmake_clean_cache': False, 'cmake_clean_first': False, 'cmake_force_configure': False, 'cmake_target': None, 'cmake_target_skip_unavailable': False, 'install_base': '/home/nvidia/work/device_ws/install/rslidar_sdk', 'merge_install': False, 'path': '/home/nvidia/work/device_ws/src/rslidar_sdk', 'symlink_install': False, 'test_result_base': None}
[0.714s] INFO:colcon.colcon_core.executor:Executing jobs using 'parallel' executor
[0.716s] DEBUG:colcon.colcon_parallel_executor.executor.parallel:run_until_complete
[0.717s] INFO:colcon.colcon_ros.task.ament_cmake.build:Building ROS package in '/home/nvidia/work/device_ws/src/rslidar_msg' with build type 'ament_cmake'
[0.717s] INFO:colcon.colcon_cmake.task.cmake.build:Building CMake package in '/home/nvidia/work/device_ws/src/rslidar_msg'
[0.722s] INFO:colcon.colcon_core.plugin_system:Skipping extension 'colcon_core.shell.bat': Not used on non-Windows systems
[0.722s] INFO:colcon.colcon_core.shell:Skip shell extension 'powershell' for command environment: Not usable outside of PowerShell
[0.722s] DEBUG:colcon.colcon_core.shell:Skip shell extension 'dsv' for command environment
[0.727s] INFO:colcon.colcon_ros.task.ament_cmake.build:Building ROS package in '/home/nvidia/work/device_ws/src/ARS408_driver' with build type 'ament_cmake'
[0.727s] INFO:colcon.colcon_cmake.task.cmake.build:Building CMake package in '/home/nvidia/work/device_ws/src/ARS408_driver'
[0.727s] INFO:colcon.colcon_core.shell:Skip shell extension 'powershell' for command environment: Not usable outside of PowerShell
[0.727s] DEBUG:colcon.colcon_core.shell:Skip shell extension 'dsv' for command environment
[0.731s] INFO:colcon.colcon_ros.task.ament_cmake.build:Building ROS package in '/home/nvidia/work/device_ws/src/miivii_gmsl_camera/miivii_gmsl_ros' with build type 'ament_cmake'
[0.732s] INFO:colcon.colcon_cmake.task.cmake.build:Building CMake package in '/home/nvidia/work/device_ws/src/miivii_gmsl_camera/miivii_gmsl_ros'
[0.732s] INFO:colcon.colcon_core.shell:Skip shell extension 'powershell' for command environment: Not usable outside of PowerShell
[0.732s] DEBUG:colcon.colcon_core.shell:Skip shell extension 'dsv' for command environment
[0.736s] INFO:colcon.colcon_ros.task.ament_python.build:Building ROS package in '/home/nvidia/work/device_ws/src/sync_pkg' with build type 'ament_python'
[0.736s] Level 1:colcon.colcon_core.shell:create_environment_hook('sync_pkg', 'ament_prefix_path')
[0.737s] INFO:colcon.colcon_core.shell:Creating environment hook '/home/nvidia/work/device_ws/install/sync_pkg/share/sync_pkg/hook/ament_prefix_path.ps1'
[0.738s] INFO:colcon.colcon_core.shell:Creating environment descriptor '/home/nvidia/work/device_ws/install/sync_pkg/share/sync_pkg/hook/ament_prefix_path.dsv'
[0.739s] INFO:colcon.colcon_core.shell:Creating environment hook '/home/nvidia/work/device_ws/install/sync_pkg/share/sync_pkg/hook/ament_prefix_path.sh'
[0.740s] INFO:colcon.colcon_core.shell:Skip shell extension 'powershell' for command environment: Not usable outside of PowerShell
[0.740s] DEBUG:colcon.colcon_core.shell:Skip shell extension 'dsv' for command environment
[0.748s] DEBUG:colcon.colcon_core.event_handler.log_command:Invoking command in '/home/nvidia/work/device_ws/build/rslidar_msg': CMAKE_PREFIX_PATH=${CMAKE_PREFIX_PATH}:/home/nvidia/work/device_ws/install/sync_pkg:/opt/ros/humble /usr/bin/cmake /home/nvidia/work/device_ws/src/rslidar_msg -DCMAKE_INSTALL_PREFIX=/home/nvidia/work/device_ws/install/rslidar_msg
[0.753s] DEBUG:colcon.colcon_core.event_handler.log_command:Invoking command in '/home/nvidia/work/device_ws/build/ARS408_driver': CMAKE_PREFIX_PATH=${CMAKE_PREFIX_PATH}:/home/nvidia/work/device_ws/install/sync_pkg:/opt/ros/humble /usr/bin/cmake /home/nvidia/work/device_ws/src/ARS408_driver -DCMAKE_INSTALL_PREFIX=/home/nvidia/work/device_ws/install/ARS408_driver
[0.756s] DEBUG:colcon.colcon_core.event_handler.log_command:Invoking command in '/home/nvidia/work/device_ws/build/miivii_gmsl_camera': CMAKE_PREFIX_PATH=${CMAKE_PREFIX_PATH}:/home/nvidia/work/device_ws/install/sync_pkg:/opt/ros/humble /usr/bin/cmake /home/nvidia/work/device_ws/src/miivii_gmsl_camera/miivii_gmsl_ros -DCMAKE_INSTALL_PREFIX=/home/nvidia/work/device_ws/install/miivii_gmsl_camera
[1.232s] INFO:colcon.colcon_core.task.python.build:Building Python package in '/home/nvidia/work/device_ws/src/sync_pkg'
[1.232s] INFO:colcon.colcon_core.shell:Skip shell extension 'powershell' for command environment: Not usable outside of PowerShell
[1.233s] DEBUG:colcon.colcon_core.shell:Skip shell extension 'dsv' for command environment
[1.846s] DEBUG:colcon.colcon_core.event_handler.log_command:Invoking command in '/home/nvidia/work/device_ws/src/sync_pkg': PYTHONPATH=/home/nvidia/work/device_ws/build/sync_pkg/prefix_override:/usr/lib/python3/dist-packages/colcon_core/task/python/colcon_distutils_commands:/home/nvidia/work/device_ws/install/sync_pkg/lib/python3.10/site-packages:${PYTHONPATH} /usr/bin/python3 -W ignore:setup.py install is deprecated -W ignore:easy_install command is deprecated setup.py egg_info --egg-base ../../build/sync_pkg build --build-base /home/nvidia/work/device_ws/build/sync_pkg/build install --record /home/nvidia/work/device_ws/build/sync_pkg/install.log --single-version-externally-managed install_data
[2.348s] DEBUG:colcon.colcon_core.event_handler.log_command:Invoked command in '/home/nvidia/work/device_ws/src/sync_pkg' returned '0': PYTHONPATH=/home/nvidia/work/device_ws/build/sync_pkg/prefix_override:/usr/lib/python3/dist-packages/colcon_core/task/python/colcon_distutils_commands:/home/nvidia/work/device_ws/install/sync_pkg/lib/python3.10/site-packages:${PYTHONPATH} /usr/bin/python3 -W ignore:setup.py install is deprecated -W ignore:easy_install command is deprecated setup.py egg_info --egg-base ../../build/sync_pkg build --build-base /home/nvidia/work/device_ws/build/sync_pkg/build install --record /home/nvidia/work/device_ws/build/sync_pkg/install.log --single-version-externally-managed install_data
[2.356s] Level 1:colcon.colcon_core.environment:checking '/home/nvidia/work/device_ws/install/sync_pkg' for CMake module files
[2.357s] Level 1:colcon.colcon_core.environment:checking '/home/nvidia/work/device_ws/install/sync_pkg' for CMake config files
[2.359s] Level 1:colcon.colcon_core.environment:checking '/home/nvidia/work/device_ws/install/sync_pkg/lib'
[2.359s] Level 1:colcon.colcon_core.environment:checking '/home/nvidia/work/device_ws/install/sync_pkg/bin'
[2.359s] Level 1:colcon.colcon_core.environment:checking '/home/nvidia/work/device_ws/install/sync_pkg/lib/pkgconfig/sync_pkg.pc'
[2.360s] Level 1:colcon.colcon_core.environment:checking '/home/nvidia/work/device_ws/install/sync_pkg/lib/python3.10/site-packages'
[2.360s] Level 1:colcon.colcon_core.shell:create_environment_hook('sync_pkg', 'pythonpath')
[2.360s] INFO:colcon.colcon_core.shell:Creating environment hook '/home/nvidia/work/device_ws/install/sync_pkg/share/sync_pkg/hook/pythonpath.ps1'
[2.361s] INFO:colcon.colcon_core.shell:Creating environment descriptor '/home/nvidia/work/device_ws/install/sync_pkg/share/sync_pkg/hook/pythonpath.dsv'
[2.361s] INFO:colcon.colcon_core.shell:Creating environment hook '/home/nvidia/work/device_ws/install/sync_pkg/share/sync_pkg/hook/pythonpath.sh'
[2.362s] Level 1:colcon.colcon_core.environment:checking '/home/nvidia/work/device_ws/install/sync_pkg/bin'
[2.362s] Level 1:colcon.colcon_core.environment:create_environment_scripts_only(sync_pkg)
[2.363s] INFO:colcon.colcon_core.shell:Creating package script '/home/nvidia/work/device_ws/install/sync_pkg/share/sync_pkg/package.ps1'
[2.364s] INFO:colcon.colcon_core.shell:Creating package descriptor '/home/nvidia/work/device_ws/install/sync_pkg/share/sync_pkg/package.dsv'
[2.365s] INFO:colcon.colcon_core.shell:Creating package script '/home/nvidia/work/device_ws/install/sync_pkg/share/sync_pkg/package.sh'
[2.366s] INFO:colcon.colcon_core.shell:Creating package script '/home/nvidia/work/device_ws/install/sync_pkg/share/sync_pkg/package.bash'
[2.367s] INFO:colcon.colcon_core.shell:Creating package script '/home/nvidia/work/device_ws/install/sync_pkg/share/sync_pkg/package.zsh'
[2.368s] Level 1:colcon.colcon_core.environment:create_file_with_runtime_dependencies(/home/nvidia/work/device_ws/install/sync_pkg/share/colcon-core/packages/sync_pkg)
[2.910s] DEBUG:colcon.colcon_core.event_handler.log_command:Invoked command in '/home/nvidia/work/device_ws/build/ARS408_driver' returned '0': CMAKE_PREFIX_PATH=${CMAKE_PREFIX_PATH}:/home/nvidia/work/device_ws/install/sync_pkg:/opt/ros/humble /usr/bin/cmake /home/nvidia/work/device_ws/src/ARS408_driver -DCMAKE_INSTALL_PREFIX=/home/nvidia/work/device_ws/install/ARS408_driver
[2.913s] DEBUG:colcon.colcon_core.event_handler.log_command:Invoking command in '/home/nvidia/work/device_ws/build/ARS408_driver': CMAKE_PREFIX_PATH=${CMAKE_PREFIX_PATH}:/home/nvidia/work/device_ws/install/sync_pkg:/opt/ros/humble /usr/bin/cmake --build /home/nvidia/work/device_ws/build/ARS408_driver -- -j6 -l6
[4.372s] DEBUG:colcon.colcon_core.event_handler.log_command:Invoked command in '/home/nvidia/work/device_ws/build/rslidar_msg' returned '0': CMAKE_PREFIX_PATH=${CMAKE_PREFIX_PATH}:/home/nvidia/work/device_ws/install/sync_pkg:/opt/ros/humble /usr/bin/cmake /home/nvidia/work/device_ws/src/rslidar_msg -DCMAKE_INSTALL_PREFIX=/home/nvidia/work/device_ws/install/rslidar_msg
[4.374s] DEBUG:colcon.colcon_core.event_handler.log_command:Invoking command in '/home/nvidia/work/device_ws/build/rslidar_msg': CMAKE_PREFIX_PATH=${CMAKE_PREFIX_PATH}:/home/nvidia/work/device_ws/install/sync_pkg:/opt/ros/humble /usr/bin/cmake --build /home/nvidia/work/device_ws/build/rslidar_msg -- -j6 -l6
[4.538s] DEBUG:colcon.colcon_core.event_handler.log_command:Invoked command in '/home/nvidia/work/device_ws/build/miivii_gmsl_camera' returned '0': CMAKE_PREFIX_PATH=${CMAKE_PREFIX_PATH}:/home/nvidia/work/device_ws/install/sync_pkg:/opt/ros/humble /usr/bin/cmake /home/nvidia/work/device_ws/src/miivii_gmsl_camera/miivii_gmsl_ros -DCMAKE_INSTALL_PREFIX=/home/nvidia/work/device_ws/install/miivii_gmsl_camera
[4.540s] DEBUG:colcon.colcon_core.event_handler.log_command:Invoking command in '/home/nvidia/work/device_ws/build/miivii_gmsl_camera': CMAKE_PREFIX_PATH=${CMAKE_PREFIX_PATH}:/home/nvidia/work/device_ws/install/sync_pkg:/opt/ros/humble /usr/bin/cmake --build /home/nvidia/work/device_ws/build/miivii_gmsl_camera -- -j6 -l6
[13.324s] DEBUG:colcon.colcon_core.event_handler.log_command:Invoked command in '/home/nvidia/work/device_ws/build/rslidar_msg' returned '0': CMAKE_PREFIX_PATH=${CMAKE_PREFIX_PATH}:/home/nvidia/work/device_ws/install/sync_pkg:/opt/ros/humble /usr/bin/cmake --build /home/nvidia/work/device_ws/build/rslidar_msg -- -j6 -l6
[13.340s] DEBUG:colcon.colcon_core.event_handler.log_command:Invoking command in '/home/nvidia/work/device_ws/build/rslidar_msg': CMAKE_PREFIX_PATH=${CMAKE_PREFIX_PATH}:/home/nvidia/work/device_ws/install/sync_pkg:/opt/ros/humble /usr/bin/cmake --install /home/nvidia/work/device_ws/build/rslidar_msg
[13.448s] Level 1:colcon.colcon_core.environment:create_environment_scripts_only(rslidar_msg)
[13.449s] Level 1:colcon.colcon_core.environment:checking '/home/nvidia/work/device_ws/install/rslidar_msg' for CMake module files
[13.450s] DEBUG:colcon.colcon_core.event_handler.log_command:Invoked command in '/home/nvidia/work/device_ws/build/rslidar_msg' returned '0': CMAKE_PREFIX_PATH=${CMAKE_PREFIX_PATH}:/home/nvidia/work/device_ws/install/sync_pkg:/opt/ros/humble /usr/bin/cmake --install /home/nvidia/work/device_ws/build/rslidar_msg
[13.451s] Level 1:colcon.colcon_core.environment:checking '/home/nvidia/work/device_ws/install/rslidar_msg' for CMake config files
[13.452s] Level 1:colcon.colcon_core.shell:create_environment_hook('rslidar_msg', 'cmake_prefix_path')
[13.452s] INFO:colcon.colcon_core.shell:Creating environment hook '/home/nvidia/work/device_ws/install/rslidar_msg/share/rslidar_msg/hook/cmake_prefix_path.ps1'
[13.453s] INFO:colcon.colcon_core.shell:Creating environment descriptor '/home/nvidia/work/device_ws/install/rslidar_msg/share/rslidar_msg/hook/cmake_prefix_path.dsv'
[13.453s] INFO:colcon.colcon_core.shell:Creating environment hook '/home/nvidia/work/device_ws/install/rslidar_msg/share/rslidar_msg/hook/cmake_prefix_path.sh'
[13.454s] Level 1:colcon.colcon_core.environment:checking '/home/nvidia/work/device_ws/install/rslidar_msg/lib'
[13.454s] Level 1:colcon.colcon_core.shell:create_environment_hook('rslidar_msg', 'ld_library_path_lib')
[13.455s] INFO:colcon.colcon_core.shell:Creating environment hook '/home/nvidia/work/device_ws/install/rslidar_msg/share/rslidar_msg/hook/ld_library_path_lib.ps1'
[13.455s] INFO:colcon.colcon_core.shell:Creating environment descriptor '/home/nvidia/work/device_ws/install/rslidar_msg/share/rslidar_msg/hook/ld_library_path_lib.dsv'
[13.456s] INFO:colcon.colcon_core.shell:Creating environment hook '/home/nvidia/work/device_ws/install/rslidar_msg/share/rslidar_msg/hook/ld_library_path_lib.sh'
[13.456s] Level 1:colcon.colcon_core.environment:checking '/home/nvidia/work/device_ws/install/rslidar_msg/bin'
[13.456s] Level 1:colcon.colcon_core.environment:checking '/home/nvidia/work/device_ws/install/rslidar_msg/lib/pkgconfig/rslidar_msg.pc'
[13.457s] Level 1:colcon.colcon_core.environment:checking '/home/nvidia/work/device_ws/install/rslidar_msg/lib/python3.10/site-packages'
[13.457s] Level 1:colcon.colcon_core.environment:checking '/home/nvidia/work/device_ws/install/rslidar_msg/bin'
[13.458s] INFO:colcon.colcon_core.shell:Creating package script '/home/nvidia/work/device_ws/install/rslidar_msg/share/rslidar_msg/package.ps1'
[13.458s] INFO:colcon.colcon_core.shell:Creating package descriptor '/home/nvidia/work/device_ws/install/rslidar_msg/share/rslidar_msg/package.dsv'
[13.459s] INFO:colcon.colcon_core.shell:Creating package script '/home/nvidia/work/device_ws/install/rslidar_msg/share/rslidar_msg/package.sh'
[13.460s] INFO:colcon.colcon_core.shell:Creating package script '/home/nvidia/work/device_ws/install/rslidar_msg/share/rslidar_msg/package.bash'
[13.460s] INFO:colcon.colcon_core.shell:Creating package script '/home/nvidia/work/device_ws/install/rslidar_msg/share/rslidar_msg/package.zsh'
[13.461s] Level 1:colcon.colcon_core.environment:create_file_with_runtime_dependencies(/home/nvidia/work/device_ws/install/rslidar_msg/share/colcon-core/packages/rslidar_msg)
[13.462s] Level 1:colcon.colcon_core.environment:create_environment_scripts_only(rslidar_msg)
[13.462s] Level 1:colcon.colcon_core.environment:checking '/home/nvidia/work/device_ws/install/rslidar_msg' for CMake module files
[13.463s] Level 1:colcon.colcon_core.environment:checking '/home/nvidia/work/device_ws/install/rslidar_msg' for CMake config files
[13.464s] Level 1:colcon.colcon_core.shell:create_environment_hook('rslidar_msg', 'cmake_prefix_path')
[13.464s] INFO:colcon.colcon_core.shell:Creating environment hook '/home/nvidia/work/device_ws/install/rslidar_msg/share/rslidar_msg/hook/cmake_prefix_path.ps1'
[13.465s] INFO:colcon.colcon_core.shell:Creating environment descriptor '/home/nvidia/work/device_ws/install/rslidar_msg/share/rslidar_msg/hook/cmake_prefix_path.dsv'
[13.465s] INFO:colcon.colcon_core.shell:Creating environment hook '/home/nvidia/work/device_ws/install/rslidar_msg/share/rslidar_msg/hook/cmake_prefix_path.sh'
[13.466s] Level 1:colcon.colcon_core.environment:checking '/home/nvidia/work/device_ws/install/rslidar_msg/lib'
[13.466s] Level 1:colcon.colcon_core.shell:create_environment_hook('rslidar_msg', 'ld_library_path_lib')
[13.467s] INFO:colcon.colcon_core.shell:Creating environment hook '/home/nvidia/work/device_ws/install/rslidar_msg/share/rslidar_msg/hook/ld_library_path_lib.ps1'
[13.467s] INFO:colcon.colcon_core.shell:Creating environment descriptor '/home/nvidia/work/device_ws/install/rslidar_msg/share/rslidar_msg/hook/ld_library_path_lib.dsv'
[13.468s] INFO:colcon.colcon_core.shell:Creating environment hook '/home/nvidia/work/device_ws/install/rslidar_msg/share/rslidar_msg/hook/ld_library_path_lib.sh'
[13.468s] Level 1:colcon.colcon_core.environment:checking '/home/nvidia/work/device_ws/install/rslidar_msg/bin'
[13.468s] Level 1:colcon.colcon_core.environment:checking '/home/nvidia/work/device_ws/install/rslidar_msg/lib/pkgconfig/rslidar_msg.pc'
[13.469s] Level 1:colcon.colcon_core.environment:checking '/home/nvidia/work/device_ws/install/rslidar_msg/lib/python3.10/site-packages'
[13.469s] Level 1:colcon.colcon_core.environment:checking '/home/nvidia/work/device_ws/install/rslidar_msg/bin'
[13.469s] INFO:colcon.colcon_core.shell:Creating package script '/home/nvidia/work/device_ws/install/rslidar_msg/share/rslidar_msg/package.ps1'
[13.470s] INFO:colcon.colcon_core.shell:Creating package descriptor '/home/nvidia/work/device_ws/install/rslidar_msg/share/rslidar_msg/package.dsv'
[13.471s] INFO:colcon.colcon_core.shell:Creating package script '/home/nvidia/work/device_ws/install/rslidar_msg/share/rslidar_msg/package.sh'
[13.472s] INFO:colcon.colcon_core.shell:Creating package script '/home/nvidia/work/device_ws/install/rslidar_msg/share/rslidar_msg/package.bash'
[13.473s] INFO:colcon.colcon_core.shell:Creating package script '/home/nvidia/work/device_ws/install/rslidar_msg/share/rslidar_msg/package.zsh'
[13.473s] Level 1:colcon.colcon_core.environment:create_file_with_runtime_dependencies(/home/nvidia/work/device_ws/install/rslidar_msg/share/colcon-core/packages/rslidar_msg)
[13.474s] INFO:colcon.colcon_ros.task.ament_cmake.build:Building ROS package in '/home/nvidia/work/device_ws/src/rslidar_sdk' with build type 'ament_cmake'
[13.474s] INFO:colcon.colcon_cmake.task.cmake.build:Building CMake package in '/home/nvidia/work/device_ws/src/rslidar_sdk'
[13.475s] INFO:colcon.colcon_core.shell:Skip shell extension 'powershell' for command environment: Not usable outside of PowerShell
[13.475s] DEBUG:colcon.colcon_core.shell:Skip shell extension 'dsv' for command environment
[13.497s] DEBUG:colcon.colcon_core.event_handler.log_command:Invoking command in '/home/nvidia/work/device_ws/build/rslidar_sdk': CMAKE_PREFIX_PATH=/home/nvidia/work/device_ws/install/rslidar_msg:/home/nvidia/work/device_ws/install/rslidar_sdk:/home/nvidia/work/device_ws/install/pe_ars408_ros:/home/nvidia/work/device_ws/install/miivii_gmsl_camera:/home/nvidia/work/device_ws/install/sync_pkg:/opt/ros/humble LD_LIBRARY_PATH=/home/nvidia/work/device_ws/install/rslidar_msg/lib:/home/nvidia/work/device_ws/install/pe_ars408_ros/lib:/home/nvidia/work/device_ws/install/miivii_gmsl_camera/lib:/opt/ros/humble/opt/rviz_ogre_vendor/lib:/opt/ros/humble/lib/aarch64-linux-gnu:/opt/ros/humble/lib:/usr/local/cuda-12.6/lib64 /usr/bin/cmake /home/nvidia/work/device_ws/src/rslidar_sdk -DCMAKE_INSTALL_PREFIX=/home/nvidia/work/device_ws/install/rslidar_sdk
[15.348s] DEBUG:colcon.colcon_core.event_handler.log_command:Invoked command in '/home/nvidia/work/device_ws/build/rslidar_sdk' returned '0': CMAKE_PREFIX_PATH=/home/nvidia/work/device_ws/install/rslidar_msg:/home/nvidia/work/device_ws/install/rslidar_sdk:/home/nvidia/work/device_ws/install/pe_ars408_ros:/home/nvidia/work/device_ws/install/miivii_gmsl_camera:/home/nvidia/work/device_ws/install/sync_pkg:/opt/ros/humble LD_LIBRARY_PATH=/home/nvidia/work/device_ws/install/rslidar_msg/lib:/home/nvidia/work/device_ws/install/pe_ars408_ros/lib:/home/nvidia/work/device_ws/install/miivii_gmsl_camera/lib:/opt/ros/humble/opt/rviz_ogre_vendor/lib:/opt/ros/humble/lib/aarch64-linux-gnu:/opt/ros/humble/lib:/usr/local/cuda-12.6/lib64 /usr/bin/cmake /home/nvidia/work/device_ws/src/rslidar_sdk -DCMAKE_INSTALL_PREFIX=/home/nvidia/work/device_ws/install/rslidar_sdk
[15.351s] DEBUG:colcon.colcon_core.event_handler.log_command:Invoking command in '/home/nvidia/work/device_ws/build/rslidar_sdk': CMAKE_PREFIX_PATH=/home/nvidia/work/device_ws/install/rslidar_msg:/home/nvidia/work/device_ws/install/rslidar_sdk:/home/nvidia/work/device_ws/install/pe_ars408_ros:/home/nvidia/work/device_ws/install/miivii_gmsl_camera:/home/nvidia/work/device_ws/install/sync_pkg:/opt/ros/humble LD_LIBRARY_PATH=/home/nvidia/work/device_ws/install/rslidar_msg/lib:/home/nvidia/work/device_ws/install/pe_ars408_ros/lib:/home/nvidia/work/device_ws/install/miivii_gmsl_camera/lib:/opt/ros/humble/opt/rviz_ogre_vendor/lib:/opt/ros/humble/lib/aarch64-linux-gnu:/opt/ros/humble/lib:/usr/local/cuda-12.6/lib64 /usr/bin/cmake --build /home/nvidia/work/device_ws/build/rslidar_sdk -- -j6 -l6
[18.869s] DEBUG:colcon.colcon_core.event_handler.log_command:Invoked command in '/home/nvidia/work/device_ws/build/ARS408_driver' returned '0': CMAKE_PREFIX_PATH=${CMAKE_PREFIX_PATH}:/home/nvidia/work/device_ws/install/sync_pkg:/opt/ros/humble /usr/bin/cmake --build /home/nvidia/work/device_ws/build/ARS408_driver -- -j6 -l6
[18.872s] DEBUG:colcon.colcon_core.event_handler.log_command:Invoking command in '/home/nvidia/work/device_ws/build/ARS408_driver': CMAKE_PREFIX_PATH=${CMAKE_PREFIX_PATH}:/home/nvidia/work/device_ws/install/sync_pkg:/opt/ros/humble /usr/bin/cmake --install /home/nvidia/work/device_ws/build/ARS408_driver
[18.900s] Level 1:colcon.colcon_core.environment:create_environment_scripts_only(ARS408_driver)
[18.901s] Level 1:colcon.colcon_core.environment:checking '/home/nvidia/work/device_ws/install/ARS408_driver' for CMake module files
[18.902s] DEBUG:colcon.colcon_core.event_handler.log_command:Invoked command in '/home/nvidia/work/device_ws/build/ARS408_driver' returned '0': CMAKE_PREFIX_PATH=${CMAKE_PREFIX_PATH}:/home/nvidia/work/device_ws/install/sync_pkg:/opt/ros/humble /usr/bin/cmake --install /home/nvidia/work/device_ws/build/ARS408_driver
[18.902s] Level 1:colcon.colcon_core.environment:checking '/home/nvidia/work/device_ws/install/ARS408_driver' for CMake config files
[18.903s] Level 1:colcon.colcon_core.shell:create_environment_hook('ARS408_driver', 'cmake_prefix_path')
[18.903s] INFO:colcon.colcon_core.shell:Creating environment hook '/home/nvidia/work/device_ws/install/ARS408_driver/share/ARS408_driver/hook/cmake_prefix_path.ps1'
[18.904s] INFO:colcon.colcon_core.shell:Creating environment descriptor '/home/nvidia/work/device_ws/install/ARS408_driver/share/ARS408_driver/hook/cmake_prefix_path.dsv'
[18.905s] INFO:colcon.colcon_core.shell:Creating environment hook '/home/nvidia/work/device_ws/install/ARS408_driver/share/ARS408_driver/hook/cmake_prefix_path.sh'
[18.907s] Level 1:colcon.colcon_core.environment:checking '/home/nvidia/work/device_ws/install/ARS408_driver/lib'
[18.907s] Level 1:colcon.colcon_core.shell:create_environment_hook('ARS408_driver', 'ld_library_path_lib')
[18.907s] INFO:colcon.colcon_core.shell:Creating environment hook '/home/nvidia/work/device_ws/install/ARS408_driver/share/ARS408_driver/hook/ld_library_path_lib.ps1'
[18.908s] INFO:colcon.colcon_core.shell:Creating environment descriptor '/home/nvidia/work/device_ws/install/ARS408_driver/share/ARS408_driver/hook/ld_library_path_lib.dsv'
[18.908s] INFO:colcon.colcon_core.shell:Creating environment hook '/home/nvidia/work/device_ws/install/ARS408_driver/share/ARS408_driver/hook/ld_library_path_lib.sh'
[18.909s] Level 1:colcon.colcon_core.environment:checking '/home/nvidia/work/device_ws/install/ARS408_driver/bin'
[18.909s] Level 1:colcon.colcon_core.environment:checking '/home/nvidia/work/device_ws/install/ARS408_driver/lib/pkgconfig/ARS408_driver.pc'
[18.910s] Level 1:colcon.colcon_core.environment:checking '/home/nvidia/work/device_ws/install/ARS408_driver/lib/python3.10/site-packages'
[18.910s] Level 1:colcon.colcon_core.environment:checking '/home/nvidia/work/device_ws/install/ARS408_driver/bin'
[18.911s] INFO:colcon.colcon_core.shell:Creating package script '/home/nvidia/work/device_ws/install/ARS408_driver/share/ARS408_driver/package.ps1'
[18.912s] INFO:colcon.colcon_core.shell:Creating package descriptor '/home/nvidia/work/device_ws/install/ARS408_driver/share/ARS408_driver/package.dsv'
[18.913s] INFO:colcon.colcon_core.shell:Creating package script '/home/nvidia/work/device_ws/install/ARS408_driver/share/ARS408_driver/package.sh'
[18.914s] INFO:colcon.colcon_core.shell:Creating package script '/home/nvidia/work/device_ws/install/ARS408_driver/share/ARS408_driver/package.bash'
[18.914s] INFO:colcon.colcon_core.shell:Creating package script '/home/nvidia/work/device_ws/install/ARS408_driver/share/ARS408_driver/package.zsh'
[18.915s] Level 1:colcon.colcon_core.environment:create_file_with_runtime_dependencies(/home/nvidia/work/device_ws/install/ARS408_driver/share/colcon-core/packages/ARS408_driver)
[18.916s] Level 1:colcon.colcon_core.environment:create_environment_scripts_only(ARS408_driver)
[18.917s] Level 1:colcon.colcon_core.environment:checking '/home/nvidia/work/device_ws/install/ARS408_driver' for CMake module files
[18.917s] Level 1:colcon.colcon_core.environment:checking '/home/nvidia/work/device_ws/install/ARS408_driver' for CMake config files
[18.918s] Level 1:colcon.colcon_core.shell:create_environment_hook('ARS408_driver', 'cmake_prefix_path')
[18.918s] INFO:colcon.colcon_core.shell:Creating environment hook '/home/nvidia/work/device_ws/install/ARS408_driver/share/ARS408_driver/hook/cmake_prefix_path.ps1'
[18.919s] INFO:colcon.colcon_core.shell:Creating environment descriptor '/home/nvidia/work/device_ws/install/ARS408_driver/share/ARS408_driver/hook/cmake_prefix_path.dsv'
[18.920s] INFO:colcon.colcon_core.shell:Creating environment hook '/home/nvidia/work/device_ws/install/ARS408_driver/share/ARS408_driver/hook/cmake_prefix_path.sh'
[18.921s] Level 1:colcon.colcon_core.environment:checking '/home/nvidia/work/device_ws/install/ARS408_driver/lib'
[18.921s] Level 1:colcon.colcon_core.shell:create_environment_hook('ARS408_driver', 'ld_library_path_lib')
[18.922s] INFO:colcon.colcon_core.shell:Creating environment hook '/home/nvidia/work/device_ws/install/ARS408_driver/share/ARS408_driver/hook/ld_library_path_lib.ps1'
[18.923s] INFO:colcon.colcon_core.shell:Creating environment descriptor '/home/nvidia/work/device_ws/install/ARS408_driver/share/ARS408_driver/hook/ld_library_path_lib.dsv'
[18.923s] INFO:colcon.colcon_core.shell:Creating environment hook '/home/nvidia/work/device_ws/install/ARS408_driver/share/ARS408_driver/hook/ld_library_path_lib.sh'
[18.924s] Level 1:colcon.colcon_core.environment:checking '/home/nvidia/work/device_ws/install/ARS408_driver/bin'
[18.924s] Level 1:colcon.colcon_core.environment:checking '/home/nvidia/work/device_ws/install/ARS408_driver/lib/pkgconfig/ARS408_driver.pc'
[18.924s] Level 1:colcon.colcon_core.environment:checking '/home/nvidia/work/device_ws/install/ARS408_driver/lib/python3.10/site-packages'
[18.925s] Level 1:colcon.colcon_core.environment:checking '/home/nvidia/work/device_ws/install/ARS408_driver/bin'
[18.925s] INFO:colcon.colcon_core.shell:Creating package script '/home/nvidia/work/device_ws/install/ARS408_driver/share/ARS408_driver/package.ps1'
[18.926s] INFO:colcon.colcon_core.shell:Creating package descriptor '/home/nvidia/work/device_ws/install/ARS408_driver/share/ARS408_driver/package.dsv'
[18.927s] INFO:colcon.colcon_core.shell:Creating package script '/home/nvidia/work/device_ws/install/ARS408_driver/share/ARS408_driver/package.sh'
[18.928s] INFO:colcon.colcon_core.shell:Creating package script '/home/nvidia/work/device_ws/install/ARS408_driver/share/ARS408_driver/package.bash'
[18.929s] INFO:colcon.colcon_core.shell:Creating package script '/home/nvidia/work/device_ws/install/ARS408_driver/share/ARS408_driver/package.zsh'
[18.930s] Level 1:colcon.colcon_core.environment:create_file_with_runtime_dependencies(/home/nvidia/work/device_ws/install/ARS408_driver/share/colcon-core/packages/ARS408_driver)
[30.850s] DEBUG:colcon.colcon_core.event_handler.log_command:Invoked command in '/home/nvidia/work/device_ws/build/miivii_gmsl_camera' returned '0': CMAKE_PREFIX_PATH=${CMAKE_PREFIX_PATH}:/home/nvidia/work/device_ws/install/sync_pkg:/opt/ros/humble /usr/bin/cmake --build /home/nvidia/work/device_ws/build/miivii_gmsl_camera -- -j6 -l6
[30.854s] DEBUG:colcon.colcon_core.event_handler.log_command:Invoking command in '/home/nvidia/work/device_ws/build/miivii_gmsl_camera': CMAKE_PREFIX_PATH=${CMAKE_PREFIX_PATH}:/home/nvidia/work/device_ws/install/sync_pkg:/opt/ros/humble /usr/bin/cmake --install /home/nvidia/work/device_ws/build/miivii_gmsl_camera
[30.990s] Level 1:colcon.colcon_core.environment:create_environment_scripts_only(miivii_gmsl_camera)
[30.991s] Level 1:colcon.colcon_core.environment:checking '/home/nvidia/work/device_ws/install/miivii_gmsl_camera' for CMake module files
[30.993s] DEBUG:colcon.colcon_core.event_handler.log_command:Invoked command in '/home/nvidia/work/device_ws/build/miivii_gmsl_camera' returned '0': CMAKE_PREFIX_PATH=${CMAKE_PREFIX_PATH}:/home/nvidia/work/device_ws/install/sync_pkg:/opt/ros/humble /usr/bin/cmake --install /home/nvidia/work/device_ws/build/miivii_gmsl_camera
[30.995s] Level 1:colcon.colcon_core.environment:checking '/home/nvidia/work/device_ws/install/miivii_gmsl_camera' for CMake config files
[30.996s] Level 1:colcon.colcon_core.shell:create_environment_hook('miivii_gmsl_camera', 'cmake_prefix_path')
[30.997s] INFO:colcon.colcon_core.shell:Creating environment hook '/home/nvidia/work/device_ws/install/miivii_gmsl_camera/share/miivii_gmsl_camera/hook/cmake_prefix_path.ps1'
[30.999s] INFO:colcon.colcon_core.shell:Creating environment descriptor '/home/nvidia/work/device_ws/install/miivii_gmsl_camera/share/miivii_gmsl_camera/hook/cmake_prefix_path.dsv'
[30.999s] INFO:colcon.colcon_core.shell:Creating environment hook '/home/nvidia/work/device_ws/install/miivii_gmsl_camera/share/miivii_gmsl_camera/hook/cmake_prefix_path.sh'
[31.000s] Level 1:colcon.colcon_core.environment:checking '/home/nvidia/work/device_ws/install/miivii_gmsl_camera/lib'
[31.001s] Level 1:colcon.colcon_core.shell:create_environment_hook('miivii_gmsl_camera', 'ld_library_path_lib')
[31.001s] INFO:colcon.colcon_core.shell:Creating environment hook '/home/nvidia/work/device_ws/install/miivii_gmsl_camera/share/miivii_gmsl_camera/hook/ld_library_path_lib.ps1'
[31.003s] INFO:colcon.colcon_core.shell:Creating environment descriptor '/home/nvidia/work/device_ws/install/miivii_gmsl_camera/share/miivii_gmsl_camera/hook/ld_library_path_lib.dsv'
[31.004s] INFO:colcon.colcon_core.shell:Creating environment hook '/home/nvidia/work/device_ws/install/miivii_gmsl_camera/share/miivii_gmsl_camera/hook/ld_library_path_lib.sh'
[31.004s] Level 1:colcon.colcon_core.environment:checking '/home/nvidia/work/device_ws/install/miivii_gmsl_camera/bin'
[31.004s] Level 1:colcon.colcon_core.environment:checking '/home/nvidia/work/device_ws/install/miivii_gmsl_camera/lib/pkgconfig/miivii_gmsl_camera.pc'
[31.005s] Level 1:colcon.colcon_core.environment:checking '/home/nvidia/work/device_ws/install/miivii_gmsl_camera/lib/python3.10/site-packages'
[31.005s] Level 1:colcon.colcon_core.environment:checking '/home/nvidia/work/device_ws/install/miivii_gmsl_camera/bin'
[31.006s] INFO:colcon.colcon_core.shell:Creating package script '/home/nvidia/work/device_ws/install/miivii_gmsl_camera/share/miivii_gmsl_camera/package.ps1'
[31.007s] INFO:colcon.colcon_core.shell:Creating package descriptor '/home/nvidia/work/device_ws/install/miivii_gmsl_camera/share/miivii_gmsl_camera/package.dsv'
[31.008s] INFO:colcon.colcon_core.shell:Creating package script '/home/nvidia/work/device_ws/install/miivii_gmsl_camera/share/miivii_gmsl_camera/package.sh'
[31.010s] INFO:colcon.colcon_core.shell:Creating package script '/home/nvidia/work/device_ws/install/miivii_gmsl_camera/share/miivii_gmsl_camera/package.bash'
[31.011s] INFO:colcon.colcon_core.shell:Creating package script '/home/nvidia/work/device_ws/install/miivii_gmsl_camera/share/miivii_gmsl_camera/package.zsh'
[31.013s] Level 1:colcon.colcon_core.environment:create_file_with_runtime_dependencies(/home/nvidia/work/device_ws/install/miivii_gmsl_camera/share/colcon-core/packages/miivii_gmsl_camera)
[31.016s] Level 1:colcon.colcon_core.environment:create_environment_scripts_only(miivii_gmsl_camera)
[31.016s] Level 1:colcon.colcon_core.environment:checking '/home/nvidia/work/device_ws/install/miivii_gmsl_camera' for CMake module files
[31.017s] Level 1:colcon.colcon_core.environment:checking '/home/nvidia/work/device_ws/install/miivii_gmsl_camera' for CMake config files
[31.018s] Level 1:colcon.colcon_core.shell:create_environment_hook('miivii_gmsl_camera', 'cmake_prefix_path')
[31.018s] INFO:colcon.colcon_core.shell:Creating environment hook '/home/nvidia/work/device_ws/install/miivii_gmsl_camera/share/miivii_gmsl_camera/hook/cmake_prefix_path.ps1'
[31.019s] INFO:colcon.colcon_core.shell:Creating environment descriptor '/home/nvidia/work/device_ws/install/miivii_gmsl_camera/share/miivii_gmsl_camera/hook/cmake_prefix_path.dsv'
[31.020s] INFO:colcon.colcon_core.shell:Creating environment hook '/home/nvidia/work/device_ws/install/miivii_gmsl_camera/share/miivii_gmsl_camera/hook/cmake_prefix_path.sh'
[31.021s] Level 1:colcon.colcon_core.environment:checking '/home/nvidia/work/device_ws/install/miivii_gmsl_camera/lib'
[31.021s] Level 1:colcon.colcon_core.shell:create_environment_hook('miivii_gmsl_camera', 'ld_library_path_lib')
[31.021s] INFO:colcon.colcon_core.shell:Creating environment hook '/home/nvidia/work/device_ws/install/miivii_gmsl_camera/share/miivii_gmsl_camera/hook/ld_library_path_lib.ps1'
[31.022s] INFO:colcon.colcon_core.shell:Creating environment descriptor '/home/nvidia/work/device_ws/install/miivii_gmsl_camera/share/miivii_gmsl_camera/hook/ld_library_path_lib.dsv'
[31.023s] INFO:colcon.colcon_core.shell:Creating environment hook '/home/nvidia/work/device_ws/install/miivii_gmsl_camera/share/miivii_gmsl_camera/hook/ld_library_path_lib.sh'
[31.023s] Level 1:colcon.colcon_core.environment:checking '/home/nvidia/work/device_ws/install/miivii_gmsl_camera/bin'
[31.023s] Level 1:colcon.colcon_core.environment:checking '/home/nvidia/work/device_ws/install/miivii_gmsl_camera/lib/pkgconfig/miivii_gmsl_camera.pc'
[31.024s] Level 1:colcon.colcon_core.environment:checking '/home/nvidia/work/device_ws/install/miivii_gmsl_camera/lib/python3.10/site-packages'
[31.024s] Level 1:colcon.colcon_core.environment:checking '/home/nvidia/work/device_ws/install/miivii_gmsl_camera/bin'
[31.024s] INFO:colcon.colcon_core.shell:Creating package script '/home/nvidia/work/device_ws/install/miivii_gmsl_camera/share/miivii_gmsl_camera/package.ps1'
[31.025s] INFO:colcon.colcon_core.shell:Creating package descriptor '/home/nvidia/work/device_ws/install/miivii_gmsl_camera/share/miivii_gmsl_camera/package.dsv'
[31.026s] INFO:colcon.colcon_core.shell:Creating package script '/home/nvidia/work/device_ws/install/miivii_gmsl_camera/share/miivii_gmsl_camera/package.sh'
[31.027s] INFO:colcon.colcon_core.shell:Creating package script '/home/nvidia/work/device_ws/install/miivii_gmsl_camera/share/miivii_gmsl_camera/package.bash'
[31.028s] INFO:colcon.colcon_core.shell:Creating package script '/home/nvidia/work/device_ws/install/miivii_gmsl_camera/share/miivii_gmsl_camera/package.zsh'
[31.028s] Level 1:colcon.colcon_core.environment:create_file_with_runtime_dependencies(/home/nvidia/work/device_ws/install/miivii_gmsl_camera/share/colcon-core/packages/miivii_gmsl_camera)
[58.478s] DEBUG:colcon.colcon_core.event_handler.log_command:Invoked command in '/home/nvidia/work/device_ws/build/rslidar_sdk' returned '0': CMAKE_PREFIX_PATH=/home/nvidia/work/device_ws/install/rslidar_msg:/home/nvidia/work/device_ws/install/rslidar_sdk:/home/nvidia/work/device_ws/install/pe_ars408_ros:/home/nvidia/work/device_ws/install/miivii_gmsl_camera:/home/nvidia/work/device_ws/install/sync_pkg:/opt/ros/humble LD_LIBRARY_PATH=/home/nvidia/work/device_ws/install/rslidar_msg/lib:/home/nvidia/work/device_ws/install/pe_ars408_ros/lib:/home/nvidia/work/device_ws/install/miivii_gmsl_camera/lib:/opt/ros/humble/opt/rviz_ogre_vendor/lib:/opt/ros/humble/lib/aarch64-linux-gnu:/opt/ros/humble/lib:/usr/local/cuda-12.6/lib64 /usr/bin/cmake --build /home/nvidia/work/device_ws/build/rslidar_sdk -- -j6 -l6
[58.483s] DEBUG:colcon.colcon_core.event_handler.log_command:Invoking command in '/home/nvidia/work/device_ws/build/rslidar_sdk': CMAKE_PREFIX_PATH=/home/nvidia/work/device_ws/install/rslidar_msg:/home/nvidia/work/device_ws/install/rslidar_sdk:/home/nvidia/work/device_ws/install/pe_ars408_ros:/home/nvidia/work/device_ws/install/miivii_gmsl_camera:/home/nvidia/work/device_ws/install/sync_pkg:/opt/ros/humble LD_LIBRARY_PATH=/home/nvidia/work/device_ws/install/rslidar_msg/lib:/home/nvidia/work/device_ws/install/pe_ars408_ros/lib:/home/nvidia/work/device_ws/install/miivii_gmsl_camera/lib:/opt/ros/humble/opt/rviz_ogre_vendor/lib:/opt/ros/humble/lib/aarch64-linux-gnu:/opt/ros/humble/lib:/usr/local/cuda-12.6/lib64 /usr/bin/cmake --install /home/nvidia/work/device_ws/build/rslidar_sdk
[58.509s] Level 1:colcon.colcon_core.environment:create_environment_scripts_only(rslidar_sdk)
[58.510s] Level 1:colcon.colcon_core.environment:checking '/home/nvidia/work/device_ws/install/rslidar_sdk' for CMake module files
[58.512s] DEBUG:colcon.colcon_core.event_handler.log_command:Invoked command in '/home/nvidia/work/device_ws/build/rslidar_sdk' returned '0': CMAKE_PREFIX_PATH=/home/nvidia/work/device_ws/install/rslidar_msg:/home/nvidia/work/device_ws/install/rslidar_sdk:/home/nvidia/work/device_ws/install/pe_ars408_ros:/home/nvidia/work/device_ws/install/miivii_gmsl_camera:/home/nvidia/work/device_ws/install/sync_pkg:/opt/ros/humble LD_LIBRARY_PATH=/home/nvidia/work/device_ws/install/rslidar_msg/lib:/home/nvidia/work/device_ws/install/pe_ars408_ros/lib:/home/nvidia/work/device_ws/install/miivii_gmsl_camera/lib:/opt/ros/humble/opt/rviz_ogre_vendor/lib:/opt/ros/humble/lib/aarch64-linux-gnu:/opt/ros/humble/lib:/usr/local/cuda-12.6/lib64 /usr/bin/cmake --install /home/nvidia/work/device_ws/build/rslidar_sdk
[58.513s] Level 1:colcon.colcon_core.environment:checking '/home/nvidia/work/device_ws/install/rslidar_sdk' for CMake config files
[58.514s] Level 1:colcon.colcon_core.shell:create_environment_hook('rslidar_sdk', 'cmake_prefix_path')
[58.515s] INFO:colcon.colcon_core.shell:Creating environment hook '/home/nvidia/work/device_ws/install/rslidar_sdk/share/rslidar_sdk/hook/cmake_prefix_path.ps1'
[58.517s] INFO:colcon.colcon_core.shell:Creating environment descriptor '/home/nvidia/work/device_ws/install/rslidar_sdk/share/rslidar_sdk/hook/cmake_prefix_path.dsv'
[58.518s] INFO:colcon.colcon_core.shell:Creating environment hook '/home/nvidia/work/device_ws/install/rslidar_sdk/share/rslidar_sdk/hook/cmake_prefix_path.sh'
[58.520s] Level 1:colcon.colcon_core.environment:checking '/home/nvidia/work/device_ws/install/rslidar_sdk/lib'
[58.520s] Level 1:colcon.colcon_core.environment:checking '/home/nvidia/work/device_ws/install/rslidar_sdk/bin'
[58.520s] Level 1:colcon.colcon_core.environment:checking '/home/nvidia/work/device_ws/install/rslidar_sdk/lib/pkgconfig/rslidar_sdk.pc'
[58.521s] Level 1:colcon.colcon_core.environment:checking '/home/nvidia/work/device_ws/install/rslidar_sdk/lib/python3.10/site-packages'
[58.522s] Level 1:colcon.colcon_core.environment:checking '/home/nvidia/work/device_ws/install/rslidar_sdk/bin'
[58.523s] INFO:colcon.colcon_core.shell:Creating package script '/home/nvidia/work/device_ws/install/rslidar_sdk/share/rslidar_sdk/package.ps1'
[58.524s] INFO:colcon.colcon_core.shell:Creating package descriptor '/home/nvidia/work/device_ws/install/rslidar_sdk/share/rslidar_sdk/package.dsv'
[58.526s] INFO:colcon.colcon_core.shell:Creating package script '/home/nvidia/work/device_ws/install/rslidar_sdk/share/rslidar_sdk/package.sh'
[58.527s] INFO:colcon.colcon_core.shell:Creating package script '/home/nvidia/work/device_ws/install/rslidar_sdk/share/rslidar_sdk/package.bash'
[58.529s] INFO:colcon.colcon_core.shell:Creating package script '/home/nvidia/work/device_ws/install/rslidar_sdk/share/rslidar_sdk/package.zsh'
[58.530s] Level 1:colcon.colcon_core.environment:create_file_with_runtime_dependencies(/home/nvidia/work/device_ws/install/rslidar_sdk/share/colcon-core/packages/rslidar_sdk)
[58.532s] Level 1:colcon.colcon_core.environment:create_environment_scripts_only(rslidar_sdk)
[58.533s] Level 1:colcon.colcon_core.environment:checking '/home/nvidia/work/device_ws/install/rslidar_sdk' for CMake module files
[58.535s] Level 1:colcon.colcon_core.environment:checking '/home/nvidia/work/device_ws/install/rslidar_sdk' for CMake config files
[58.536s] Level 1:colcon.colcon_core.shell:create_environment_hook('rslidar_sdk', 'cmake_prefix_path')
[58.536s] INFO:colcon.colcon_core.shell:Creating environment hook '/home/nvidia/work/device_ws/install/rslidar_sdk/share/rslidar_sdk/hook/cmake_prefix_path.ps1'
[58.538s] INFO:colcon.colcon_core.shell:Creating environment descriptor '/home/nvidia/work/device_ws/install/rslidar_sdk/share/rslidar_sdk/hook/cmake_prefix_path.dsv'
[58.539s] INFO:colcon.colcon_core.shell:Creating environment hook '/home/nvidia/work/device_ws/install/rslidar_sdk/share/rslidar_sdk/hook/cmake_prefix_path.sh'
[58.540s] Level 1:colcon.colcon_core.environment:checking '/home/nvidia/work/device_ws/install/rslidar_sdk/lib'
[58.540s] Level 1:colcon.colcon_core.environment:checking '/home/nvidia/work/device_ws/install/rslidar_sdk/bin'
[58.540s] Level 1:colcon.colcon_core.environment:checking '/home/nvidia/work/device_ws/install/rslidar_sdk/lib/pkgconfig/rslidar_sdk.pc'
[58.540s] Level 1:colcon.colcon_core.environment:checking '/home/nvidia/work/device_ws/install/rslidar_sdk/lib/python3.10/site-packages'
[58.541s] Level 1:colcon.colcon_core.environment:checking '/home/nvidia/work/device_ws/install/rslidar_sdk/bin'
[58.542s] INFO:colcon.colcon_core.shell:Creating package script '/home/nvidia/work/device_ws/install/rslidar_sdk/share/rslidar_sdk/package.ps1'
[58.543s] INFO:colcon.colcon_core.shell:Creating package descriptor '/home/nvidia/work/device_ws/install/rslidar_sdk/share/rslidar_sdk/package.dsv'
[58.544s] INFO:colcon.colcon_core.shell:Creating package script '/home/nvidia/work/device_ws/install/rslidar_sdk/share/rslidar_sdk/package.sh'
[58.545s] INFO:colcon.colcon_core.shell:Creating package script '/home/nvidia/work/device_ws/install/rslidar_sdk/share/rslidar_sdk/package.bash'
[58.546s] INFO:colcon.colcon_core.shell:Creating package script '/home/nvidia/work/device_ws/install/rslidar_sdk/share/rslidar_sdk/package.zsh'
[58.547s] Level 1:colcon.colcon_core.environment:create_file_with_runtime_dependencies(/home/nvidia/work/device_ws/install/rslidar_sdk/share/colcon-core/packages/rslidar_sdk)
[58.548s] DEBUG:colcon.colcon_parallel_executor.executor.parallel:closing loop
[58.549s] DEBUG:colcon.colcon_parallel_executor.executor.parallel:loop closed
[58.550s] DEBUG:colcon.colcon_parallel_executor.executor.parallel:run_until_complete finished with '0'
[58.550s] DEBUG:colcon.colcon_core.event_reactor:joining thread
[58.568s] INFO:colcon.colcon_core.plugin_system:Skipping extension 'colcon_notification.desktop_notification.terminal_notifier': Not used on non-Darwin systems
[58.568s] INFO:colcon.colcon_core.plugin_system:Skipping extension 'colcon_notification.desktop_notification.win32': Not used on non-Windows systems
[58.569s] INFO:colcon.colcon_notification.desktop_notification:Sending desktop notification using 'notify2'
[58.610s] DEBUG:colcon.colcon_core.event_reactor:joined thread
[58.610s] INFO:colcon.colcon_core.shell:Creating prefix script '/home/nvidia/work/device_ws/install/local_setup.ps1'
[58.612s] INFO:colcon.colcon_core.shell:Creating prefix util module '/home/nvidia/work/device_ws/install/_local_setup_util_ps1.py'
[58.617s] INFO:colcon.colcon_core.shell:Creating prefix chain script '/home/nvidia/work/device_ws/install/setup.ps1'
[58.619s] INFO:colcon.colcon_core.shell:Creating prefix script '/home/nvidia/work/device_ws/install/local_setup.sh'
[58.622s] INFO:colcon.colcon_core.shell:Creating prefix util module '/home/nvidia/work/device_ws/install/_local_setup_util_sh.py'
[58.624s] INFO:colcon.colcon_core.shell:Creating prefix chain script '/home/nvidia/work/device_ws/install/setup.sh'
[58.628s] INFO:colcon.colcon_core.shell:Creating prefix script '/home/nvidia/work/device_ws/install/local_setup.bash'
[58.630s] INFO:colcon.colcon_core.shell:Creating prefix chain script '/home/nvidia/work/device_ws/install/setup.bash'
[58.634s] INFO:colcon.colcon_core.shell:Creating prefix script '/home/nvidia/work/device_ws/install/local_setup.zsh'
[58.635s] INFO:colcon.colcon_core.shell:Creating prefix chain script '/home/nvidia/work/device_ws/install/setup.zsh'
